#
# A fatal error has been detected by the Java Runtime Environment:
#
#  Internal Error (/home/t/Projects/error-transformation-vm/hotspot/src/share/vm/interpreter/interpreterRuntime.cpp:397), pid=14991, tid=140539082893056
#  assert(Klass::cast(h_exception->klass())->name() == vmSymbols::java_lang_reflect_InvocationTargetException() || rrs->last_checked_exception() == h_exception()) failed: sanity check
#
# JRE version: Java(TM) SE Runtime Environment (7.0_65-b17) (build 1.7.0_65-b17)
# Java VM: OpenJDK 64-Bit Server VM (24.60-b08-internal-fastdebug mixed mode linux-amd64 compressed oops)
# Failed to write core dump. Core dumps have been disabled. To enable core dumping, try "ulimit -c unlimited" before starting Java again
#
# If you would like to submit a bug report, please visit:
#   http://bugreport.sun.com/bugreport/crash.jsp
#

---------------  T H R E A D  ---------------

Current thread (0x00007fd194001000):  JavaThread "http-8080-1" daemon [_thread_in_vm, id=15029, stack(0x00007fd1ce0ce000,0x00007fd1ce1cf000)]

Stack: [0x00007fd1ce0ce000,0x00007fd1ce1cf000],  sp=0x00007fd1ce1cce30,  free space=1019k
Native frames: (J=compiled Java code, j=interpreted, Vv=VM code, C=native code)
V  [libjvm.so+0xe25808]  VMError::report_and_die()+0x178
V  [libjvm.so+0x6af97b]  report_vm_error(char const*, int, char const*, char const*)+0x7b
V  [libjvm.so+0x8b751f]  InterpreterRuntime::recovery_handler_for_exception(JavaThread*, oopDesc*)+0x37f
j  org.apache.catalina.realm.JDBCRealm.getPassword(Ljava/lang/String;)Ljava/lang/String;+214
j  org.apache.catalina.realm.JDBCRealm.authenticate(Ljava/sql/Connection;Ljava/lang/String;Ljava/lang/String;)Ljava/security/Principal;+8
j  org.apache.catalina.realm.JDBCRealm.authenticate(Ljava/lang/String;Ljava/lang/String;)Ljava/security/Principal;+18
j  org.apache.catalina.authenticator.BasicAuthenticator.authenticate(Lorg/apache/catalina/connector/Request;Lorg/apache/catalina/connector/Response;Lorg/apache/catalina/deploy/LoginConfig;)Z+326
j  org.apache.catalina.authenticator.AuthenticatorBase.invoke(Lorg/apache/catalina/connector/Request;Lorg/apache/catalina/connector/Response;)V+559
j  org.apache.catalina.core.StandardHostValve.invoke(Lorg/apache/catalina/connector/Request;Lorg/apache/catalina/connector/Response;)V+64
j  org.apache.catalina.valves.ErrorReportValve.invoke(Lorg/apache/catalina/connector/Request;Lorg/apache/catalina/connector/Response;)V+6
j  org.apache.catalina.core.StandardEngineValve.invoke(Lorg/apache/catalina/connector/Request;Lorg/apache/catalina/connector/Response;)V+42
j  org.apache.catalina.connector.CoyoteAdapter.service(Lorg/apache/coyote/Request;Lorg/apache/coyote/Response;)V+157
j  org.apache.coyote.http11.Http11Processor.process(Ljava/net/Socket;)V+432
j  org.apache.coyote.http11.Http11Protocol$Http11ConnectionHandler.process(Ljava/net/Socket;)Z+82
j  org.apache.tomcat.util.net.JIoEndpoint$Worker.run()V+41
j  java.lang.Thread.run()V+11
v  ~StubRoutines::call_stub
V  [libjvm.so+0x8c8bca]  JavaCalls::call_helper(JavaValue*, methodHandle*, JavaCallArguments*, Thread*)+0x6ca
V  [libjvm.so+0x8c8fa0]  JavaCalls::call_virtual(JavaValue*, Handle, KlassHandle, Symbol*, Symbol*, Thread*)+0x340
V  [libjvm.so+0x951bc0]  thread_entry(JavaThread*, Thread*)+0x100
V  [libjvm.so+0xdb49dc]  JavaThread::thread_main_inner()+0x18c
V  [libjvm.so+0xdb4ccf]  JavaThread::run()+0x2bf
V  [libjvm.so+0xbb40e2]  java_start(Thread*)+0xf2

Java frames: (J=compiled Java code, j=interpreted, Vv=VM code)
j  org.apache.catalina.realm.JDBCRealm.getPassword(Ljava/lang/String;)Ljava/lang/String;+214
j  org.apache.catalina.realm.JDBCRealm.authenticate(Ljava/sql/Connection;Ljava/lang/String;Ljava/lang/String;)Ljava/security/Principal;+8
j  org.apache.catalina.realm.JDBCRealm.authenticate(Ljava/lang/String;Ljava/lang/String;)Ljava/security/Principal;+18
j  org.apache.catalina.authenticator.BasicAuthenticator.authenticate(Lorg/apache/catalina/connector/Request;Lorg/apache/catalina/connector/Response;Lorg/apache/catalina/deploy/LoginConfig;)Z+326
j  org.apache.catalina.authenticator.AuthenticatorBase.invoke(Lorg/apache/catalina/connector/Request;Lorg/apache/catalina/connector/Response;)V+559
j  org.apache.catalina.core.StandardHostValve.invoke(Lorg/apache/catalina/connector/Request;Lorg/apache/catalina/connector/Response;)V+64
j  org.apache.catalina.valves.ErrorReportValve.invoke(Lorg/apache/catalina/connector/Request;Lorg/apache/catalina/connector/Response;)V+6
j  org.apache.catalina.core.StandardEngineValve.invoke(Lorg/apache/catalina/connector/Request;Lorg/apache/catalina/connector/Response;)V+42
j  org.apache.catalina.connector.CoyoteAdapter.service(Lorg/apache/coyote/Request;Lorg/apache/coyote/Response;)V+157
j  org.apache.coyote.http11.Http11Processor.process(Ljava/net/Socket;)V+432
j  org.apache.coyote.http11.Http11Protocol$Http11ConnectionHandler.process(Ljava/net/Socket;)Z+82
j  org.apache.tomcat.util.net.JIoEndpoint$Worker.run()V+41
j  java.lang.Thread.run()V+11
v  ~StubRoutines::call_stub

---------------  P R O C E S S  ---------------

Java Threads: ( => current thread )
=>0x00007fd194001000 JavaThread "http-8080-1" daemon [_thread_in_vm, id=15029, stack(0x00007fd1ce0ce000,0x00007fd1ce1cf000)]
  0x00007fd1d8576000 JavaThread "TP-Monitor" daemon [_thread_blocked, id=15028, stack(0x00007fd1ce1cf000,0x00007fd1ce2d0000)]
  0x00007fd1d8573800 JavaThread "TP-Processor4" daemon [_thread_in_native, id=15027, stack(0x00007fd1ce2d0000,0x00007fd1ce3d1000)]
  0x00007fd1d876d800 JavaThread "TP-Processor3" daemon [_thread_blocked, id=15026, stack(0x00007fd1ce3d1000,0x00007fd1ce4d2000)]
  0x00007fd1d876c000 JavaThread "TP-Processor2" daemon [_thread_blocked, id=15025, stack(0x00007fd1ce4d2000,0x00007fd1ce5d3000)]
  0x00007fd1d8280800 JavaThread "TP-Processor1" daemon [_thread_blocked, id=15024, stack(0x00007fd1ce5d3000,0x00007fd1ce6d4000)]
  0x00007fd1d81b4800 JavaThread "http-8080-Acceptor-0" daemon [_thread_in_native, id=15023, stack(0x00007fd1ce6d4000,0x00007fd1ce7d5000)]
  0x00007fd1d89b5800 JavaThread "ContainerBackgroundProcessor[StandardEngine[Catalina]]" daemon [_thread_blocked, id=15022, stack(0x00007fd1ce7d5000,0x00007fd1ce8d6000)]
  0x00007fd1d8465800 JavaThread "Abandoned connection cleanup thread" daemon [_thread_blocked, id=15017, stack(0x00007fd1ce8de000,0x00007fd1ce9df000)]
  0x00007fd1d8123800 JavaThread "Service Thread" daemon [_thread_blocked, id=15015, stack(0x00007fd1cef67000,0x00007fd1cf068000)]
  0x00007fd1d8120800 JavaThread "C2 CompilerThread1" daemon [_thread_blocked, id=15014, stack(0x00007fd1cf068000,0x00007fd1cf169000)]
  0x00007fd1d811d000 JavaThread "C2 CompilerThread0" daemon [_thread_blocked, id=15013, stack(0x00007fd1cf169000,0x00007fd1cf26a000)]
  0x00007fd1d811a800 JavaThread "Signal Dispatcher" daemon [_thread_blocked, id=15012, stack(0x00007fd1cf26a000,0x00007fd1cf36b000)]
  0x00007fd1d80b4000 JavaThread "Finalizer" daemon [_thread_blocked, id=15011, stack(0x00007fd1cf7d7000,0x00007fd1cf8d8000)]
  0x00007fd1d80b1800 JavaThread "Reference Handler" daemon [_thread_blocked, id=15010, stack(0x00007fd1cf8d8000,0x00007fd1cf9d9000)]
  0x00007fd1d800d800 JavaThread "main" [_thread_in_native, id=15004, stack(0x00007fd1e1bf2000,0x00007fd1e1cf3000)]

Other Threads:
  0x00007fd1d80a8800 VMThread [stack: 0x00007fd1cf9d9000,0x00007fd1cfada000] [id=15009]
  0x00007fd1d8127000 WatcherThread [stack: 0x00007fd1cee66000,0x00007fd1cef67000] [id=15016]

VM state:not at safepoint (normal execution)

VM Mutex/Monitor currently owned by a thread: None

Heap
 PSYoungGen      total 64000K, used 16400K [0x00000000ec000000, 0x00000000f0100000, 0x0000000100000000)
  eden space 61440K, 22% used [0x00000000ec000000,0x00000000ecd88188,0x00000000efc00000)
  from space 2560K, 99% used [0x00000000efe80000,0x00000000f00fc030,0x00000000f0100000)
  to   space 2560K, 0% used [0x00000000efc00000,0x00000000efc00000,0x00000000efe80000)
 ParOldGen       total 40960K, used 18269K [0x00000000c4000000, 0x00000000c6800000, 0x00000000ec000000)
  object space 40960K, 44% used [0x00000000c4000000,0x00000000c51d75e8,0x00000000c6800000)
 PSPermGen       total 21504K, used 16596K [0x00000000bee00000, 0x00000000c0300000, 0x00000000c4000000)
  object space 21504K, 77% used [0x00000000bee00000,0x00000000bfe35218,0x00000000c0300000)

Card table byte_map: [0x00007fd1de67e000,0x00007fd1de888000] byte_map_base: 0x00007fd1de087000

Polling page: 0x00007fd1e1d16000

Code Cache  [0x00007fd1d5000000, 0x00007fd1d5270000, 0x00007fd1d8000000)
 total_blobs=632 nmethods=302 adapters=289 free_code_cache=46765Kb largest_free_block=47852416

Compilation events (10 events):
Event: 6.486 Thread 0x00007fd1d8120800  305             gov.nasa.jpf.util.IntTable$Entry::<init> (20 bytes)
Event: 6.488 Thread 0x00007fd1d8120800 nmethod 305 0x00007fd1d5253c10 code [0x00007fd1d5253d80, 0x00007fd1d5253ef8]
Event: 6.489 Thread 0x00007fd1d8120800  306             gov.nasa.jpf.util.IntTable::restore (134 bytes)
Event: 6.512 Thread 0x00007fd1d8120800 nmethod 306 0x00007fd1d52522d0 code [0x00007fd1d52524c0, 0x00007fd1d5252b28]
Event: 6.512 Thread 0x00007fd1d8120800  307             gov.nasa.jpf.vm.StaticElementInfo::markStaticRoot (74 bytes)
Event: 6.520 Thread 0x00007fd1d811d000 nmethod 300 0x00007fd1d5259010 code [0x00007fd1d5259320, 0x00007fd1d525a040]
Event: 6.520 Thread 0x00007fd1d811d000  308             java.util.Formatter$Flags::valueOf (5 bytes)
Event: 6.521 Thread 0x00007fd1d811d000 nmethod 308 0x00007fd1d52520d0 code [0x00007fd1d5252200, 0x00007fd1d5252258]
Event: 6.533 Thread 0x00007fd1d811d000  309             gov.nasa.jpf.vm.ClassInfo::getStaticField (7 bytes)
Event: 6.535 Thread 0x00007fd1d811d000 nmethod 309 0x00007fd1d5251d90 code [0x00007fd1d5251ee0, 0x00007fd1d5251ff8]

GC Heap History (8 events):
Event: 1.505 GC heap before
{Heap before GC invocations=1 (full 0):
 PSYoungGen      total 17920K, used 15360K [0x00000000ec000000, 0x00000000ed400000, 0x0000000100000000)
  eden space 15360K, 100% used [0x00000000ec000000,0x00000000ecf00000,0x00000000ecf00000)
  from space 2560K, 0% used [0x00000000ed180000,0x00000000ed180000,0x00000000ed400000)
  to   space 2560K, 0% used [0x00000000ecf00000,0x00000000ecf00000,0x00000000ed180000)
 ParOldGen       total 40960K, used 0K [0x00000000c4000000, 0x00000000c6800000, 0x00000000ec000000)
  object space 40960K, 0% used [0x00000000c4000000,0x00000000c4000000,0x00000000c6800000)
 PSPermGen       total 21504K, used 7384K [0x00000000bee00000, 0x00000000c0300000, 0x00000000c4000000)
  object space 21504K, 34% used [0x00000000bee00000,0x00000000bf536138,0x00000000c0300000)
Event: 1.534 GC heap after
Heap after GC invocations=1 (full 0):
 PSYoungGen      total 17920K, used 2541K [0x00000000ec000000, 0x00000000ee300000, 0x0000000100000000)
  eden space 15360K, 0% used [0x00000000ec000000,0x00000000ec000000,0x00000000ecf00000)
  from space 2560K, 99% used [0x00000000ecf00000,0x00000000ed17b648,0x00000000ed180000)
  to   space 2560K, 0% used [0x00000000ee080000,0x00000000ee080000,0x00000000ee300000)
 ParOldGen       total 40960K, used 547K [0x00000000c4000000, 0x00000000c6800000, 0x00000000ec000000)
  object space 40960K, 1% used [0x00000000c4000000,0x00000000c4088f90,0x00000000c6800000)
 PSPermGen       total 21504K, used 7384K [0x00000000bee00000, 0x00000000c0300000, 0x00000000c4000000)
  object space 21504K, 34% used [0x00000000bee00000,0x00000000bf536138,0x00000000c0300000)
}
Event: 2.683 GC heap before
{Heap before GC invocations=2 (full 0):
 PSYoungGen      total 17920K, used 17901K [0x00000000ec000000, 0x00000000ee300000, 0x0000000100000000)
  eden space 15360K, 100% used [0x00000000ec000000,0x00000000ecf00000,0x00000000ecf00000)
  from space 2560K, 99% used [0x00000000ecf00000,0x00000000ed17b648,0x00000000ed180000)
  to   space 2560K, 0% used [0x00000000ee080000,0x00000000ee080000,0x00000000ee300000)
 ParOldGen       total 40960K, used 547K [0x00000000c4000000, 0x00000000c6800000, 0x00000000ec000000)
  object space 40960K, 1% used [0x00000000c4000000,0x00000000c4088f90,0x00000000c6800000)
 PSPermGen       total 21504K, used 12302K [0x00000000bee00000, 0x00000000c0300000, 0x00000000c4000000)
  object space 21504K, 57% used [0x00000000bee00000,0x00000000bfa03bc0,0x00000000c0300000)
Event: 2.719 GC heap after
Heap after GC invocations=2 (full 0):
 PSYoungGen      total 33280K, used 2528K [0x00000000ec000000, 0x00000000ee300000, 0x0000000100000000)
  eden space 30720K, 0% used [0x00000000ec000000,0x00000000ec000000,0x00000000ede00000)
  from space 2560K, 98% used [0x00000000ee080000,0x00000000ee2f8050,0x00000000ee300000)
  to   space 2560K, 0% used [0x00000000ede00000,0x00000000ede00000,0x00000000ee080000)
 ParOldGen       total 40960K, used 4943K [0x00000000c4000000, 0x00000000c6800000, 0x00000000ec000000)
  object space 40960K, 12% used [0x00000000c4000000,0x00000000c44d3f50,0x00000000c6800000)
 PSPermGen       total 21504K, used 12302K [0x00000000bee00000, 0x00000000c0300000, 0x00000000c4000000)
  object space 21504K, 57% used [0x00000000bee00000,0x00000000bfa03bc0,0x00000000c0300000)
}
Event: 4.622 GC heap before
{Heap before GC invocations=3 (full 0):
 PSYoungGen      total 33280K, used 33248K [0x00000000ec000000, 0x00000000ee300000, 0x0000000100000000)
  eden space 30720K, 100% used [0x00000000ec000000,0x00000000ede00000,0x00000000ede00000)
  from space 2560K, 98% used [0x00000000ee080000,0x00000000ee2f8050,0x00000000ee300000)
  to   space 2560K, 0% used [0x00000000ede00000,0x00000000ede00000,0x00000000ee080000)
 ParOldGen       total 40960K, used 4943K [0x00000000c4000000, 0x00000000c6800000, 0x00000000ec000000)
  object space 40960K, 12% used [0x00000000c4000000,0x00000000c44d3f50,0x00000000c6800000)
 PSPermGen       total 21504K, used 15479K [0x00000000bee00000, 0x00000000c0300000, 0x00000000c4000000)
  object space 21504K, 71% used [0x00000000bee00000,0x00000000bfd1dde8,0x00000000c0300000)
Event: 4.685 GC heap after
Heap after GC invocations=3 (full 0):
 PSYoungGen      total 33280K, used 2544K [0x00000000ec000000, 0x00000000f0100000, 0x0000000100000000)
  eden space 30720K, 0% used [0x00000000ec000000,0x00000000ec000000,0x00000000ede00000)
  from space 2560K, 99% used [0x00000000ede00000,0x00000000ee07c030,0x00000000ee080000)
  to   space 2560K, 0% used [0x00000000efe80000,0x00000000efe80000,0x00000000f0100000)
 ParOldGen       total 40960K, used 14383K [0x00000000c4000000, 0x00000000c6800000, 0x00000000ec000000)
  object space 40960K, 35% used [0x00000000c4000000,0x00000000c4e0bd80,0x00000000c6800000)
 PSPermGen       total 21504K, used 15479K [0x00000000bee00000, 0x00000000c0300000, 0x00000000c4000000)
  object space 21504K, 71% used [0x00000000bee00000,0x00000000bfd1dde8,0x00000000c0300000)
}
Event: 6.133 GC heap before
{Heap before GC invocations=4 (full 0):
 PSYoungGen      total 33280K, used 33264K [0x00000000ec000000, 0x00000000f0100000, 0x0000000100000000)
  eden space 30720K, 100% used [0x00000000ec000000,0x00000000ede00000,0x00000000ede00000)
  from space 2560K, 99% used [0x00000000ede00000,0x00000000ee07c030,0x00000000ee080000)
  to   space 2560K, 0% used [0x00000000efe80000,0x00000000efe80000,0x00000000f0100000)
 ParOldGen       total 40960K, used 14383K [0x00000000c4000000, 0x00000000c6800000, 0x00000000ec000000)
  object space 40960K, 35% used [0x00000000c4000000,0x00000000c4e0bd80,0x00000000c6800000)
 PSPermGen       total 21504K, used 16474K [0x00000000bee00000, 0x00000000c0300000, 0x00000000c4000000)
  object space 21504K, 76% used [0x00000000bee00000,0x00000000bfe16888,0x00000000c0300000)
Event: 6.178 GC heap after
Heap after GC invocations=4 (full 0):
 PSYoungGen      total 64000K, used 2544K [0x00000000ec000000, 0x00000000f0100000, 0x0000000100000000)
  eden space 61440K, 0% used [0x00000000ec000000,0x00000000ec000000,0x00000000efc00000)
  from space 2560K, 99% used [0x00000000efe80000,0x00000000f00fc030,0x00000000f0100000)
  to   space 2560K, 0% used [0x00000000efc00000,0x00000000efc00000,0x00000000efe80000)
 ParOldGen       total 40960K, used 18269K [0x00000000c4000000, 0x00000000c6800000, 0x00000000ec000000)
  object space 40960K, 44% used [0x00000000c4000000,0x00000000c51d75e8,0x00000000c6800000)
 PSPermGen       total 21504K, used 16474K [0x00000000bee00000, 0x00000000c0300000, 0x00000000c4000000)
  object space 21504K, 76% used [0x00000000bee00000,0x00000000bfe16888,0x00000000c0300000)
}

Deoptimization events (10 events):
Event: 3.917 Thread 0x00007fd1d800d800 Uncommon trap: reason=bimorphic action=maybe_recompile pc=0x00007fd1d5110320 method=java.util.Properties$LineReader.readLine()I @ 62
Event: 3.918 Thread 0x00007fd1d800d800 Uncommon trap: reason=bimorphic action=maybe_recompile pc=0x00007fd1d5110320 method=java.util.Properties$LineReader.readLine()I @ 62
Event: 3.918 Thread 0x00007fd1d800d800 Uncommon trap: reason=bimorphic action=maybe_recompile pc=0x00007fd1d5110320 method=java.util.Properties$LineReader.readLine()I @ 62
Event: 3.918 Thread 0x00007fd1d800d800 Uncommon trap: reason=bimorphic action=maybe_recompile pc=0x00007fd1d5110320 method=java.util.Properties$LineReader.readLine()I @ 62
Event: 3.924 Thread 0x00007fd1d800d800 Uncommon trap: reason=class_check action=maybe_recompile pc=0x00007fd1d517bd00 method=java.util.HashMap$KeySet.iterator()Ljava/util/Iterator; @ 4
Event: 3.939 Thread 0x00007fd1d800d800 Uncommon trap: reason=class_check action=maybe_recompile pc=0x00007fd1d517bd00 method=java.util.HashMap$KeySet.iterator()Ljava/util/Iterator; @ 4
Event: 4.341 Thread 0x00007fd1d800d800 Uncommon trap: reason=class_check action=maybe_recompile pc=0x00007fd1d517bd00 method=java.util.HashMap$KeySet.iterator()Ljava/util/Iterator; @ 4
Event: 4.812 Thread 0x00007fd1d800d800 Uncommon trap: reason=unreached action=reinterpret pc=0x00007fd1d51d612c method=org.apache.tomcat.util.IntrospectionUtils.findMethod(Ljava/lang/Class;Ljava/lang/String;[Ljava/lang/Class;)Ljava/lang/reflect/Method; @ 116
Event: 5.361 Thread 0x00007fd1d800d800 Uncommon trap: reason=class_check action=maybe_recompile pc=0x00007fd1d517bd00 method=java.util.HashMap$KeySet.iterator()Ljava/util/Iterator; @ 4
Event: 5.654 Thread 0x00007fd1d800d800 Uncommon trap: reason=null_check action=make_not_entrant pc=0x00007fd1d51f4e00 method=com.sun.org.apache.xerces.internal.utils.XMLLimitAnalyzer.isTracking(Ljava/lang/String;)Z @ 14

Internal exceptions (10 events):
Event: 6.421 Thread 0x00007fd194001000 Threw 0x00000000eca7ab38 at /home/t/Projects/error-transformation-vm/hotspot/src/share/vm/prims/jvm.cpp:1244
Event: 6.429 Thread 0x00007fd194001000 Threw 0x00000000eca93c20 at /home/t/Projects/error-transformation-vm/hotspot/src/share/vm/prims/jvm.cpp:1244
Event: 6.429 Thread 0x00007fd194001000 Threw 0x00000000eca94a30 at /home/t/Projects/error-transformation-vm/hotspot/src/share/vm/prims/jvm.cpp:1244
Event: 6.429 Thread 0x00007fd194001000 Threw 0x00000000eca95260 at /home/t/Projects/error-transformation-vm/hotspot/src/share/vm/prims/jvm.cpp:1244
Event: 6.432 Thread 0x00007fd194001000 Threw 0x00000000ecaaa1b8 at /home/t/Projects/error-transformation-vm/hotspot/src/share/vm/prims/jvm.cpp:1244
Event: 6.432 Thread 0x00007fd194001000 Threw 0x00000000ecaab0f0 at /home/t/Projects/error-transformation-vm/hotspot/src/share/vm/prims/jvm.cpp:1244
Event: 6.432 Thread 0x00007fd194001000 Threw 0x00000000ecaaba00 at /home/t/Projects/error-transformation-vm/hotspot/src/share/vm/prims/jvm.cpp:1244
Event: 6.441 Thread 0x00007fd194001000 Threw 0x00000000ecae5410 at /home/t/Projects/error-transformation-vm/hotspot/src/share/vm/interpreter/linkResolver.cpp:969
Event: 6.516 Thread 0x00007fd194001000 Threw 0x00000000ecc4ce60 at /home/t/Projects/error-transformation-vm/hotspot/src/share/vm/interpreter/linkResolver.cpp:969
Event: 6.539 Thread 0x00007fd194001000 Threw 0x00000000ecd1d078 at /home/t/Projects/error-transformation-vm/hotspot/src/share/vm/interpreter/linkResolver.cpp:969

Events (10 events):
Event: 6.429 loading class 0x00007fd17c010ad8
Event: 6.429 loading class 0x00007fd17c010ad8 done
Event: 6.431 loading class 0x00007fd17c010be8
Event: 6.431 loading class 0x00007fd17c010be8 done
Event: 6.432 loading class 0x00007fd17c010c98
Event: 6.432 loading class 0x00007fd17c010c98 done
Event: 6.432 loading class 0x00007fd17c010d58
Event: 6.432 loading class 0x00007fd17c010d58 done
Event: 6.493 loading class 0x00007fd17c010f18
Event: 6.494 loading class 0x00007fd17c010f18 done


Dynamic libraries:
00400000-00408000 r-xp 00000000 08:06 3280615                            /home/t/Projects/error-transformation-vm/hotspot/build/linux/linux_amd64_compiler2/fastdebug/gamma
00607000-00608000 r--p 00007000 08:06 3280615                            /home/t/Projects/error-transformation-vm/hotspot/build/linux/linux_amd64_compiler2/fastdebug/gamma
00608000-00609000 rw-p 00008000 08:06 3280615                            /home/t/Projects/error-transformation-vm/hotspot/build/linux/linux_amd64_compiler2/fastdebug/gamma
023e6000-02407000 rw-p 00000000 00:00 0                                  [heap]
bee00000-c0300000 rw-p 00000000 00:00 0 
c0300000-c4000000 rw-p 00000000 00:00 0 
c4000000-c6800000 rw-p 00000000 00:00 0 
c6800000-ec000000 rw-p 00000000 00:00 0 
ec000000-f0100000 rw-p 00000000 00:00 0 
f0100000-100000000 rw-p 00000000 00:00 0 
7fd178000000-7fd178021000 rw-p 00000000 00:00 0 
7fd178021000-7fd17c000000 ---p 00000000 00:00 0 
7fd17c000000-7fd17c152000 rw-p 00000000 00:00 0 
7fd17c152000-7fd180000000 ---p 00000000 00:00 0 
7fd180000000-7fd180021000 rw-p 00000000 00:00 0 
7fd180021000-7fd184000000 ---p 00000000 00:00 0 
7fd184000000-7fd184047000 rw-p 00000000 00:00 0 
7fd184047000-7fd188000000 ---p 00000000 00:00 0 
7fd188000000-7fd188021000 rw-p 00000000 00:00 0 
7fd188021000-7fd18c000000 ---p 00000000 00:00 0 
7fd18c000000-7fd18c021000 rw-p 00000000 00:00 0 
7fd18c021000-7fd190000000 ---p 00000000 00:00 0 
7fd190000000-7fd190021000 rw-p 00000000 00:00 0 
7fd190021000-7fd194000000 ---p 00000000 00:00 0 
7fd194000000-7fd194021000 rw-p 00000000 00:00 0 
7fd194021000-7fd198000000 ---p 00000000 00:00 0 
7fd198000000-7fd198021000 rw-p 00000000 00:00 0 
7fd198021000-7fd19c000000 ---p 00000000 00:00 0 
7fd19c000000-7fd19c021000 rw-p 00000000 00:00 0 
7fd19c021000-7fd1a0000000 ---p 00000000 00:00 0 
7fd1a0000000-7fd1a0e6d000 rw-p 00000000 00:00 0 
7fd1a0e6d000-7fd1a4000000 ---p 00000000 00:00 0 
7fd1a4000000-7fd1a4021000 rw-p 00000000 00:00 0 
7fd1a4021000-7fd1a8000000 ---p 00000000 00:00 0 
7fd1a8000000-7fd1a8021000 rw-p 00000000 00:00 0 
7fd1a8021000-7fd1ac000000 ---p 00000000 00:00 0 
7fd1ac000000-7fd1adbef000 rw-p 00000000 00:00 0 
7fd1adbef000-7fd1b0000000 ---p 00000000 00:00 0 
7fd1b0000000-7fd1b0021000 rw-p 00000000 00:00 0 
7fd1b0021000-7fd1b4000000 ---p 00000000 00:00 0 
7fd1b4000000-7fd1b4021000 rw-p 00000000 00:00 0 
7fd1b4021000-7fd1b8000000 ---p 00000000 00:00 0 
7fd1b8000000-7fd1b8021000 rw-p 00000000 00:00 0 
7fd1b8021000-7fd1bc000000 ---p 00000000 00:00 0 
7fd1bc000000-7fd1bc021000 rw-p 00000000 00:00 0 
7fd1bc021000-7fd1c0000000 ---p 00000000 00:00 0 
7fd1c0000000-7fd1c0021000 rw-p 00000000 00:00 0 
7fd1c0021000-7fd1c4000000 ---p 00000000 00:00 0 
7fd1c8000000-7fd1c8021000 rw-p 00000000 00:00 0 
7fd1c8021000-7fd1cc000000 ---p 00000000 00:00 0 
7fd1cdf12000-7fd1ce0ce000 rw-p 00000000 00:00 0 
7fd1ce0ce000-7fd1ce0d1000 ---p 00000000 00:00 0 
7fd1ce0d1000-7fd1ce1cf000 rw-p 00000000 00:00 0                          [stack:15029]
7fd1ce1cf000-7fd1ce1d2000 ---p 00000000 00:00 0 
7fd1ce1d2000-7fd1ce2d0000 rw-p 00000000 00:00 0                          [stack:15028]
7fd1ce2d0000-7fd1ce2d3000 ---p 00000000 00:00 0 
7fd1ce2d3000-7fd1ce3d1000 rw-p 00000000 00:00 0                          [stack:15027]
7fd1ce3d1000-7fd1ce3d4000 ---p 00000000 00:00 0 
7fd1ce3d4000-7fd1ce4d2000 rw-p 00000000 00:00 0                          [stack:15026]
7fd1ce4d2000-7fd1ce4d5000 ---p 00000000 00:00 0 
7fd1ce4d5000-7fd1ce5d3000 rw-p 00000000 00:00 0                          [stack:15025]
7fd1ce5d3000-7fd1ce5d6000 ---p 00000000 00:00 0 
7fd1ce5d6000-7fd1ce6d4000 rw-p 00000000 00:00 0                          [stack:15024]
7fd1ce6d4000-7fd1ce6d7000 ---p 00000000 00:00 0 
7fd1ce6d7000-7fd1ce7d5000 rw-p 00000000 00:00 0                          [stack:15023]
7fd1ce7d5000-7fd1ce7d8000 ---p 00000000 00:00 0 
7fd1ce7d8000-7fd1ce8d6000 rw-p 00000000 00:00 0                          [stack:15022]
7fd1ce8d6000-7fd1ce8da000 r--s 0008a000 08:06 4327529                    /home/t/Projects/error-transformation-vm/jdk1.7.0_65/jre/lib/jsse.jar
7fd1ce8da000-7fd1ce8de000 r--s 0001b000 08:05 148936                     /D/aotes-workspace/jpf-core/build/jpf-classes.jar
7fd1ce8de000-7fd1ce8e1000 ---p 00000000 00:00 0 
7fd1ce8e1000-7fd1ce9df000 rw-p 00000000 00:00 0                          [stack:15017]
7fd1ce9df000-7fd1ce9e9000 r--s 00251000 08:06 4327458                    /home/t/Projects/error-transformation-vm/jdk1.7.0_65/jre/lib/resources.jar
7fd1ce9e9000-7fd1ce9ed000 r--s 000f7000 08:06 4326850                    /home/t/Projects/error-transformation-vm/jdk1.7.0_65/jre/lib/ext/localedata.jar
7fd1ce9ed000-7fd1ce9f9000 r--s 00149000 08:06 6947097                    /home/t/Projects/error-transformation-vm/tomcat/46298/apache-tomcat-6.0.18/lib/jasper-jdt.jar
7fd1ce9f9000-7fd1ce9fc000 r--s 00009000 08:06 6947096                    /home/t/Projects/error-transformation-vm/tomcat/46298/apache-tomcat-6.0.18/lib/tomcat-i18n-es.jar
7fd1ce9fc000-7fd1ce9fe000 r--s 00009000 08:06 6947092                    /home/t/Projects/error-transformation-vm/tomcat/46298/apache-tomcat-6.0.18/lib/tomcat-i18n-fr.jar
7fd1ce9fe000-7fd1cea00000 r--s 0000a000 08:06 6947095                    /home/t/Projects/error-transformation-vm/tomcat/46298/apache-tomcat-6.0.18/lib/tomcat-i18n-ja.jar
7fd1cea00000-7fd1cea0a000 r--s 000ac000 08:06 6947087                    /home/t/Projects/error-transformation-vm/tomcat/46298/apache-tomcat-6.0.18/lib/tomcat-coyote.jar
7fd1cea0a000-7fd1cea0d000 r--s 0001c000 08:06 6947100                    /home/t/Projects/error-transformation-vm/tomcat/46298/apache-tomcat-6.0.18/lib/catalina-ha.jar
7fd1cea0d000-7fd1cea3e000 rw-p 00000000 00:00 0 
7fd1cea3e000-7fd1cea54000 r-xp 00000000 08:06 4327346                    /home/t/Projects/error-transformation-vm/jdk1.7.0_65/jre/lib/amd64/libnet.so
7fd1cea54000-7fd1cec54000 ---p 00016000 08:06 4327346                    /home/t/Projects/error-transformation-vm/jdk1.7.0_65/jre/lib/amd64/libnet.so
7fd1cec54000-7fd1cec55000 rw-p 00016000 08:06 4327346                    /home/t/Projects/error-transformation-vm/jdk1.7.0_65/jre/lib/amd64/libnet.so
7fd1cec55000-7fd1cec65000 r-xp 00000000 08:06 4327386                    /home/t/Projects/error-transformation-vm/jdk1.7.0_65/jre/lib/amd64/libnio.so
7fd1cec65000-7fd1cee65000 ---p 00010000 08:06 4327386                    /home/t/Projects/error-transformation-vm/jdk1.7.0_65/jre/lib/amd64/libnio.so
7fd1cee65000-7fd1cee66000 rw-p 00010000 08:06 4327386                    /home/t/Projects/error-transformation-vm/jdk1.7.0_65/jre/lib/amd64/libnio.so
7fd1cee66000-7fd1cee67000 ---p 00000000 00:00 0 
7fd1cee67000-7fd1cef67000 rw-p 00000000 00:00 0                          [stack:15016]
7fd1cef67000-7fd1cef6a000 ---p 00000000 00:00 0 
7fd1cef6a000-7fd1cf068000 rw-p 00000000 00:00 0                          [stack:15015]
7fd1cf068000-7fd1cf06b000 ---p 00000000 00:00 0 
7fd1cf06b000-7fd1cf169000 rw-p 00000000 00:00 0                          [stack:15014]
7fd1cf169000-7fd1cf16c000 ---p 00000000 00:00 0 
7fd1cf16c000-7fd1cf26a000 rw-p 00000000 00:00 0                          [stack:15013]
7fd1cf26a000-7fd1cf26d000 ---p 00000000 00:00 0 
7fd1cf26d000-7fd1cf36b000 rw-p 00000000 00:00 0                          [stack:15012]
7fd1cf36b000-7fd1cf7d7000 r--p 00000000 08:06 8003345                    /usr/lib/locale/locale-archive
7fd1cf7d7000-7fd1cf7da000 ---p 00000000 00:00 0 
7fd1cf7da000-7fd1cf8d8000 rw-p 00000000 00:00 0                          [stack:15011]
7fd1cf8d8000-7fd1cf8db000 ---p 00000000 00:00 0 
7fd1cf8db000-7fd1cf9d9000 rw-p 00000000 00:00 0                          [stack:15010]
7fd1cf9d9000-7fd1cf9da000 ---p 00000000 00:00 0 
7fd1cf9da000-7fd1d0000000 rw-p 00000000 00:00 0                          [stack:15009]
7fd1d0000000-7fd1d0021000 rw-p 00000000 00:00 0 
7fd1d0021000-7fd1d4000000 ---p 00000000 00:00 0 
7fd1d4000000-7fd1d4001000 rw-p 00000000 00:00 0 
7fd1d4001000-7fd1d4019000 r--s 00186000 08:05 148937                     /D/aotes-workspace/jpf-core/build/jpf.jar
7fd1d4019000-7fd1d4af2000 rw-p 00000000 00:00 0 
7fd1d4af2000-7fd1d4cb1000 r--s 039e5000 08:06 4327516                    /home/t/Projects/error-transformation-vm/jdk1.7.0_65/jre/lib/rt.jar
7fd1d4cb1000-7fd1d5000000 rw-p 00000000 00:00 0 
7fd1d5000000-7fd1d5270000 rwxp 00000000 00:00 0 
7fd1d5270000-7fd1d89d3000 rw-p 00000000 00:00 0 
7fd1d89d3000-7fd1dc000000 ---p 00000000 00:00 0 
7fd1dc000000-7fd1dc001000 r--s 00000000 08:05 148938                     /D/aotes-workspace/jpf-core/build/jpf-annotations.jar
7fd1dc001000-7fd1dc002000 r--s 00006000 08:06 6947093                    /home/t/Projects/error-transformation-vm/tomcat/46298/apache-tomcat-6.0.18/lib/el-api.jar
7fd1dc002000-7fd1dc006000 r--s 00034000 08:06 6947099                    /home/t/Projects/error-transformation-vm/tomcat/46298/apache-tomcat-6.0.18/lib/catalina-tribes.jar
7fd1dc006000-7fd1dc00d000 r--s 00076000 08:06 6947102                    /home/t/Projects/error-transformation-vm/tomcat/46298/apache-tomcat-6.0.18/lib/jasper.jar
7fd1dc00d000-7fd1de111000 rw-p 00000000 00:00 0 
7fd1de111000-7fd1de112000 ---p 00000000 00:00 0 
7fd1de112000-7fd1de212000 rw-p 00000000 00:00 0                          [stack:15008]
7fd1de212000-7fd1de213000 ---p 00000000 00:00 0 
7fd1de213000-7fd1de313000 rw-p 00000000 00:00 0                          [stack:15007]
7fd1de313000-7fd1de314000 ---p 00000000 00:00 0 
7fd1de314000-7fd1de414000 rw-p 00000000 00:00 0                          [stack:15006]
7fd1de414000-7fd1de415000 ---p 00000000 00:00 0 
7fd1de415000-7fd1de520000 rw-p 00000000 00:00 0                          [stack:15005]
7fd1de520000-7fd1de53e000 rw-p 00000000 00:00 0 
7fd1de53e000-7fd1de552000 rw-p 00000000 00:00 0 
7fd1de552000-7fd1de67e000 rw-p 00000000 00:00 0 
7fd1de67e000-7fd1de689000 rw-p 00000000 00:00 0 
7fd1de689000-7fd1de6a7000 rw-p 00000000 00:00 0 
7fd1de6a7000-7fd1de6bb000 rw-p 00000000 00:00 0 
7fd1de6bb000-7fd1de7e7000 rw-p 00000000 00:00 0 
7fd1de7e7000-7fd1de808000 rw-p 00000000 00:00 0 
7fd1de808000-7fd1de887000 rw-p 00000000 00:00 0 
7fd1de887000-7fd1de888000 rw-p 00000000 00:00 0 
7fd1de888000-7fd1de8a2000 r-xp 00000000 08:06 4327400                    /home/t/Projects/error-transformation-vm/jdk1.7.0_65/jre/lib/amd64/libzip.so
7fd1de8a2000-7fd1deaa2000 ---p 0001a000 08:06 4327400                    /home/t/Projects/error-transformation-vm/jdk1.7.0_65/jre/lib/amd64/libzip.so
7fd1deaa2000-7fd1deaa3000 rw-p 0001a000 08:06 4327400                    /home/t/Projects/error-transformation-vm/jdk1.7.0_65/jre/lib/amd64/libzip.so
7fd1deaa3000-7fd1deaae000 r-xp 00000000 08:06 11276261                   /lib/x86_64-linux-gnu/libnss_files-2.19.so
7fd1deaae000-7fd1decad000 ---p 0000b000 08:06 11276261                   /lib/x86_64-linux-gnu/libnss_files-2.19.so
7fd1decad000-7fd1decae000 r--p 0000a000 08:06 11276261                   /lib/x86_64-linux-gnu/libnss_files-2.19.so
7fd1decae000-7fd1decaf000 rw-p 0000b000 08:06 11276261                   /lib/x86_64-linux-gnu/libnss_files-2.19.so
7fd1decaf000-7fd1decba000 r-xp 00000000 08:06 11276258                   /lib/x86_64-linux-gnu/libnss_nis-2.19.so
7fd1decba000-7fd1deeb9000 ---p 0000b000 08:06 11276258                   /lib/x86_64-linux-gnu/libnss_nis-2.19.so
7fd1deeb9000-7fd1deeba000 r--p 0000a000 08:06 11276258                   /lib/x86_64-linux-gnu/libnss_nis-2.19.so
7fd1deeba000-7fd1deebb000 rw-p 0000b000 08:06 11276258                   /lib/x86_64-linux-gnu/libnss_nis-2.19.so
7fd1deebb000-7fd1deed2000 r-xp 00000000 08:06 11276233                   /lib/x86_64-linux-gnu/libnsl-2.19.so
7fd1deed2000-7fd1df0d1000 ---p 00017000 08:06 11276233                   /lib/x86_64-linux-gnu/libnsl-2.19.so
7fd1df0d1000-7fd1df0d2000 r--p 00016000 08:06 11276233                   /lib/x86_64-linux-gnu/libnsl-2.19.so
7fd1df0d2000-7fd1df0d3000 rw-p 00017000 08:06 11276233                   /lib/x86_64-linux-gnu/libnsl-2.19.so
7fd1df0d3000-7fd1df0d5000 rw-p 00000000 00:00 0 
7fd1df0d5000-7fd1df0de000 r-xp 00000000 08:06 11276199                   /lib/x86_64-linux-gnu/libnss_compat-2.19.so
7fd1df0de000-7fd1df2dd000 ---p 00009000 08:06 11276199                   /lib/x86_64-linux-gnu/libnss_compat-2.19.so
7fd1df2dd000-7fd1df2de000 r--p 00008000 08:06 11276199                   /lib/x86_64-linux-gnu/libnss_compat-2.19.so
7fd1df2de000-7fd1df2df000 rw-p 00009000 08:06 11276199                   /lib/x86_64-linux-gnu/libnss_compat-2.19.so
7fd1df2df000-7fd1df308000 r-xp 00000000 08:06 4327383                    /home/t/Projects/error-transformation-vm/jdk1.7.0_65/jre/lib/amd64/libjava.so
7fd1df308000-7fd1df508000 ---p 00029000 08:06 4327383                    /home/t/Projects/error-transformation-vm/jdk1.7.0_65/jre/lib/amd64/libjava.so
7fd1df508000-7fd1df50a000 rw-p 00029000 08:06 4327383                    /home/t/Projects/error-transformation-vm/jdk1.7.0_65/jre/lib/amd64/libjava.so
7fd1df50a000-7fd1df517000 r-xp 00000000 08:06 4327345                    /home/t/Projects/error-transformation-vm/jdk1.7.0_65/jre/lib/amd64/libverify.so
7fd1df517000-7fd1df716000 ---p 0000d000 08:06 4327345                    /home/t/Projects/error-transformation-vm/jdk1.7.0_65/jre/lib/amd64/libverify.so
7fd1df716000-7fd1df718000 rw-p 0000c000 08:06 4327345                    /home/t/Projects/error-transformation-vm/jdk1.7.0_65/jre/lib/amd64/libverify.so
7fd1df718000-7fd1df71f000 r-xp 00000000 08:06 11276122                   /lib/x86_64-linux-gnu/librt-2.19.so
7fd1df71f000-7fd1df91e000 ---p 00007000 08:06 11276122                   /lib/x86_64-linux-gnu/librt-2.19.so
7fd1df91e000-7fd1df91f000 r--p 00006000 08:06 11276122                   /lib/x86_64-linux-gnu/librt-2.19.so
7fd1df91f000-7fd1df920000 rw-p 00007000 08:06 11276122                   /lib/x86_64-linux-gnu/librt-2.19.so
7fd1df920000-7fd1dfa25000 r-xp 00000000 08:06 11276232                   /lib/x86_64-linux-gnu/libm-2.19.so
7fd1dfa25000-7fd1dfc24000 ---p 00105000 08:06 11276232                   /lib/x86_64-linux-gnu/libm-2.19.so
7fd1dfc24000-7fd1dfc25000 r--p 00104000 08:06 11276232                   /lib/x86_64-linux-gnu/libm-2.19.so
7fd1dfc25000-7fd1dfc26000 rw-p 00105000 08:06 11276232                   /lib/x86_64-linux-gnu/libm-2.19.so
7fd1dfc26000-7fd1dfde1000 r-xp 00000000 08:06 11276119                   /lib/x86_64-linux-gnu/libc-2.19.so
7fd1dfde1000-7fd1dffe1000 ---p 001bb000 08:06 11276119                   /lib/x86_64-linux-gnu/libc-2.19.so
7fd1dffe1000-7fd1dffe5000 r--p 001bb000 08:06 11276119                   /lib/x86_64-linux-gnu/libc-2.19.so
7fd1dffe5000-7fd1dffe7000 rw-p 001bf000 08:06 11276119                   /lib/x86_64-linux-gnu/libc-2.19.so
7fd1dffe7000-7fd1dffec000 rw-p 00000000 00:00 0 
7fd1dffec000-7fd1dfff5000 r-xp 00000000 08:06 8008378                    /usr/lib/x86_64-linux-gnu/libhiredis.so.0.10
7fd1dfff5000-7fd1e01f4000 ---p 00009000 08:06 8008378                    /usr/lib/x86_64-linux-gnu/libhiredis.so.0.10
7fd1e01f4000-7fd1e01f5000 r--p 00008000 08:06 8008378                    /usr/lib/x86_64-linux-gnu/libhiredis.so.0.10
7fd1e01f5000-7fd1e01f6000 rw-p 00009000 08:06 8008378                    /usr/lib/x86_64-linux-gnu/libhiredis.so.0.10
7fd1e01f6000-7fd1e020f000 r-xp 00000000 08:06 11276260                   /lib/x86_64-linux-gnu/libpthread-2.19.so
7fd1e020f000-7fd1e040e000 ---p 00019000 08:06 11276260                   /lib/x86_64-linux-gnu/libpthread-2.19.so
7fd1e040e000-7fd1e040f000 r--p 00018000 08:06 11276260                   /lib/x86_64-linux-gnu/libpthread-2.19.so
7fd1e040f000-7fd1e0410000 rw-p 00019000 08:06 11276260                   /lib/x86_64-linux-gnu/libpthread-2.19.so
7fd1e0410000-7fd1e0414000 rw-p 00000000 00:00 0 
7fd1e0414000-7fd1e0417000 r-xp 00000000 08:06 11276161                   /lib/x86_64-linux-gnu/libdl-2.19.so
7fd1e0417000-7fd1e0616000 ---p 00003000 08:06 11276161                   /lib/x86_64-linux-gnu/libdl-2.19.so
7fd1e0616000-7fd1e0617000 r--p 00002000 08:06 11276161                   /lib/x86_64-linux-gnu/libdl-2.19.so
7fd1e0617000-7fd1e0618000 rw-p 00003000 08:06 11276161                   /lib/x86_64-linux-gnu/libdl-2.19.so
7fd1e0618000-7fd1e1788000 r-xp 00000000 08:06 3280609                    /home/t/Projects/error-transformation-vm/hotspot/build/linux/linux_amd64_compiler2/fastdebug/libjvm.so
7fd1e1788000-7fd1e1987000 ---p 01170000 08:06 3280609                    /home/t/Projects/error-transformation-vm/hotspot/build/linux/linux_amd64_compiler2/fastdebug/libjvm.so
7fd1e1987000-7fd1e1a32000 r--p 0116f000 08:06 3280609                    /home/t/Projects/error-transformation-vm/hotspot/build/linux/linux_amd64_compiler2/fastdebug/libjvm.so
7fd1e1a32000-7fd1e1a5e000 rw-p 0121a000 08:06 3280609                    /home/t/Projects/error-transformation-vm/hotspot/build/linux/linux_amd64_compiler2/fastdebug/libjvm.so
7fd1e1a5e000-7fd1e1af8000 rw-p 00000000 00:00 0 
7fd1e1af8000-7fd1e1b1b000 r-xp 00000000 08:06 11272358                   /lib/x86_64-linux-gnu/ld-2.19.so
7fd1e1b1b000-7fd1e1b1d000 r--s 00017000 08:06 6947101                    /home/t/Projects/error-transformation-vm/tomcat/46298/apache-tomcat-6.0.18/lib/jasper-el.jar
7fd1e1b1d000-7fd1e1b20000 r--s 0000f000 08:06 6947090                    /home/t/Projects/error-transformation-vm/tomcat/46298/apache-tomcat-6.0.18/lib/jsp-api.jar
7fd1e1b20000-7fd1e1b24000 r--s 0002d000 08:06 6947089                    /home/t/Projects/error-transformation-vm/tomcat/46298/apache-tomcat-6.0.18/lib/tomcat-dbcp.jar
7fd1e1b24000-7fd1e1b32000 r--s 00106000 08:06 6947098                    /home/t/Projects/error-transformation-vm/tomcat/46298/apache-tomcat-6.0.18/lib/catalina.jar
7fd1e1b32000-7fd1e1b3c000 rw-p 00000000 00:00 0 
7fd1e1b3c000-7fd1e1bf2000 rw-p 00000000 00:00 0 
7fd1e1bf2000-7fd1e1bf5000 ---p 00000000 00:00 0 
7fd1e1bf5000-7fd1e1cf8000 rw-p 00000000 00:00 0                          [stack:15004]
7fd1e1cf8000-7fd1e1cf9000 r--s 0000b000 08:06 6947086                    /home/t/Projects/error-transformation-vm/tomcat/46298/apache-tomcat-6.0.18/lib/catalina-ant.jar
7fd1e1cf9000-7fd1e1cfb000 r--s 00013000 08:06 6947088                    /home/t/Projects/error-transformation-vm/tomcat/46298/apache-tomcat-6.0.18/lib/servlet-api.jar
7fd1e1cfb000-7fd1e1d03000 r--s 000d8000 08:06 6947094                    /home/t/Projects/error-transformation-vm/tomcat/46298/apache-tomcat-6.0.18/lib/mysql-connector-java-5.1.28.jar
7fd1e1d03000-7fd1e1d04000 r--s 00002000 08:06 6947091                    /home/t/Projects/error-transformation-vm/tomcat/46298/apache-tomcat-6.0.18/lib/annotations-api.jar
7fd1e1d04000-7fd1e1d05000 r--s 00004000 08:06 6947066                    /home/t/Projects/error-transformation-vm/tomcat/46298/apache-tomcat-6.0.18/bin/tomcat-juli.jar
7fd1e1d05000-7fd1e1d07000 r--s 00001000 08:06 6947070                    /home/t/Projects/error-transformation-vm/tomcat/46298/apache-tomcat-6.0.18/bin/commons-daemon.jar
7fd1e1d07000-7fd1e1d09000 r--s 00003000 08:06 6947071                    /home/t/Projects/error-transformation-vm/tomcat/46298/apache-tomcat-6.0.18/bin/bootstrap.jar
7fd1e1d09000-7fd1e1d0c000 r--s 00029000 08:06 3545284                    /home/t/Projects/ares-jpf/ares-jpf.jar
7fd1e1d0c000-7fd1e1d14000 rw-s 00000000 08:06 3014680                    /tmp/hsperfdata_t/14991
7fd1e1d14000-7fd1e1d16000 rw-p 00000000 00:00 0 
7fd1e1d16000-7fd1e1d17000 r--p 00000000 00:00 0 
7fd1e1d17000-7fd1e1d1a000 rw-p 00000000 00:00 0 
7fd1e1d1a000-7fd1e1d1b000 r--p 00022000 08:06 11272358                   /lib/x86_64-linux-gnu/ld-2.19.so
7fd1e1d1b000-7fd1e1d1c000 rw-p 00023000 08:06 11272358                   /lib/x86_64-linux-gnu/ld-2.19.so
7fd1e1d1c000-7fd1e1d1d000 rw-p 00000000 00:00 0 
7fff1629e000-7fff162c0000 rw-p 00000000 00:00 0                          [stack]
7fff163fe000-7fff16400000 r-xp 00000000 00:00 0                          [vdso]
ffffffffff600000-ffffffffff601000 r-xp 00000000 00:00 0                  [vsyscall]

VM Arguments:
jvm_args: -XX:-UseErrorTransformation -XX:-UseEarlyReturn -XX:+UseJPF -XX:TraceRuntimeRecovery=2056 -Xbootclasspath/a:/home/t/Projects/ares-jpf/ares-jpf.jar:/D/aotes-workspace/jpf-core/build/jpf.jar -Djava.util.logging.manager=org.apache.juli.ClassLoaderLogManager -Djava.util.logging.config.file=/home/t/Projects/error-transformation-vm/tomcat/46298/apache-tomcat-6.0.18/conf/logging.properties -Djava.endorsed.dirs=/home/t/Projects/error-transformation-vm/tomcat/46298/apache-tomcat-6.0.18/endorsed -Dcatalina.base=/home/t/Projects/error-transformation-vm/tomcat/46298/apache-tomcat-6.0.18 -Dcatalina.home=/home/t/Projects/error-transformation-vm/tomcat/46298/apache-tomcat-6.0.18 -Djava.io.tmpdir=/home/t/Projects/error-transformation-vm/tomcat/46298/apache-tomcat-6.0.18/temp 
java_command: org.apache.catalina.startup.Bootstrap start
Launcher Type: gamma

Environment Variables:
JAVA_HOME=/home/t/Projects/error-transformation-vm/jdk1.7.0_65
PATH=/usr/local/sbin:/usr/local/bin:/usr/sbin:/usr/bin:/sbin:/bin:/usr/games:/usr/local/games
LD_LIBRARY_PATH=/home/t/Projects/error-transformation-vm/hotspot/build/linux/linux_amd64_compiler2/fastdebug:/home/t/Projects/error-transformation-vm/jdk1.7.0_65/jre/lib/amd64
LD_PRELOAD=
SHELL=/bin/bash
DISPLAY=:0

Signal Handlers:
SIGSEGV: [libjvm.so+0xe263b0], sa_mask[0]=0x7ffbfeff, sa_flags=0x10000004
SIGBUS: [libjvm.so+0xe263b0], sa_mask[0]=0x7ffbfeff, sa_flags=0x10000004
SIGFPE: [libjvm.so+0xbb1f20], sa_mask[0]=0x7ffbfeff, sa_flags=0x10000004
SIGPIPE: [libjvm.so+0xbb1f20], sa_mask[0]=0x7ffbfeff, sa_flags=0x10000004
SIGXFSZ: [libjvm.so+0xbb1f20], sa_mask[0]=0x7ffbfeff, sa_flags=0x10000004
SIGILL: [libjvm.so+0xbb1f20], sa_mask[0]=0x7ffbfeff, sa_flags=0x10000004
SIGUSR1: SIG_DFL, sa_mask[0]=0x00000000, sa_flags=0x00000000
SIGUSR2: [libjvm.so+0xbb2210], sa_mask[0]=0x00000000, sa_flags=0x10000004
SIGHUP: [libjvm.so+0xbb2120], sa_mask[0]=0x7ffbfeff, sa_flags=0x10000004
SIGINT: [libjvm.so+0xbb2120], sa_mask[0]=0x7ffbfeff, sa_flags=0x10000004
SIGTERM: [libjvm.so+0xbb2120], sa_mask[0]=0x7ffbfeff, sa_flags=0x10000004
SIGQUIT: [libjvm.so+0xbb2120], sa_mask[0]=0x7ffbfeff, sa_flags=0x10000004


---------------  S Y S T E M  ---------------

OS:jessie/sid

uname:Linux 3.13.0-37-generic #64-Ubuntu SMP Mon Sep 22 21:28:38 UTC 2014 x86_64
libc:glibc 2.19 NPTL 2.19 
rlimit: STACK 8192k, CORE 0k, NPROC 30489, NOFILE 4096, AS infinity
load average:1.43 1.42 0.97

/proc/meminfo:
MemTotal:        3931964 kB
MemFree:          989424 kB
Buffers:            6312 kB
Cached:           927100 kB
SwapCached:            0 kB
Active:          2121036 kB
Inactive:         543400 kB
Active(anon):    1732676 kB
Inactive(anon):    64512 kB
Active(file):     388360 kB
Inactive(file):   478888 kB
Unevictable:          64 kB
Mlocked:              64 kB
SwapTotal:             0 kB
SwapFree:              0 kB
Dirty:                 0 kB
Writeback:             0 kB
AnonPages:       1731096 kB
Mapped:           261868 kB
Shmem:             66148 kB
Slab:             114512 kB
SReclaimable:      72156 kB
SUnreclaim:        42356 kB
KernelStack:        4960 kB
PageTables:        43712 kB
NFS_Unstable:          0 kB
Bounce:                0 kB
WritebackTmp:          0 kB
CommitLimit:     1965980 kB
Committed_AS:    5899516 kB
VmallocTotal:   34359738367 kB
VmallocUsed:      388612 kB
VmallocChunk:   34359345148 kB
HardwareCorrupted:     0 kB
AnonHugePages:    657408 kB
HugePages_Total:       0
HugePages_Free:        0
HugePages_Rsvd:        0
HugePages_Surp:        0
Hugepagesize:       2048 kB
DirectMap4k:      169600 kB
DirectMap2M:     3909632 kB


CPU:total 4 (2 cores per cpu, 2 threads per core) family 6 model 42 stepping 7, cmov, cx8, fxsr, mmx, sse, sse2, sse3, ssse3, sse4.1, sse4.2, popcnt, avx, aes, ht, tsc, tscinvbit

/proc/cpuinfo:
processor	: 0
vendor_id	: GenuineIntel
cpu family	: 6
model		: 42
model name	: Intel(R) Core(TM) i5-2520M CPU @ 2.50GHz
stepping	: 7
microcode	: 0x14
cpu MHz		: 1600.000
cache size	: 3072 KB
physical id	: 0
siblings	: 4
core id		: 0
cpu cores	: 2
apicid		: 0
initial apicid	: 0
fpu		: yes
fpu_exception	: yes
cpuid level	: 13
wp		: yes
flags		: fpu vme de pse tsc msr pae mce cx8 apic sep mtrr pge mca cmov pat pse36 clflush dts acpi mmx fxsr sse sse2 ss ht tm pbe syscall nx rdtscp lm constant_tsc arch_perfmon pebs bts nopl xtopology nonstop_tsc aperfmperf eagerfpu pni pclmulqdq dtes64 monitor ds_cpl vmx smx est tm2 ssse3 cx16 xtpr pdcm pcid sse4_1 sse4_2 x2apic popcnt tsc_deadline_timer aes xsave avx lahf_lm ida arat epb xsaveopt pln pts dtherm tpr_shadow vnmi flexpriority ept vpid
bogomips	: 4984.17
clflush size	: 64
cache_alignment	: 64
address sizes	: 36 bits physical, 48 bits virtual
power management:

processor	: 1
vendor_id	: GenuineIntel
cpu family	: 6
model		: 42
model name	: Intel(R) Core(TM) i5-2520M CPU @ 2.50GHz
stepping	: 7
microcode	: 0x14
cpu MHz		: 2501.000
cache size	: 3072 KB
physical id	: 0
siblings	: 4
core id		: 0
cpu cores	: 2
apicid		: 1
initial apicid	: 1
fpu		: yes
fpu_exception	: yes
cpuid level	: 13
wp		: yes
flags		: fpu vme de pse tsc msr pae mce cx8 apic sep mtrr pge mca cmov pat pse36 clflush dts acpi mmx fxsr sse sse2 ss ht tm pbe syscall nx rdtscp lm constant_tsc arch_perfmon pebs bts nopl xtopology nonstop_tsc aperfmperf eagerfpu pni pclmulqdq dtes64 monitor ds_cpl vmx smx est tm2 ssse3 cx16 xtpr pdcm pcid sse4_1 sse4_2 x2apic popcnt tsc_deadline_timer aes xsave avx lahf_lm ida arat epb xsaveopt pln pts dtherm tpr_shadow vnmi flexpriority ept vpid
bogomips	: 4984.17
clflush size	: 64
cache_alignment	: 64
address sizes	: 36 bits physical, 48 bits virtual
power management:

processor	: 2
vendor_id	: GenuineIntel
cpu family	: 6
model		: 42
model name	: Intel(R) Core(TM) i5-2520M CPU @ 2.50GHz
stepping	: 7
microcode	: 0x14
cpu MHz		: 1200.000
cache size	: 3072 KB
physical id	: 0
siblings	: 4
core id		: 1
cpu cores	: 2
apicid		: 2
initial apicid	: 2
fpu		: yes
fpu_exception	: yes
cpuid level	: 13
wp		: yes
flags		: fpu vme de pse tsc msr pae mce cx8 apic sep mtrr pge mca cmov pat pse36 clflush dts acpi mmx fxsr sse sse2 ss ht tm pbe syscall nx rdtscp lm constant_tsc arch_perfmon pebs bts nopl xtopology nonstop_tsc aperfmperf eagerfpu pni pclmulqdq dtes64 monitor ds_cpl vmx smx est tm2 ssse3 cx16 xtpr pdcm pcid sse4_1 sse4_2 x2apic popcnt tsc_deadline_timer aes xsave avx lahf_lm ida arat epb xsaveopt pln pts dtherm tpr_shadow vnmi flexpriority ept vpid
bogomips	: 4984.17
clflush size	: 64
cache_alignment	: 64
address sizes	: 36 bits physical, 48 bits virtual
power management:

processor	: 3
vendor_id	: GenuineIntel
cpu family	: 6
model		: 42
model name	: Intel(R) Core(TM) i5-2520M CPU @ 2.50GHz
stepping	: 7
microcode	: 0x14
cpu MHz		: 1200.000
cache size	: 3072 KB
physical id	: 0
siblings	: 4
core id		: 1
cpu cores	: 2
apicid		: 3
initial apicid	: 3
fpu		: yes
fpu_exception	: yes
cpuid level	: 13
wp		: yes
flags		: fpu vme de pse tsc msr pae mce cx8 apic sep mtrr pge mca cmov pat pse36 clflush dts acpi mmx fxsr sse sse2 ss ht tm pbe syscall nx rdtscp lm constant_tsc arch_perfmon pebs bts nopl xtopology nonstop_tsc aperfmperf eagerfpu pni pclmulqdq dtes64 monitor ds_cpl vmx smx est tm2 ssse3 cx16 xtpr pdcm pcid sse4_1 sse4_2 x2apic popcnt tsc_deadline_timer aes xsave avx lahf_lm ida arat epb xsaveopt pln pts dtherm tpr_shadow vnmi flexpriority ept vpid
bogomips	: 4984.17
clflush size	: 64
cache_alignment	: 64
address sizes	: 36 bits physical, 48 bits virtual
power management:



Memory: 4k page, physical 3931964k(989424k free), swap 0k(0k free)

vm_info: OpenJDK 64-Bit Server VM (24.60-b08-internal-fastdebug) for linux-amd64 JRE (1.7.0), built on Jun 26 2015 01:53:17 by "t" with gcc 4.8.2

time: Fri Jun 26 01:56:11 2015
elapsed time: 6 seconds

