#
# A fatal error has been detected by the Java Runtime Environment:
#
#  Internal Error (/home/t/Projects/error-transformation-vm/hotspot/src/share/vm/interpreter/interpreterRuntime.cpp:399), pid=17056, tid=140086177306368
#  assert(Klass::cast(h_exception->klass())->name() == vmSymbols::java_lang_reflect_InvocationTargetException() || rrs->last_checked_exception() == h_exception()) failed: sanity check
#
# JRE version: Java(TM) SE Runtime Environment (7.0_65-b17) (build 1.7.0_65-b17)
# Java VM: OpenJDK 64-Bit Server VM (24.60-b08-internal-fastdebug interpreted mode linux-amd64 compressed oops)
# Failed to write core dump. Core dumps have been disabled. To enable core dumping, try "ulimit -c unlimited" before starting Java again
#
# If you would like to submit a bug report, please visit:
#   http://bugreport.sun.com/bugreport/crash.jsp
#

---------------  T H R E A D  ---------------

Current thread (0x00007f6820001000):  JavaThread "http-8080-1" daemon [_thread_in_vm, id=17118, stack(0x00007f685ac61000,0x00007f685ad62000)]

Stack: [0x00007f685ac61000,0x00007f685ad62000],  sp=0x00007f685ad5fe40,  free space=1019k
Native frames: (J=compiled Java code, j=interpreted, Vv=VM code, C=native code)
V  [libjvm.so+0xe257c8]  VMError::report_and_die()+0x178
V  [libjvm.so+0x6af97b]  report_vm_error(char const*, int, char const*, char const*)+0x7b
V  [libjvm.so+0x8b7568]  InterpreterRuntime::recovery_handler_for_exception(JavaThread*, oopDesc*)+0x3c8
j  org.apache.catalina.realm.JDBCRealm.getPassword(Ljava/lang/String;)Ljava/lang/String;+214
j  org.apache.catalina.realm.JDBCRealm.authenticate(Ljava/sql/Connection;Ljava/lang/String;Ljava/lang/String;)Ljava/security/Principal;+8
j  org.apache.catalina.realm.JDBCRealm.authenticate(Ljava/lang/String;Ljava/lang/String;)Ljava/security/Principal;+18
j  org.apache.catalina.authenticator.BasicAuthenticator.authenticate(Lorg/apache/catalina/connector/Request;Lorg/apache/catalina/connector/Response;Lorg/apache/catalina/deploy/LoginConfig;)Z+326
j  org.apache.catalina.authenticator.AuthenticatorBase.invoke(Lorg/apache/catalina/connector/Request;Lorg/apache/catalina/connector/Response;)V+559
j  org.apache.catalina.core.StandardHostValve.invoke(Lorg/apache/catalina/connector/Request;Lorg/apache/catalina/connector/Response;)V+64
j  org.apache.catalina.valves.ErrorReportValve.invoke(Lorg/apache/catalina/connector/Request;Lorg/apache/catalina/connector/Response;)V+6
j  org.apache.catalina.core.StandardEngineValve.invoke(Lorg/apache/catalina/connector/Request;Lorg/apache/catalina/connector/Response;)V+42
j  org.apache.catalina.connector.CoyoteAdapter.service(Lorg/apache/coyote/Request;Lorg/apache/coyote/Response;)V+157
j  org.apache.coyote.http11.Http11Processor.process(Ljava/net/Socket;)V+432
j  org.apache.coyote.http11.Http11Protocol$Http11ConnectionHandler.process(Ljava/net/Socket;)Z+82
j  org.apache.tomcat.util.net.JIoEndpoint$Worker.run()V+41
j  java.lang.Thread.run()V+11
v  ~StubRoutines::call_stub
V  [libjvm.so+0x8c8b8a]  JavaCalls::call_helper(JavaValue*, methodHandle*, JavaCallArguments*, Thread*)+0x6ca
V  [libjvm.so+0x8c8f60]  JavaCalls::call_virtual(JavaValue*, Handle, KlassHandle, Symbol*, Symbol*, Thread*)+0x340
V  [libjvm.so+0x951b80]  thread_entry(JavaThread*, Thread*)+0x100
V  [libjvm.so+0xdb499c]  JavaThread::thread_main_inner()+0x18c
V  [libjvm.so+0xdb4c8f]  JavaThread::run()+0x2bf
V  [libjvm.so+0xbb40a2]  java_start(Thread*)+0xf2

Java frames: (J=compiled Java code, j=interpreted, Vv=VM code)
j  org.apache.catalina.realm.JDBCRealm.getPassword(Ljava/lang/String;)Ljava/lang/String;+214
j  org.apache.catalina.realm.JDBCRealm.authenticate(Ljava/sql/Connection;Ljava/lang/String;Ljava/lang/String;)Ljava/security/Principal;+8
j  org.apache.catalina.realm.JDBCRealm.authenticate(Ljava/lang/String;Ljava/lang/String;)Ljava/security/Principal;+18
j  org.apache.catalina.authenticator.BasicAuthenticator.authenticate(Lorg/apache/catalina/connector/Request;Lorg/apache/catalina/connector/Response;Lorg/apache/catalina/deploy/LoginConfig;)Z+326
j  org.apache.catalina.authenticator.AuthenticatorBase.invoke(Lorg/apache/catalina/connector/Request;Lorg/apache/catalina/connector/Response;)V+559
j  org.apache.catalina.core.StandardHostValve.invoke(Lorg/apache/catalina/connector/Request;Lorg/apache/catalina/connector/Response;)V+64
j  org.apache.catalina.valves.ErrorReportValve.invoke(Lorg/apache/catalina/connector/Request;Lorg/apache/catalina/connector/Response;)V+6
j  org.apache.catalina.core.StandardEngineValve.invoke(Lorg/apache/catalina/connector/Request;Lorg/apache/catalina/connector/Response;)V+42
j  org.apache.catalina.connector.CoyoteAdapter.service(Lorg/apache/coyote/Request;Lorg/apache/coyote/Response;)V+157
j  org.apache.coyote.http11.Http11Processor.process(Ljava/net/Socket;)V+432
j  org.apache.coyote.http11.Http11Protocol$Http11ConnectionHandler.process(Ljava/net/Socket;)Z+82
j  org.apache.tomcat.util.net.JIoEndpoint$Worker.run()V+41
j  java.lang.Thread.run()V+11
v  ~StubRoutines::call_stub

---------------  P R O C E S S  ---------------

Java Threads: ( => current thread )
=>0x00007f6820001000 JavaThread "http-8080-1" daemon [_thread_in_vm, id=17118, stack(0x00007f685ac61000,0x00007f685ad62000)]
  0x00007f686862c800 JavaThread "TP-Monitor" daemon [_thread_blocked, id=17096, stack(0x00007f685ad62000,0x00007f685ae63000)]
  0x00007f686862a000 JavaThread "TP-Processor4" daemon [_thread_in_native, id=17095, stack(0x00007f685ae63000,0x00007f685af64000)]
  0x00007f6868792000 JavaThread "TP-Processor3" daemon [_thread_blocked, id=17094, stack(0x00007f685af64000,0x00007f685b065000)]
  0x00007f68686c4800 JavaThread "TP-Processor2" daemon [_thread_blocked, id=17093, stack(0x00007f685b065000,0x00007f685b166000)]
  0x00007f6868630000 JavaThread "TP-Processor1" daemon [_thread_blocked, id=17092, stack(0x00007f685b166000,0x00007f685b267000)]
  0x00007f68688be800 JavaThread "http-8080-Acceptor-0" daemon [_thread_in_native, id=17091, stack(0x00007f685b267000,0x00007f685b368000)]
  0x00007f68688a1000 JavaThread "ContainerBackgroundProcessor[StandardEngine[Catalina]]" daemon [_thread_blocked, id=17090, stack(0x00007f685b368000,0x00007f685b469000)]
  0x00007f686843d000 JavaThread "Abandoned connection cleanup thread" daemon [_thread_blocked, id=17082, stack(0x00007f685b469000,0x00007f685b56a000)]
  0x00007f686811e000 JavaThread "Service Thread" daemon [_thread_blocked, id=17080, stack(0x00007f685ba93000,0x00007f685bb94000)]
  0x00007f686811b000 JavaThread "C2 CompilerThread1" daemon [_thread_blocked, id=17079, stack(0x00007f686008d000,0x00007f686018e000)]
  0x00007f6868118000 JavaThread "C2 CompilerThread0" daemon [_thread_blocked, id=17078, stack(0x00007f686018e000,0x00007f686028f000)]
  0x00007f6868115000 JavaThread "Signal Dispatcher" daemon [_thread_blocked, id=17077, stack(0x00007f686028f000,0x00007f6860390000)]
  0x00007f68680af000 JavaThread "Finalizer" daemon [_thread_blocked, id=17076, stack(0x00007f6860390000,0x00007f6860491000)]
  0x00007f68680ac800 JavaThread "Reference Handler" daemon [_thread_blocked, id=17075, stack(0x00007f6860491000,0x00007f6860592000)]
  0x00007f686800d800 JavaThread "main" [_thread_in_native, id=17069, stack(0x00007f686e790000,0x00007f686e891000)]

Other Threads:
  0x00007f68680a3000 VMThread [stack: 0x00007f6860592000,0x00007f6860693000] [id=17074]
  0x00007f686812a000 WatcherThread [stack: 0x00007f685b992000,0x00007f685ba93000] [id=17081]

VM state:not at safepoint (normal execution)

VM Mutex/Monitor currently owned by a thread: None

Heap
 PSYoungGen      total 64000K, used 17739K [0x00000000ec000000, 0x00000000f0100000, 0x0000000100000000)
  eden space 61440K, 24% used [0x00000000ec000000,0x00000000ecedae50,0x00000000efc00000)
  from space 2560K, 98% used [0x00000000efe80000,0x00000000f00f8040,0x00000000f0100000)
  to   space 2560K, 0% used [0x00000000efc00000,0x00000000efc00000,0x00000000efe80000)
 ParOldGen       total 40960K, used 17953K [0x00000000c4000000, 0x00000000c6800000, 0x00000000ec000000)
  object space 40960K, 43% used [0x00000000c4000000,0x00000000c5188760,0x00000000c6800000)
 PSPermGen       total 21504K, used 16281K [0x00000000bee00000, 0x00000000c0300000, 0x00000000c4000000)
  object space 21504K, 75% used [0x00000000bee00000,0x00000000bfde6778,0x00000000c0300000)

Card table byte_map: [0x00007f6864174000,0x00007f686437e000] byte_map_base: 0x00007f6863b7d000

Polling page: 0x00007f686e8b4000

Code Cache  [0x00007f686437e000, 0x00007f68645ee000, 0x00007f686737e000)
 total_blobs=312 nmethods=0 adapters=289 free_code_cache=48012Kb largest_free_block=49164416

Compilation events (0 events):
No events

GC Heap History (8 events):
Event: 1.097 GC heap before
{Heap before GC invocations=1 (full 0):
 PSYoungGen      total 17920K, used 15360K [0x00000000ec000000, 0x00000000ed400000, 0x0000000100000000)
  eden space 15360K, 100% used [0x00000000ec000000,0x00000000ecf00000,0x00000000ecf00000)
  from space 2560K, 0% used [0x00000000ed180000,0x00000000ed180000,0x00000000ed400000)
  to   space 2560K, 0% used [0x00000000ecf00000,0x00000000ecf00000,0x00000000ed180000)
 ParOldGen       total 40960K, used 0K [0x00000000c4000000, 0x00000000c6800000, 0x00000000ec000000)
  object space 40960K, 0% used [0x00000000c4000000,0x00000000c4000000,0x00000000c6800000)
 PSPermGen       total 21504K, used 7311K [0x00000000bee00000, 0x00000000c0300000, 0x00000000c4000000)
  object space 21504K, 34% used [0x00000000bee00000,0x00000000bf523de0,0x00000000c0300000)
Event: 1.117 GC heap after
Heap after GC invocations=1 (full 0):
 PSYoungGen      total 17920K, used 2530K [0x00000000ec000000, 0x00000000ee300000, 0x0000000100000000)
  eden space 15360K, 0% used [0x00000000ec000000,0x00000000ec000000,0x00000000ecf00000)
  from space 2560K, 98% used [0x00000000ecf00000,0x00000000ed178a50,0x00000000ed180000)
  to   space 2560K, 0% used [0x00000000ee080000,0x00000000ee080000,0x00000000ee300000)
 ParOldGen       total 40960K, used 567K [0x00000000c4000000, 0x00000000c6800000, 0x00000000ec000000)
  object space 40960K, 1% used [0x00000000c4000000,0x00000000c408dc08,0x00000000c6800000)
 PSPermGen       total 21504K, used 7311K [0x00000000bee00000, 0x00000000c0300000, 0x00000000c4000000)
  object space 21504K, 34% used [0x00000000bee00000,0x00000000bf523de0,0x00000000c0300000)
}
Event: 2.182 GC heap before
{Heap before GC invocations=2 (full 0):
 PSYoungGen      total 17920K, used 17890K [0x00000000ec000000, 0x00000000ee300000, 0x0000000100000000)
  eden space 15360K, 100% used [0x00000000ec000000,0x00000000ecf00000,0x00000000ecf00000)
  from space 2560K, 98% used [0x00000000ecf00000,0x00000000ed178a50,0x00000000ed180000)
  to   space 2560K, 0% used [0x00000000ee080000,0x00000000ee080000,0x00000000ee300000)
 ParOldGen       total 40960K, used 567K [0x00000000c4000000, 0x00000000c6800000, 0x00000000ec000000)
  object space 40960K, 1% used [0x00000000c4000000,0x00000000c408dc08,0x00000000c6800000)
 PSPermGen       total 21504K, used 12151K [0x00000000bee00000, 0x00000000c0300000, 0x00000000c4000000)
  object space 21504K, 56% used [0x00000000bee00000,0x00000000bf9ddd18,0x00000000c0300000)
Event: 2.216 GC heap after
Heap after GC invocations=2 (full 0):
 PSYoungGen      total 33280K, used 2528K [0x00000000ec000000, 0x00000000ee300000, 0x0000000100000000)
  eden space 30720K, 0% used [0x00000000ec000000,0x00000000ec000000,0x00000000ede00000)
  from space 2560K, 98% used [0x00000000ee080000,0x00000000ee2f8060,0x00000000ee300000)
  to   space 2560K, 0% used [0x00000000ede00000,0x00000000ede00000,0x00000000ee080000)
 ParOldGen       total 40960K, used 4899K [0x00000000c4000000, 0x00000000c6800000, 0x00000000ec000000)
  object space 40960K, 11% used [0x00000000c4000000,0x00000000c44c8fb0,0x00000000c6800000)
 PSPermGen       total 21504K, used 12151K [0x00000000bee00000, 0x00000000c0300000, 0x00000000c4000000)
  object space 21504K, 56% used [0x00000000bee00000,0x00000000bf9ddd18,0x00000000c0300000)
}
Event: 4.144 GC heap before
{Heap before GC invocations=3 (full 0):
 PSYoungGen      total 33280K, used 33248K [0x00000000ec000000, 0x00000000ee300000, 0x0000000100000000)
  eden space 30720K, 100% used [0x00000000ec000000,0x00000000ede00000,0x00000000ede00000)
  from space 2560K, 98% used [0x00000000ee080000,0x00000000ee2f8060,0x00000000ee300000)
  to   space 2560K, 0% used [0x00000000ede00000,0x00000000ede00000,0x00000000ee080000)
 ParOldGen       total 40960K, used 4899K [0x00000000c4000000, 0x00000000c6800000, 0x00000000ec000000)
  object space 40960K, 11% used [0x00000000c4000000,0x00000000c44c8fb0,0x00000000c6800000)
 PSPermGen       total 21504K, used 15251K [0x00000000bee00000, 0x00000000c0300000, 0x00000000c4000000)
  object space 21504K, 70% used [0x00000000bee00000,0x00000000bfce4e00,0x00000000c0300000)
Event: 4.206 GC heap after
Heap after GC invocations=3 (full 0):
 PSYoungGen      total 33280K, used 2552K [0x00000000ec000000, 0x00000000f0100000, 0x0000000100000000)
  eden space 30720K, 0% used [0x00000000ec000000,0x00000000ec000000,0x00000000ede00000)
  from space 2560K, 99% used [0x00000000ede00000,0x00000000ee07e050,0x00000000ee080000)
  to   space 2560K, 0% used [0x00000000efe80000,0x00000000efe80000,0x00000000f0100000)
 ParOldGen       total 40960K, used 14430K [0x00000000c4000000, 0x00000000c6800000, 0x00000000ec000000)
  object space 40960K, 35% used [0x00000000c4000000,0x00000000c4e179e8,0x00000000c6800000)
 PSPermGen       total 21504K, used 15251K [0x00000000bee00000, 0x00000000c0300000, 0x00000000c4000000)
  object space 21504K, 70% used [0x00000000bee00000,0x00000000bfce4e00,0x00000000c0300000)
}
Event: 15.592 GC heap before
{Heap before GC invocations=4 (full 0):
 PSYoungGen      total 33280K, used 33272K [0x00000000ec000000, 0x00000000f0100000, 0x0000000100000000)
  eden space 30720K, 100% used [0x00000000ec000000,0x00000000ede00000,0x00000000ede00000)
  from space 2560K, 99% used [0x00000000ede00000,0x00000000ee07e050,0x00000000ee080000)
  to   space 2560K, 0% used [0x00000000efe80000,0x00000000efe80000,0x00000000f0100000)
 ParOldGen       total 40960K, used 14430K [0x00000000c4000000, 0x00000000c6800000, 0x00000000ec000000)
  object space 40960K, 35% used [0x00000000c4000000,0x00000000c4e179e8,0x00000000c6800000)
 PSPermGen       total 21504K, used 16178K [0x00000000bee00000, 0x00000000c0300000, 0x00000000c4000000)
  object space 21504K, 75% used [0x00000000bee00000,0x00000000bfdcc838,0x00000000c0300000)
Event: 15.637 GC heap after
Heap after GC invocations=4 (full 0):
 PSYoungGen      total 64000K, used 2528K [0x00000000ec000000, 0x00000000f0100000, 0x0000000100000000)
  eden space 61440K, 0% used [0x00000000ec000000,0x00000000ec000000,0x00000000efc00000)
  from space 2560K, 98% used [0x00000000efe80000,0x00000000f00f8040,0x00000000f0100000)
  to   space 2560K, 0% used [0x00000000efc00000,0x00000000efc00000,0x00000000efe80000)
 ParOldGen       total 40960K, used 17953K [0x00000000c4000000, 0x00000000c6800000, 0x00000000ec000000)
  object space 40960K, 43% used [0x00000000c4000000,0x00000000c5188760,0x00000000c6800000)
 PSPermGen       total 21504K, used 16178K [0x00000000bee00000, 0x00000000c0300000, 0x00000000c4000000)
  object space 21504K, 75% used [0x00000000bee00000,0x00000000bfdcc838,0x00000000c0300000)
}

Deoptimization events (0 events):
No events

Internal exceptions (10 events):
Event: 16.335 Thread 0x00007f6820001000 Threw 0x00000000ecc16040 at /home/t/Projects/error-transformation-vm/hotspot/src/share/vm/prims/jvm.cpp:1244
Event: 16.346 Thread 0x00007f6820001000 Threw 0x00000000ecc30970 at /home/t/Projects/error-transformation-vm/hotspot/src/share/vm/prims/jvm.cpp:1244
Event: 16.346 Thread 0x00007f6820001000 Threw 0x00000000ecc31780 at /home/t/Projects/error-transformation-vm/hotspot/src/share/vm/prims/jvm.cpp:1244
Event: 16.346 Thread 0x00007f6820001000 Threw 0x00000000ecc31fb0 at /home/t/Projects/error-transformation-vm/hotspot/src/share/vm/prims/jvm.cpp:1244
Event: 16.352 Thread 0x00007f6820001000 Threw 0x00000000ecc47c20 at /home/t/Projects/error-transformation-vm/hotspot/src/share/vm/prims/jvm.cpp:1244
Event: 16.352 Thread 0x00007f6820001000 Threw 0x00000000ecc48b58 at /home/t/Projects/error-transformation-vm/hotspot/src/share/vm/prims/jvm.cpp:1244
Event: 16.352 Thread 0x00007f6820001000 Threw 0x00000000ecc49468 at /home/t/Projects/error-transformation-vm/hotspot/src/share/vm/prims/jvm.cpp:1244
Event: 16.368 Thread 0x00007f6820001000 Threw 0x00000000ecc82c20 at /home/t/Projects/error-transformation-vm/hotspot/src/share/vm/interpreter/linkResolver.cpp:969
Event: 16.476 Thread 0x00007f6820001000 Threw 0x00000000ecdf1e70 at /home/t/Projects/error-transformation-vm/hotspot/src/share/vm/interpreter/linkResolver.cpp:969
Event: 16.519 Thread 0x00007f6820001000 Threw 0x00000000ecec0db8 at /home/t/Projects/error-transformation-vm/hotspot/src/share/vm/interpreter/linkResolver.cpp:969

Events (10 events):
Event: 16.346 loading class 0x00007f6808018148
Event: 16.346 loading class 0x00007f6808018148 done
Event: 16.351 loading class 0x00007f6808018258
Event: 16.351 loading class 0x00007f6808018258 done
Event: 16.352 loading class 0x00007f6808018308
Event: 16.352 loading class 0x00007f6808018308 done
Event: 16.352 loading class 0x00007f68080183c8
Event: 16.352 loading class 0x00007f68080183c8 done
Event: 16.440 loading class 0x00007f6808018468
Event: 16.440 loading class 0x00007f6808018468 done


Dynamic libraries:
00400000-00408000 r-xp 00000000 08:06 3280615                            /home/t/Projects/error-transformation-vm/hotspot/build/linux/linux_amd64_compiler2/fastdebug/gamma
00607000-00608000 r--p 00007000 08:06 3280615                            /home/t/Projects/error-transformation-vm/hotspot/build/linux/linux_amd64_compiler2/fastdebug/gamma
00608000-00609000 rw-p 00008000 08:06 3280615                            /home/t/Projects/error-transformation-vm/hotspot/build/linux/linux_amd64_compiler2/fastdebug/gamma
01150000-01171000 rw-p 00000000 00:00 0                                  [heap]
bee00000-c0300000 rw-p 00000000 00:00 0 
c0300000-c4000000 rw-p 00000000 00:00 0 
c4000000-c6800000 rw-p 00000000 00:00 0 
c6800000-ec000000 rw-p 00000000 00:00 0 
ec000000-f0100000 rw-p 00000000 00:00 0 
f0100000-100000000 rw-p 00000000 00:00 0 
7f6804000000-7f6804021000 rw-p 00000000 00:00 0 
7f6804021000-7f6808000000 ---p 00000000 00:00 0 
7f6808000000-7f680804c000 rw-p 00000000 00:00 0 
7f680804c000-7f680c000000 ---p 00000000 00:00 0 
7f680c000000-7f680c021000 rw-p 00000000 00:00 0 
7f680c021000-7f6810000000 ---p 00000000 00:00 0 
7f6810000000-7f6810021000 rw-p 00000000 00:00 0 
7f6810021000-7f6814000000 ---p 00000000 00:00 0 
7f6814000000-7f6814021000 rw-p 00000000 00:00 0 
7f6814021000-7f6818000000 ---p 00000000 00:00 0 
7f6818000000-7f6818021000 rw-p 00000000 00:00 0 
7f6818021000-7f681c000000 ---p 00000000 00:00 0 
7f681c000000-7f681c021000 rw-p 00000000 00:00 0 
7f681c021000-7f6820000000 ---p 00000000 00:00 0 
7f6820000000-7f6820021000 rw-p 00000000 00:00 0 
7f6820021000-7f6824000000 ---p 00000000 00:00 0 
7f6824000000-7f6824021000 rw-p 00000000 00:00 0 
7f6824021000-7f6828000000 ---p 00000000 00:00 0 
7f6828000000-7f6828021000 rw-p 00000000 00:00 0 
7f6828021000-7f682c000000 ---p 00000000 00:00 0 
7f682c000000-7f682c021000 rw-p 00000000 00:00 0 
7f682c021000-7f6830000000 ---p 00000000 00:00 0 
7f6830000000-7f6830021000 rw-p 00000000 00:00 0 
7f6830021000-7f6834000000 ---p 00000000 00:00 0 
7f6834000000-7f6834021000 rw-p 00000000 00:00 0 
7f6834021000-7f6838000000 ---p 00000000 00:00 0 
7f6838000000-7f6838021000 rw-p 00000000 00:00 0 
7f6838021000-7f683c000000 ---p 00000000 00:00 0 
7f683c000000-7f683c021000 rw-p 00000000 00:00 0 
7f683c021000-7f6840000000 ---p 00000000 00:00 0 
7f6840000000-7f6840021000 rw-p 00000000 00:00 0 
7f6840021000-7f6844000000 ---p 00000000 00:00 0 
7f6844000000-7f6844021000 rw-p 00000000 00:00 0 
7f6844021000-7f6848000000 ---p 00000000 00:00 0 
7f684c000000-7f684c021000 rw-p 00000000 00:00 0 
7f684c021000-7f6850000000 ---p 00000000 00:00 0 
7f6850000000-7f6850021000 rw-p 00000000 00:00 0 
7f6850021000-7f6854000000 ---p 00000000 00:00 0 
7f6854000000-7f6854021000 rw-p 00000000 00:00 0 
7f6854021000-7f6858000000 ---p 00000000 00:00 0 
7f685a995000-7f685ac61000 rw-p 00000000 00:00 0 
7f685ac61000-7f685ac64000 ---p 00000000 00:00 0 
7f685ac64000-7f685ad62000 rw-p 00000000 00:00 0                          [stack:17118]
7f685ad62000-7f685ad65000 ---p 00000000 00:00 0 
7f685ad65000-7f685ae63000 rw-p 00000000 00:00 0                          [stack:17096]
7f685ae63000-7f685ae66000 ---p 00000000 00:00 0 
7f685ae66000-7f685af64000 rw-p 00000000 00:00 0                          [stack:17095]
7f685af64000-7f685af67000 ---p 00000000 00:00 0 
7f685af67000-7f685b065000 rw-p 00000000 00:00 0                          [stack:17094]
7f685b065000-7f685b068000 ---p 00000000 00:00 0 
7f685b068000-7f685b166000 rw-p 00000000 00:00 0                          [stack:17093]
7f685b166000-7f685b169000 ---p 00000000 00:00 0 
7f685b169000-7f685b267000 rw-p 00000000 00:00 0                          [stack:17092]
7f685b267000-7f685b26a000 ---p 00000000 00:00 0 
7f685b26a000-7f685b368000 rw-p 00000000 00:00 0                          [stack:17091]
7f685b368000-7f685b36b000 ---p 00000000 00:00 0 
7f685b36b000-7f685b469000 rw-p 00000000 00:00 0                          [stack:17090]
7f685b469000-7f685b46c000 ---p 00000000 00:00 0 
7f685b46c000-7f685b56a000 rw-p 00000000 00:00 0                          [stack:17082]
7f685b56a000-7f685b580000 r-xp 00000000 08:06 4327346                    /home/t/Projects/error-transformation-vm/jdk1.7.0_65/jre/lib/amd64/libnet.so
7f685b580000-7f685b780000 ---p 00016000 08:06 4327346                    /home/t/Projects/error-transformation-vm/jdk1.7.0_65/jre/lib/amd64/libnet.so
7f685b780000-7f685b781000 rw-p 00016000 08:06 4327346                    /home/t/Projects/error-transformation-vm/jdk1.7.0_65/jre/lib/amd64/libnet.so
7f685b781000-7f685b791000 r-xp 00000000 08:06 4327386                    /home/t/Projects/error-transformation-vm/jdk1.7.0_65/jre/lib/amd64/libnio.so
7f685b791000-7f685b991000 ---p 00010000 08:06 4327386                    /home/t/Projects/error-transformation-vm/jdk1.7.0_65/jre/lib/amd64/libnio.so
7f685b991000-7f685b992000 rw-p 00010000 08:06 4327386                    /home/t/Projects/error-transformation-vm/jdk1.7.0_65/jre/lib/amd64/libnio.so
7f685b992000-7f685b993000 ---p 00000000 00:00 0 
7f685b993000-7f685ba93000 rw-p 00000000 00:00 0                          [stack:17081]
7f685ba93000-7f685ba96000 ---p 00000000 00:00 0 
7f685ba96000-7f685bb94000 rw-p 00000000 00:00 0                          [stack:17080]
7f685bb94000-7f685c000000 r--p 00000000 08:06 8003345                    /usr/lib/locale/locale-archive
7f685c000000-7f685c021000 rw-p 00000000 00:00 0 
7f685c021000-7f6860000000 ---p 00000000 00:00 0 
7f686000b000-7f686000c000 rw-p 00000000 00:00 0 
7f686000c000-7f6860010000 r--s 0008a000 08:06 4327529                    /home/t/Projects/error-transformation-vm/jdk1.7.0_65/jre/lib/jsse.jar
7f6860010000-7f6860011000 r--s 00000000 08:05 148938                     /D/aotes-workspace/jpf-core/build/jpf-annotations.jar
7f6860011000-7f6860015000 r--s 0001b000 08:05 148936                     /D/aotes-workspace/jpf-core/build/jpf-classes.jar
7f6860015000-7f686001f000 r--s 00251000 08:06 4327458                    /home/t/Projects/error-transformation-vm/jdk1.7.0_65/jre/lib/resources.jar
7f686001f000-7f6860023000 r--s 000f7000 08:06 4326850                    /home/t/Projects/error-transformation-vm/jdk1.7.0_65/jre/lib/ext/localedata.jar
7f6860023000-7f686002f000 r--s 00149000 08:06 6947097                    /home/t/Projects/error-transformation-vm/tomcat/46298/apache-tomcat-6.0.18/lib/jasper-jdt.jar
7f686002f000-7f6860032000 r--s 00009000 08:06 6947096                    /home/t/Projects/error-transformation-vm/tomcat/46298/apache-tomcat-6.0.18/lib/tomcat-i18n-es.jar
7f6860032000-7f6860034000 r--s 00009000 08:06 6947092                    /home/t/Projects/error-transformation-vm/tomcat/46298/apache-tomcat-6.0.18/lib/tomcat-i18n-fr.jar
7f6860034000-7f6860036000 r--s 0000a000 08:06 6947095                    /home/t/Projects/error-transformation-vm/tomcat/46298/apache-tomcat-6.0.18/lib/tomcat-i18n-ja.jar
7f6860036000-7f6860040000 r--s 000ac000 08:06 6947087                    /home/t/Projects/error-transformation-vm/tomcat/46298/apache-tomcat-6.0.18/lib/tomcat-coyote.jar
7f6860040000-7f6860041000 r--s 00006000 08:06 6947093                    /home/t/Projects/error-transformation-vm/tomcat/46298/apache-tomcat-6.0.18/lib/el-api.jar
7f6860041000-7f6860044000 r--s 0001c000 08:06 6947100                    /home/t/Projects/error-transformation-vm/tomcat/46298/apache-tomcat-6.0.18/lib/catalina-ha.jar
7f6860044000-7f6860075000 rw-p 00000000 00:00 0 
7f6860075000-7f686008d000 r--s 00186000 08:05 148937                     /D/aotes-workspace/jpf-core/build/jpf.jar
7f686008d000-7f6860090000 ---p 00000000 00:00 0 
7f6860090000-7f686018e000 rw-p 00000000 00:00 0                          [stack:17079]
7f686018e000-7f6860191000 ---p 00000000 00:00 0 
7f6860191000-7f686028f000 rw-p 00000000 00:00 0                          [stack:17078]
7f686028f000-7f6860292000 ---p 00000000 00:00 0 
7f6860292000-7f6860390000 rw-p 00000000 00:00 0                          [stack:17077]
7f6860390000-7f6860393000 ---p 00000000 00:00 0 
7f6860393000-7f6860491000 rw-p 00000000 00:00 0                          [stack:17076]
7f6860491000-7f6860494000 ---p 00000000 00:00 0 
7f6860494000-7f6860592000 rw-p 00000000 00:00 0                          [stack:17075]
7f6860592000-7f6860593000 ---p 00000000 00:00 0 
7f6860593000-7f6861692000 rw-p 00000000 00:00 0                          [stack:17074]
7f6861692000-7f6861851000 r--s 039e5000 08:06 4327516                    /home/t/Projects/error-transformation-vm/jdk1.7.0_65/jre/lib/rt.jar
7f6861851000-7f6863c30000 rw-p 00000000 00:00 0 
7f6863c30000-7f6863c31000 ---p 00000000 00:00 0 
7f6863c31000-7f6863d31000 rw-p 00000000 00:00 0                          [stack:17073]
7f6863d31000-7f6863d32000 ---p 00000000 00:00 0 
7f6863d32000-7f6863e32000 rw-p 00000000 00:00 0                          [stack:17072]
7f6863e32000-7f6863e33000 ---p 00000000 00:00 0 
7f6863e33000-7f6863f33000 rw-p 00000000 00:00 0                          [stack:17071]
7f6863f33000-7f6863f34000 ---p 00000000 00:00 0 
7f6863f34000-7f6864048000 rw-p 00000000 00:00 0                          [stack:17070]
7f6864048000-7f6864174000 rw-p 00000000 00:00 0 
7f6864174000-7f686417f000 rw-p 00000000 00:00 0 
7f686417f000-7f686419d000 rw-p 00000000 00:00 0 
7f686419d000-7f68641b1000 rw-p 00000000 00:00 0 
7f68641b1000-7f68642dd000 rw-p 00000000 00:00 0 
7f68642dd000-7f68642fe000 rw-p 00000000 00:00 0 
7f68642fe000-7f686437d000 rw-p 00000000 00:00 0 
7f686437d000-7f686437e000 rw-p 00000000 00:00 0 
7f686437e000-7f68645ee000 rwxp 00000000 00:00 0 
7f68645ee000-7f686737e000 rw-p 00000000 00:00 0 
7f686737e000-7f6867398000 r-xp 00000000 08:06 4327400                    /home/t/Projects/error-transformation-vm/jdk1.7.0_65/jre/lib/amd64/libzip.so
7f6867398000-7f6867598000 ---p 0001a000 08:06 4327400                    /home/t/Projects/error-transformation-vm/jdk1.7.0_65/jre/lib/amd64/libzip.so
7f6867598000-7f6867599000 rw-p 0001a000 08:06 4327400                    /home/t/Projects/error-transformation-vm/jdk1.7.0_65/jre/lib/amd64/libzip.so
7f6867599000-7f68675a4000 r-xp 00000000 08:06 11276261                   /lib/x86_64-linux-gnu/libnss_files-2.19.so
7f68675a4000-7f68677a3000 ---p 0000b000 08:06 11276261                   /lib/x86_64-linux-gnu/libnss_files-2.19.so
7f68677a3000-7f68677a4000 r--p 0000a000 08:06 11276261                   /lib/x86_64-linux-gnu/libnss_files-2.19.so
7f68677a4000-7f68677a5000 rw-p 0000b000 08:06 11276261                   /lib/x86_64-linux-gnu/libnss_files-2.19.so
7f68677a5000-7f68677b0000 r-xp 00000000 08:06 11276258                   /lib/x86_64-linux-gnu/libnss_nis-2.19.so
7f68677b0000-7f68679af000 ---p 0000b000 08:06 11276258                   /lib/x86_64-linux-gnu/libnss_nis-2.19.so
7f68679af000-7f68679b0000 r--p 0000a000 08:06 11276258                   /lib/x86_64-linux-gnu/libnss_nis-2.19.so
7f68679b0000-7f68679b1000 rw-p 0000b000 08:06 11276258                   /lib/x86_64-linux-gnu/libnss_nis-2.19.so
7f68679b1000-7f68679c8000 r-xp 00000000 08:06 11276233                   /lib/x86_64-linux-gnu/libnsl-2.19.so
7f68679c8000-7f6867bc7000 ---p 00017000 08:06 11276233                   /lib/x86_64-linux-gnu/libnsl-2.19.so
7f6867bc7000-7f6867bc8000 r--p 00016000 08:06 11276233                   /lib/x86_64-linux-gnu/libnsl-2.19.so
7f6867bc8000-7f6867bc9000 rw-p 00017000 08:06 11276233                   /lib/x86_64-linux-gnu/libnsl-2.19.so
7f6867bc9000-7f6867bcb000 rw-p 00000000 00:00 0 
7f6867bcb000-7f6867bd4000 r-xp 00000000 08:06 11276199                   /lib/x86_64-linux-gnu/libnss_compat-2.19.so
7f6867bd4000-7f6867dd3000 ---p 00009000 08:06 11276199                   /lib/x86_64-linux-gnu/libnss_compat-2.19.so
7f6867dd3000-7f6867dd4000 r--p 00008000 08:06 11276199                   /lib/x86_64-linux-gnu/libnss_compat-2.19.so
7f6867dd4000-7f6867dd5000 rw-p 00009000 08:06 11276199                   /lib/x86_64-linux-gnu/libnss_compat-2.19.so
7f6867dd5000-7f6867dfe000 r-xp 00000000 08:06 4327383                    /home/t/Projects/error-transformation-vm/jdk1.7.0_65/jre/lib/amd64/libjava.so
7f6867dfe000-7f6867ffe000 ---p 00029000 08:06 4327383                    /home/t/Projects/error-transformation-vm/jdk1.7.0_65/jre/lib/amd64/libjava.so
7f6867ffe000-7f6868000000 rw-p 00029000 08:06 4327383                    /home/t/Projects/error-transformation-vm/jdk1.7.0_65/jre/lib/amd64/libjava.so
7f6868000000-7f68688e0000 rw-p 00000000 00:00 0 
7f68688e0000-7f686c000000 ---p 00000000 00:00 0 
7f686c000000-7f686c004000 r--s 00034000 08:06 6947099                    /home/t/Projects/error-transformation-vm/tomcat/46298/apache-tomcat-6.0.18/lib/catalina-tribes.jar
7f686c004000-7f686c00b000 r--s 00076000 08:06 6947102                    /home/t/Projects/error-transformation-vm/tomcat/46298/apache-tomcat-6.0.18/lib/jasper.jar
7f686c00b000-7f686c08a000 rw-p 00000000 00:00 0 
7f686c08a000-7f686c0a8000 rw-p 00000000 00:00 0 
7f686c0a8000-7f686c0b5000 r-xp 00000000 08:06 4327345                    /home/t/Projects/error-transformation-vm/jdk1.7.0_65/jre/lib/amd64/libverify.so
7f686c0b5000-7f686c2b4000 ---p 0000d000 08:06 4327345                    /home/t/Projects/error-transformation-vm/jdk1.7.0_65/jre/lib/amd64/libverify.so
7f686c2b4000-7f686c2b6000 rw-p 0000c000 08:06 4327345                    /home/t/Projects/error-transformation-vm/jdk1.7.0_65/jre/lib/amd64/libverify.so
7f686c2b6000-7f686c2bd000 r-xp 00000000 08:06 11276122                   /lib/x86_64-linux-gnu/librt-2.19.so
7f686c2bd000-7f686c4bc000 ---p 00007000 08:06 11276122                   /lib/x86_64-linux-gnu/librt-2.19.so
7f686c4bc000-7f686c4bd000 r--p 00006000 08:06 11276122                   /lib/x86_64-linux-gnu/librt-2.19.so
7f686c4bd000-7f686c4be000 rw-p 00007000 08:06 11276122                   /lib/x86_64-linux-gnu/librt-2.19.so
7f686c4be000-7f686c5c3000 r-xp 00000000 08:06 11276232                   /lib/x86_64-linux-gnu/libm-2.19.so
7f686c5c3000-7f686c7c2000 ---p 00105000 08:06 11276232                   /lib/x86_64-linux-gnu/libm-2.19.so
7f686c7c2000-7f686c7c3000 r--p 00104000 08:06 11276232                   /lib/x86_64-linux-gnu/libm-2.19.so
7f686c7c3000-7f686c7c4000 rw-p 00105000 08:06 11276232                   /lib/x86_64-linux-gnu/libm-2.19.so
7f686c7c4000-7f686c97f000 r-xp 00000000 08:06 11276119                   /lib/x86_64-linux-gnu/libc-2.19.so
7f686c97f000-7f686cb7f000 ---p 001bb000 08:06 11276119                   /lib/x86_64-linux-gnu/libc-2.19.so
7f686cb7f000-7f686cb83000 r--p 001bb000 08:06 11276119                   /lib/x86_64-linux-gnu/libc-2.19.so
7f686cb83000-7f686cb85000 rw-p 001bf000 08:06 11276119                   /lib/x86_64-linux-gnu/libc-2.19.so
7f686cb85000-7f686cb8a000 rw-p 00000000 00:00 0 
7f686cb8a000-7f686cb93000 r-xp 00000000 08:06 8008378                    /usr/lib/x86_64-linux-gnu/libhiredis.so.0.10
7f686cb93000-7f686cd92000 ---p 00009000 08:06 8008378                    /usr/lib/x86_64-linux-gnu/libhiredis.so.0.10
7f686cd92000-7f686cd93000 r--p 00008000 08:06 8008378                    /usr/lib/x86_64-linux-gnu/libhiredis.so.0.10
7f686cd93000-7f686cd94000 rw-p 00009000 08:06 8008378                    /usr/lib/x86_64-linux-gnu/libhiredis.so.0.10
7f686cd94000-7f686cdad000 r-xp 00000000 08:06 11276260                   /lib/x86_64-linux-gnu/libpthread-2.19.so
7f686cdad000-7f686cfac000 ---p 00019000 08:06 11276260                   /lib/x86_64-linux-gnu/libpthread-2.19.so
7f686cfac000-7f686cfad000 r--p 00018000 08:06 11276260                   /lib/x86_64-linux-gnu/libpthread-2.19.so
7f686cfad000-7f686cfae000 rw-p 00019000 08:06 11276260                   /lib/x86_64-linux-gnu/libpthread-2.19.so
7f686cfae000-7f686cfb2000 rw-p 00000000 00:00 0 
7f686cfb2000-7f686cfb5000 r-xp 00000000 08:06 11276161                   /lib/x86_64-linux-gnu/libdl-2.19.so
7f686cfb5000-7f686d1b4000 ---p 00003000 08:06 11276161                   /lib/x86_64-linux-gnu/libdl-2.19.so
7f686d1b4000-7f686d1b5000 r--p 00002000 08:06 11276161                   /lib/x86_64-linux-gnu/libdl-2.19.so
7f686d1b5000-7f686d1b6000 rw-p 00003000 08:06 11276161                   /lib/x86_64-linux-gnu/libdl-2.19.so
7f686d1b6000-7f686e326000 r-xp 00000000 08:06 3280609                    /home/t/Projects/error-transformation-vm/hotspot/build/linux/linux_amd64_compiler2/fastdebug/libjvm.so
7f686e326000-7f686e525000 ---p 01170000 08:06 3280609                    /home/t/Projects/error-transformation-vm/hotspot/build/linux/linux_amd64_compiler2/fastdebug/libjvm.so
7f686e525000-7f686e5d0000 r--p 0116f000 08:06 3280609                    /home/t/Projects/error-transformation-vm/hotspot/build/linux/linux_amd64_compiler2/fastdebug/libjvm.so
7f686e5d0000-7f686e5fc000 rw-p 0121a000 08:06 3280609                    /home/t/Projects/error-transformation-vm/hotspot/build/linux/linux_amd64_compiler2/fastdebug/libjvm.so
7f686e5fc000-7f686e696000 rw-p 00000000 00:00 0 
7f686e696000-7f686e6b9000 r-xp 00000000 08:06 11272358                   /lib/x86_64-linux-gnu/ld-2.19.so
7f686e6b9000-7f686e6bb000 r--s 00017000 08:06 6947101                    /home/t/Projects/error-transformation-vm/tomcat/46298/apache-tomcat-6.0.18/lib/jasper-el.jar
7f686e6bb000-7f686e6be000 r--s 0000f000 08:06 6947090                    /home/t/Projects/error-transformation-vm/tomcat/46298/apache-tomcat-6.0.18/lib/jsp-api.jar
7f686e6be000-7f686e6c2000 r--s 0002d000 08:06 6947089                    /home/t/Projects/error-transformation-vm/tomcat/46298/apache-tomcat-6.0.18/lib/tomcat-dbcp.jar
7f686e6c2000-7f686e6d0000 r--s 00106000 08:06 6947098                    /home/t/Projects/error-transformation-vm/tomcat/46298/apache-tomcat-6.0.18/lib/catalina.jar
7f686e6d0000-7f686e6da000 rw-p 00000000 00:00 0 
7f686e6da000-7f686e790000 rw-p 00000000 00:00 0 
7f686e790000-7f686e793000 ---p 00000000 00:00 0 
7f686e793000-7f686e896000 rw-p 00000000 00:00 0                          [stack:17069]
7f686e896000-7f686e897000 r--s 0000b000 08:06 6947086                    /home/t/Projects/error-transformation-vm/tomcat/46298/apache-tomcat-6.0.18/lib/catalina-ant.jar
7f686e897000-7f686e899000 r--s 00013000 08:06 6947088                    /home/t/Projects/error-transformation-vm/tomcat/46298/apache-tomcat-6.0.18/lib/servlet-api.jar
7f686e899000-7f686e8a1000 r--s 000d8000 08:06 6947094                    /home/t/Projects/error-transformation-vm/tomcat/46298/apache-tomcat-6.0.18/lib/mysql-connector-java-5.1.28.jar
7f686e8a1000-7f686e8a2000 r--s 00002000 08:06 6947091                    /home/t/Projects/error-transformation-vm/tomcat/46298/apache-tomcat-6.0.18/lib/annotations-api.jar
7f686e8a2000-7f686e8a3000 r--s 00004000 08:06 6947066                    /home/t/Projects/error-transformation-vm/tomcat/46298/apache-tomcat-6.0.18/bin/tomcat-juli.jar
7f686e8a3000-7f686e8a5000 r--s 00001000 08:06 6947070                    /home/t/Projects/error-transformation-vm/tomcat/46298/apache-tomcat-6.0.18/bin/commons-daemon.jar
7f686e8a5000-7f686e8a7000 r--s 00003000 08:06 6947071                    /home/t/Projects/error-transformation-vm/tomcat/46298/apache-tomcat-6.0.18/bin/bootstrap.jar
7f686e8a7000-7f686e8aa000 r--s 00029000 08:06 3545284                    /home/t/Projects/ares-jpf/ares-jpf.jar
7f686e8aa000-7f686e8b2000 rw-s 00000000 08:06 3015074                    /tmp/hsperfdata_t/17056
7f686e8b2000-7f686e8b4000 rw-p 00000000 00:00 0 
7f686e8b4000-7f686e8b5000 r--p 00000000 00:00 0 
7f686e8b5000-7f686e8b8000 rw-p 00000000 00:00 0 
7f686e8b8000-7f686e8b9000 r--p 00022000 08:06 11272358                   /lib/x86_64-linux-gnu/ld-2.19.so
7f686e8b9000-7f686e8ba000 rw-p 00023000 08:06 11272358                   /lib/x86_64-linux-gnu/ld-2.19.so
7f686e8ba000-7f686e8bb000 rw-p 00000000 00:00 0 
7fff0a2eb000-7fff0a30d000 rw-p 00000000 00:00 0                          [stack]
7fff0a3fe000-7fff0a400000 r-xp 00000000 00:00 0                          [vdso]
ffffffffff600000-ffffffffff601000 r-xp 00000000 00:00 0                  [vsyscall]

VM Arguments:
jvm_args: -Xint -XX:-UseErrorTransformation -XX:-UseEarlyReturn -XX:+UseJPF -XX:TraceRuntimeRecovery=2056 -Xbootclasspath/a:/home/t/Projects/ares-jpf/ares-jpf.jar:/D/aotes-workspace/jpf-core/build/jpf.jar -XX:TraceRuntimeRecovery=2057 -Djava.util.logging.manager=org.apache.juli.ClassLoaderLogManager -Djava.util.logging.config.file=/home/t/Projects/error-transformation-vm/tomcat/46298/apache-tomcat-6.0.18/conf/logging.properties -Djava.endorsed.dirs=/home/t/Projects/error-transformation-vm/tomcat/46298/apache-tomcat-6.0.18/endorsed -Dcatalina.base=/home/t/Projects/error-transformation-vm/tomcat/46298/apache-tomcat-6.0.18 -Dcatalina.home=/home/t/Projects/error-transformation-vm/tomcat/46298/apache-tomcat-6.0.18 -Djava.io.tmpdir=/home/t/Projects/error-transformation-vm/tomcat/46298/apache-tomcat-6.0.18/temp 
java_command: org.apache.catalina.startup.Bootstrap start
Launcher Type: gamma

Environment Variables:
JAVA_HOME=/home/t/Projects/error-transformation-vm/jdk1.7.0_65
PATH=/usr/local/sbin:/usr/local/bin:/usr/sbin:/usr/bin:/sbin:/bin:/usr/games:/usr/local/games
LD_LIBRARY_PATH=/home/t/Projects/error-transformation-vm/hotspot/build/linux/linux_amd64_compiler2/fastdebug:/home/t/Projects/error-transformation-vm/jdk1.7.0_65/jre/lib/amd64
LD_PRELOAD=
SHELL=/bin/bash
DISPLAY=:0

Signal Handlers:
SIGSEGV: [libjvm.so+0xe26370], sa_mask[0]=0x7ffbfeff, sa_flags=0x10000004
SIGBUS: [libjvm.so+0xe26370], sa_mask[0]=0x7ffbfeff, sa_flags=0x10000004
SIGFPE: [libjvm.so+0xbb1ee0], sa_mask[0]=0x7ffbfeff, sa_flags=0x10000004
SIGPIPE: [libjvm.so+0xbb1ee0], sa_mask[0]=0x7ffbfeff, sa_flags=0x10000004
SIGXFSZ: [libjvm.so+0xbb1ee0], sa_mask[0]=0x7ffbfeff, sa_flags=0x10000004
SIGILL: [libjvm.so+0xbb1ee0], sa_mask[0]=0x7ffbfeff, sa_flags=0x10000004
SIGUSR1: SIG_DFL, sa_mask[0]=0x00000000, sa_flags=0x00000000
SIGUSR2: [libjvm.so+0xbb21d0], sa_mask[0]=0x00000000, sa_flags=0x10000004
SIGHUP: [libjvm.so+0xbb20e0], sa_mask[0]=0x7ffbfeff, sa_flags=0x10000004
SIGINT: [libjvm.so+0xbb20e0], sa_mask[0]=0x7ffbfeff, sa_flags=0x10000004
SIGTERM: [libjvm.so+0xbb20e0], sa_mask[0]=0x7ffbfeff, sa_flags=0x10000004
SIGQUIT: [libjvm.so+0xbb20e0], sa_mask[0]=0x7ffbfeff, sa_flags=0x10000004


---------------  S Y S T E M  ---------------

OS:jessie/sid

uname:Linux 3.13.0-37-generic #64-Ubuntu SMP Mon Sep 22 21:28:38 UTC 2014 x86_64
libc:glibc 2.19 NPTL 2.19 
rlimit: STACK 8192k, CORE 0k, NPROC 30489, NOFILE 4096, AS infinity
load average:0.69 1.10 1.06

/proc/meminfo:
MemTotal:        3931964 kB
MemFree:         1058580 kB
Buffers:            6508 kB
Cached:           868584 kB
SwapCached:            0 kB
Active:          2077808 kB
Inactive:         512848 kB
Active(anon):    1717208 kB
Inactive(anon):    65684 kB
Active(file):     360600 kB
Inactive(file):   447164 kB
Unevictable:          64 kB
Mlocked:              64 kB
SwapTotal:             0 kB
SwapFree:              0 kB
Dirty:                 0 kB
Writeback:             0 kB
AnonPages:       1715652 kB
Mapped:           195240 kB
Shmem:             67320 kB
Slab:             110396 kB
SReclaimable:      67964 kB
SUnreclaim:        42432 kB
KernelStack:        5072 kB
PageTables:        44768 kB
NFS_Unstable:          0 kB
Bounce:                0 kB
WritebackTmp:          0 kB
CommitLimit:     1965980 kB
Committed_AS:    6086016 kB
VmallocTotal:   34359738367 kB
VmallocUsed:      388612 kB
VmallocChunk:   34359345148 kB
HardwareCorrupted:     0 kB
AnonHugePages:    657408 kB
HugePages_Total:       0
HugePages_Free:        0
HugePages_Rsvd:        0
HugePages_Surp:        0
Hugepagesize:       2048 kB
DirectMap4k:      169600 kB
DirectMap2M:     3909632 kB


CPU:total 4 (2 cores per cpu, 2 threads per core) family 6 model 42 stepping 7, cmov, cx8, fxsr, mmx, sse, sse2, sse3, ssse3, sse4.1, sse4.2, popcnt, avx, aes, ht, tsc, tscinvbit

/proc/cpuinfo:
processor	: 0
vendor_id	: GenuineIntel
cpu family	: 6
model		: 42
model name	: Intel(R) Core(TM) i5-2520M CPU @ 2.50GHz
stepping	: 7
microcode	: 0x14
cpu MHz		: 2500.000
cache size	: 3072 KB
physical id	: 0
siblings	: 4
core id		: 0
cpu cores	: 2
apicid		: 0
initial apicid	: 0
fpu		: yes
fpu_exception	: yes
cpuid level	: 13
wp		: yes
flags		: fpu vme de pse tsc msr pae mce cx8 apic sep mtrr pge mca cmov pat pse36 clflush dts acpi mmx fxsr sse sse2 ss ht tm pbe syscall nx rdtscp lm constant_tsc arch_perfmon pebs bts nopl xtopology nonstop_tsc aperfmperf eagerfpu pni pclmulqdq dtes64 monitor ds_cpl vmx smx est tm2 ssse3 cx16 xtpr pdcm pcid sse4_1 sse4_2 x2apic popcnt tsc_deadline_timer aes xsave avx lahf_lm ida arat epb xsaveopt pln pts dtherm tpr_shadow vnmi flexpriority ept vpid
bogomips	: 4984.17
clflush size	: 64
cache_alignment	: 64
address sizes	: 36 bits physical, 48 bits virtual
power management:

processor	: 1
vendor_id	: GenuineIntel
cpu family	: 6
model		: 42
model name	: Intel(R) Core(TM) i5-2520M CPU @ 2.50GHz
stepping	: 7
microcode	: 0x14
cpu MHz		: 2501.000
cache size	: 3072 KB
physical id	: 0
siblings	: 4
core id		: 0
cpu cores	: 2
apicid		: 1
initial apicid	: 1
fpu		: yes
fpu_exception	: yes
cpuid level	: 13
wp		: yes
flags		: fpu vme de pse tsc msr pae mce cx8 apic sep mtrr pge mca cmov pat pse36 clflush dts acpi mmx fxsr sse sse2 ss ht tm pbe syscall nx rdtscp lm constant_tsc arch_perfmon pebs bts nopl xtopology nonstop_tsc aperfmperf eagerfpu pni pclmulqdq dtes64 monitor ds_cpl vmx smx est tm2 ssse3 cx16 xtpr pdcm pcid sse4_1 sse4_2 x2apic popcnt tsc_deadline_timer aes xsave avx lahf_lm ida arat epb xsaveopt pln pts dtherm tpr_shadow vnmi flexpriority ept vpid
bogomips	: 4984.17
clflush size	: 64
cache_alignment	: 64
address sizes	: 36 bits physical, 48 bits virtual
power management:

processor	: 2
vendor_id	: GenuineIntel
cpu family	: 6
model		: 42
model name	: Intel(R) Core(TM) i5-2520M CPU @ 2.50GHz
stepping	: 7
microcode	: 0x14
cpu MHz		: 2501.000
cache size	: 3072 KB
physical id	: 0
siblings	: 4
core id		: 1
cpu cores	: 2
apicid		: 2
initial apicid	: 2
fpu		: yes
fpu_exception	: yes
cpuid level	: 13
wp		: yes
flags		: fpu vme de pse tsc msr pae mce cx8 apic sep mtrr pge mca cmov pat pse36 clflush dts acpi mmx fxsr sse sse2 ss ht tm pbe syscall nx rdtscp lm constant_tsc arch_perfmon pebs bts nopl xtopology nonstop_tsc aperfmperf eagerfpu pni pclmulqdq dtes64 monitor ds_cpl vmx smx est tm2 ssse3 cx16 xtpr pdcm pcid sse4_1 sse4_2 x2apic popcnt tsc_deadline_timer aes xsave avx lahf_lm ida arat epb xsaveopt pln pts dtherm tpr_shadow vnmi flexpriority ept vpid
bogomips	: 4984.17
clflush size	: 64
cache_alignment	: 64
address sizes	: 36 bits physical, 48 bits virtual
power management:

processor	: 3
vendor_id	: GenuineIntel
cpu family	: 6
model		: 42
model name	: Intel(R) Core(TM) i5-2520M CPU @ 2.50GHz
stepping	: 7
microcode	: 0x14
cpu MHz		: 1000.000
cache size	: 3072 KB
physical id	: 0
siblings	: 4
core id		: 1
cpu cores	: 2
apicid		: 3
initial apicid	: 3
fpu		: yes
fpu_exception	: yes
cpuid level	: 13
wp		: yes
flags		: fpu vme de pse tsc msr pae mce cx8 apic sep mtrr pge mca cmov pat pse36 clflush dts acpi mmx fxsr sse sse2 ss ht tm pbe syscall nx rdtscp lm constant_tsc arch_perfmon pebs bts nopl xtopology nonstop_tsc aperfmperf eagerfpu pni pclmulqdq dtes64 monitor ds_cpl vmx smx est tm2 ssse3 cx16 xtpr pdcm pcid sse4_1 sse4_2 x2apic popcnt tsc_deadline_timer aes xsave avx lahf_lm ida arat epb xsaveopt pln pts dtherm tpr_shadow vnmi flexpriority ept vpid
bogomips	: 4984.17
clflush size	: 64
cache_alignment	: 64
address sizes	: 36 bits physical, 48 bits virtual
power management:



Memory: 4k page, physical 3931964k(1058580k free), swap 0k(0k free)

vm_info: OpenJDK 64-Bit Server VM (24.60-b08-internal-fastdebug) for linux-amd64 JRE (1.7.0), built on Jun 26 2015 02:00:27 by "t" with gcc 4.8.2

time: Fri Jun 26 02:05:28 2015
elapsed time: 16 seconds

