#
# A fatal error has been detected by the Java Runtime Environment:
#
#  Internal Error (/home/t/Projects/error-transformation-vm/hotspot/src/share/vm/interpreter/interpreterRuntime.cpp:399), pid=18219, tid=140682455926528
#  assert(Klass::cast(h_exception->klass())->name() == vmSymbols::java_lang_reflect_InvocationTargetException() || rrs->last_checked_exception() == h_exception()) failed: sanity check
#
# JRE version: Java(TM) SE Runtime Environment (7.0_65-b17) (build 1.7.0_65-b17)
# Java VM: OpenJDK 64-Bit Server VM (24.60-b08-internal-fastdebug interpreted mode linux-amd64 compressed oops)
# Failed to write core dump. Core dumps have been disabled. To enable core dumping, try "ulimit -c unlimited" before starting Java again
#
# If you would like to submit a bug report, please visit:
#   http://bugreport.sun.com/bugreport/crash.jsp
#

---------------  T H R E A D  ---------------

Current thread (0x00007ff2fc001000):  JavaThread "http-8080-1" daemon [_thread_in_vm, id=18267, stack(0x00007ff32fbfc000,0x00007ff32fcfd000)]

Stack: [0x00007ff32fbfc000,0x00007ff32fcfd000],  sp=0x00007ff32fcfae40,  free space=1019k
Native frames: (J=compiled Java code, j=interpreted, Vv=VM code, C=native code)
V  [libjvm.so+0xe25858]  VMError::report_and_die()+0x178
V  [libjvm.so+0x6af97b]  report_vm_error(char const*, int, char const*, char const*)+0x7b
V  [libjvm.so+0x8b75b8]  InterpreterRuntime::recovery_handler_for_exception(JavaThread*, oopDesc*)+0x3c8
j  org.apache.catalina.realm.JDBCRealm.getPassword(Ljava/lang/String;)Ljava/lang/String;+214
j  org.apache.catalina.realm.JDBCRealm.authenticate(Ljava/sql/Connection;Ljava/lang/String;Ljava/lang/String;)Ljava/security/Principal;+8
j  org.apache.catalina.realm.JDBCRealm.authenticate(Ljava/lang/String;Ljava/lang/String;)Ljava/security/Principal;+18
j  org.apache.catalina.authenticator.BasicAuthenticator.authenticate(Lorg/apache/catalina/connector/Request;Lorg/apache/catalina/connector/Response;Lorg/apache/catalina/deploy/LoginConfig;)Z+326
j  org.apache.catalina.authenticator.AuthenticatorBase.invoke(Lorg/apache/catalina/connector/Request;Lorg/apache/catalina/connector/Response;)V+559
j  org.apache.catalina.core.StandardHostValve.invoke(Lorg/apache/catalina/connector/Request;Lorg/apache/catalina/connector/Response;)V+64
j  org.apache.catalina.valves.ErrorReportValve.invoke(Lorg/apache/catalina/connector/Request;Lorg/apache/catalina/connector/Response;)V+6
j  org.apache.catalina.core.StandardEngineValve.invoke(Lorg/apache/catalina/connector/Request;Lorg/apache/catalina/connector/Response;)V+42
j  org.apache.catalina.connector.CoyoteAdapter.service(Lorg/apache/coyote/Request;Lorg/apache/coyote/Response;)V+157
j  org.apache.coyote.http11.Http11Processor.process(Ljava/net/Socket;)V+432
j  org.apache.coyote.http11.Http11Protocol$Http11ConnectionHandler.process(Ljava/net/Socket;)Z+82
j  org.apache.tomcat.util.net.JIoEndpoint$Worker.run()V+41
j  java.lang.Thread.run()V+11
v  ~StubRoutines::call_stub
V  [libjvm.so+0x8c8c1a]  JavaCalls::call_helper(JavaValue*, methodHandle*, JavaCallArguments*, Thread*)+0x6ca
V  [libjvm.so+0x8c8ff0]  JavaCalls::call_virtual(JavaValue*, Handle, KlassHandle, Symbol*, Symbol*, Thread*)+0x340
V  [libjvm.so+0x951c10]  thread_entry(JavaThread*, Thread*)+0x100
V  [libjvm.so+0xdb4a2c]  JavaThread::thread_main_inner()+0x18c
V  [libjvm.so+0xdb4d1f]  JavaThread::run()+0x2bf
V  [libjvm.so+0xbb4132]  java_start(Thread*)+0xf2

Java frames: (J=compiled Java code, j=interpreted, Vv=VM code)
j  org.apache.catalina.realm.JDBCRealm.getPassword(Ljava/lang/String;)Ljava/lang/String;+214
j  org.apache.catalina.realm.JDBCRealm.authenticate(Ljava/sql/Connection;Ljava/lang/String;Ljava/lang/String;)Ljava/security/Principal;+8
j  org.apache.catalina.realm.JDBCRealm.authenticate(Ljava/lang/String;Ljava/lang/String;)Ljava/security/Principal;+18
j  org.apache.catalina.authenticator.BasicAuthenticator.authenticate(Lorg/apache/catalina/connector/Request;Lorg/apache/catalina/connector/Response;Lorg/apache/catalina/deploy/LoginConfig;)Z+326
j  org.apache.catalina.authenticator.AuthenticatorBase.invoke(Lorg/apache/catalina/connector/Request;Lorg/apache/catalina/connector/Response;)V+559
j  org.apache.catalina.core.StandardHostValve.invoke(Lorg/apache/catalina/connector/Request;Lorg/apache/catalina/connector/Response;)V+64
j  org.apache.catalina.valves.ErrorReportValve.invoke(Lorg/apache/catalina/connector/Request;Lorg/apache/catalina/connector/Response;)V+6
j  org.apache.catalina.core.StandardEngineValve.invoke(Lorg/apache/catalina/connector/Request;Lorg/apache/catalina/connector/Response;)V+42
j  org.apache.catalina.connector.CoyoteAdapter.service(Lorg/apache/coyote/Request;Lorg/apache/coyote/Response;)V+157
j  org.apache.coyote.http11.Http11Processor.process(Ljava/net/Socket;)V+432
j  org.apache.coyote.http11.Http11Protocol$Http11ConnectionHandler.process(Ljava/net/Socket;)Z+82
j  org.apache.tomcat.util.net.JIoEndpoint$Worker.run()V+41
j  java.lang.Thread.run()V+11
v  ~StubRoutines::call_stub

---------------  P R O C E S S  ---------------

Java Threads: ( => current thread )
=>0x00007ff2fc001000 JavaThread "http-8080-1" daemon [_thread_in_vm, id=18267, stack(0x00007ff32fbfc000,0x00007ff32fcfd000)]
  0x00007ff3405ec800 JavaThread "TP-Monitor" daemon [_thread_blocked, id=18256, stack(0x00007ff32fcfd000,0x00007ff32fdfe000)]
  0x00007ff3406b5000 JavaThread "TP-Processor4" daemon [_thread_in_native, id=18255, stack(0x00007ff32fdfe000,0x00007ff32feff000)]
  0x00007ff3406b2800 JavaThread "TP-Processor3" daemon [_thread_blocked, id=18254, stack(0x00007ff32feff000,0x00007ff330000000)]
  0x00007ff3406b0800 JavaThread "TP-Processor2" daemon [_thread_blocked, id=18253, stack(0x00007ff334066000,0x00007ff334167000)]
  0x00007ff3408d2000 JavaThread "TP-Processor1" daemon [_thread_blocked, id=18252, stack(0x00007ff334167000,0x00007ff334268000)]
  0x00007ff3408ab800 JavaThread "http-8080-Acceptor-0" daemon [_thread_in_native, id=18251, stack(0x00007ff334268000,0x00007ff334369000)]
  0x00007ff34088e800 JavaThread "ContainerBackgroundProcessor[StandardEngine[Catalina]]" daemon [_thread_blocked, id=18250, stack(0x00007ff334369000,0x00007ff33446a000)]
  0x00007ff340455000 JavaThread "Abandoned connection cleanup thread" daemon [_thread_blocked, id=18245, stack(0x00007ff334472000,0x00007ff334573000)]
  0x00007ff34011e000 JavaThread "Service Thread" daemon [_thread_blocked, id=18243, stack(0x00007ff334af4000,0x00007ff334bf5000)]
  0x00007ff34011b000 JavaThread "C2 CompilerThread1" daemon [_thread_blocked, id=18242, stack(0x00007ff334bf5000,0x00007ff334cf6000)]
  0x00007ff340118000 JavaThread "C2 CompilerThread0" daemon [_thread_blocked, id=18241, stack(0x00007ff334cf6000,0x00007ff334df7000)]
  0x00007ff340115000 JavaThread "Signal Dispatcher" daemon [_thread_blocked, id=18240, stack(0x00007ff334df7000,0x00007ff334ef8000)]
  0x00007ff3400af000 JavaThread "Finalizer" daemon [_thread_blocked, id=18239, stack(0x00007ff335364000,0x00007ff335465000)]
  0x00007ff3400ac800 JavaThread "Reference Handler" daemon [_thread_blocked, id=18238, stack(0x00007ff335465000,0x00007ff335566000)]
  0x00007ff34000d800 JavaThread "main" [_thread_in_native, id=18232, stack(0x00007ff347785000,0x00007ff347886000)]

Other Threads:
  0x00007ff3400a3000 VMThread [stack: 0x00007ff335566000,0x00007ff335667000] [id=18237]
  0x00007ff340122000 WatcherThread [stack: 0x00007ff3349f3000,0x00007ff334af4000] [id=18244]

VM state:not at safepoint (normal execution)

VM Mutex/Monitor currently owned by a thread: None

Heap
 PSYoungGen      total 33280K, used 17295K [0x00000000ec000000, 0x00000000f0e00000, 0x0000000100000000)
  eden space 30720K, 47% used [0x00000000ec000000,0x00000000ece65f40,0x00000000ede00000)
  from space 2560K, 99% used [0x00000000ede00000,0x00000000ee07e010,0x00000000ee080000)
  to   space 9216K, 0% used [0x00000000f0500000,0x00000000f0500000,0x00000000f0e00000)
 ParOldGen       total 40960K, used 18300K [0x00000000c4000000, 0x00000000c6800000, 0x00000000ec000000)
  object space 40960K, 44% used [0x00000000c4000000,0x00000000c51df160,0x00000000c6800000)
 PSPermGen       total 21504K, used 16281K [0x00000000bee00000, 0x00000000c0300000, 0x00000000c4000000)
  object space 21504K, 75% used [0x00000000bee00000,0x00000000bfde6568,0x00000000c0300000)

Card table byte_map: [0x00007ff344211000,0x00007ff34441b000] byte_map_base: 0x00007ff343c1a000

Polling page: 0x00007ff3478a9000

Code Cache  [0x00007ff33d000000, 0x00007ff33d270000, 0x00007ff340000000)
 total_blobs=312 nmethods=0 adapters=289 free_code_cache=48012Kb largest_free_block=49164416

Compilation events (0 events):
No events

GC Heap History (10 events):
Event: 1.081 GC heap before
{Heap before GC invocations=1 (full 0):
 PSYoungGen      total 17920K, used 15360K [0x00000000ec000000, 0x00000000ed400000, 0x0000000100000000)
  eden space 15360K, 100% used [0x00000000ec000000,0x00000000ecf00000,0x00000000ecf00000)
  from space 2560K, 0% used [0x00000000ed180000,0x00000000ed180000,0x00000000ed400000)
  to   space 2560K, 0% used [0x00000000ecf00000,0x00000000ecf00000,0x00000000ed180000)
 ParOldGen       total 40960K, used 0K [0x00000000c4000000, 0x00000000c6800000, 0x00000000ec000000)
  object space 40960K, 0% used [0x00000000c4000000,0x00000000c4000000,0x00000000c6800000)
 PSPermGen       total 21504K, used 7311K [0x00000000bee00000, 0x00000000c0300000, 0x00000000c4000000)
  object space 21504K, 34% used [0x00000000bee00000,0x00000000bf523de0,0x00000000c0300000)
Event: 1.095 GC heap after
Heap after GC invocations=1 (full 0):
 PSYoungGen      total 17920K, used 2552K [0x00000000ec000000, 0x00000000ed400000, 0x0000000100000000)
  eden space 15360K, 0% used [0x00000000ec000000,0x00000000ec000000,0x00000000ecf00000)
  from space 2560K, 99% used [0x00000000ecf00000,0x00000000ed17e070,0x00000000ed180000)
  to   space 2560K, 0% used [0x00000000ed180000,0x00000000ed180000,0x00000000ed400000)
 ParOldGen       total 40960K, used 536K [0x00000000c4000000, 0x00000000c6800000, 0x00000000ec000000)
  object space 40960K, 1% used [0x00000000c4000000,0x00000000c4086150,0x00000000c6800000)
 PSPermGen       total 21504K, used 7311K [0x00000000bee00000, 0x00000000c0300000, 0x00000000c4000000)
  object space 21504K, 34% used [0x00000000bee00000,0x00000000bf523de0,0x00000000c0300000)
}
Event: 2.167 GC heap before
{Heap before GC invocations=2 (full 0):
 PSYoungGen      total 17920K, used 17912K [0x00000000ec000000, 0x00000000ed400000, 0x0000000100000000)
  eden space 15360K, 100% used [0x00000000ec000000,0x00000000ecf00000,0x00000000ecf00000)
  from space 2560K, 99% used [0x00000000ecf00000,0x00000000ed17e070,0x00000000ed180000)
  to   space 2560K, 0% used [0x00000000ed180000,0x00000000ed180000,0x00000000ed400000)
 ParOldGen       total 40960K, used 536K [0x00000000c4000000, 0x00000000c6800000, 0x00000000ec000000)
  object space 40960K, 1% used [0x00000000c4000000,0x00000000c4086150,0x00000000c6800000)
 PSPermGen       total 21504K, used 12151K [0x00000000bee00000, 0x00000000c0300000, 0x00000000c4000000)
  object space 21504K, 56% used [0x00000000bee00000,0x00000000bf9ddd18,0x00000000c0300000)
Event: 2.204 GC heap after
Heap after GC invocations=2 (full 0):
 PSYoungGen      total 17920K, used 2528K [0x00000000ec000000, 0x00000000ee300000, 0x0000000100000000)
  eden space 15360K, 0% used [0x00000000ec000000,0x00000000ec000000,0x00000000ecf00000)
  from space 2560K, 98% used [0x00000000ed180000,0x00000000ed3f8050,0x00000000ed400000)
  to   space 2560K, 0% used [0x00000000ecf00000,0x00000000ecf00000,0x00000000ed180000)
 ParOldGen       total 40960K, used 4855K [0x00000000c4000000, 0x00000000c6800000, 0x00000000ec000000)
  object space 40960K, 11% used [0x00000000c4000000,0x00000000c44bde58,0x00000000c6800000)
 PSPermGen       total 21504K, used 12151K [0x00000000bee00000, 0x00000000c0300000, 0x00000000c4000000)
  object space 21504K, 56% used [0x00000000bee00000,0x00000000bf9ddd18,0x00000000c0300000)
}
Event: 2.868 GC heap before
{Heap before GC invocations=3 (full 0):
 PSYoungGen      total 17920K, used 17888K [0x00000000ec000000, 0x00000000ee300000, 0x0000000100000000)
  eden space 15360K, 100% used [0x00000000ec000000,0x00000000ecf00000,0x00000000ecf00000)
  from space 2560K, 98% used [0x00000000ed180000,0x00000000ed3f8050,0x00000000ed400000)
  to   space 2560K, 0% used [0x00000000ecf00000,0x00000000ecf00000,0x00000000ed180000)
 ParOldGen       total 40960K, used 4855K [0x00000000c4000000, 0x00000000c6800000, 0x00000000ec000000)
  object space 40960K, 11% used [0x00000000c4000000,0x00000000c44bde58,0x00000000c6800000)
 PSPermGen       total 21504K, used 13863K [0x00000000bee00000, 0x00000000c0300000, 0x00000000c4000000)
  object space 21504K, 64% used [0x00000000bee00000,0x00000000bfb89c20,0x00000000c0300000)
Event: 2.900 GC heap after
Heap after GC invocations=3 (full 0):
 PSYoungGen      total 17920K, used 2544K [0x00000000ec000000, 0x00000000ee300000, 0x0000000100000000)
  eden space 15360K, 0% used [0x00000000ec000000,0x00000000ec000000,0x00000000ecf00000)
  from space 2560K, 99% used [0x00000000ecf00000,0x00000000ed17c020,0x00000000ed180000)
  to   space 2560K, 0% used [0x00000000ee080000,0x00000000ee080000,0x00000000ee300000)
 ParOldGen       total 40960K, used 9184K [0x00000000c4000000, 0x00000000c6800000, 0x00000000ec000000)
  object space 40960K, 22% used [0x00000000c4000000,0x00000000c48f8240,0x00000000c6800000)
 PSPermGen       total 21504K, used 13863K [0x00000000bee00000, 0x00000000c0300000, 0x00000000c4000000)
  object space 21504K, 64% used [0x00000000bee00000,0x00000000bfb89c20,0x00000000c0300000)
}
Event: 4.096 GC heap before
{Heap before GC invocations=4 (full 0):
 PSYoungGen      total 17920K, used 17904K [0x00000000ec000000, 0x00000000ee300000, 0x0000000100000000)
  eden space 15360K, 100% used [0x00000000ec000000,0x00000000ecf00000,0x00000000ecf00000)
  from space 2560K, 99% used [0x00000000ecf00000,0x00000000ed17c020,0x00000000ed180000)
  to   space 2560K, 0% used [0x00000000ee080000,0x00000000ee080000,0x00000000ee300000)
 ParOldGen       total 40960K, used 9184K [0x00000000c4000000, 0x00000000c6800000, 0x00000000ec000000)
  object space 40960K, 22% used [0x00000000c4000000,0x00000000c48f8240,0x00000000c6800000)
 PSPermGen       total 21504K, used 15251K [0x00000000bee00000, 0x00000000c0300000, 0x00000000c4000000)
  object space 21504K, 70% used [0x00000000bee00000,0x00000000bfce4e00,0x00000000c0300000)
Event: 4.142 GC heap after
Heap after GC invocations=4 (full 0):
 PSYoungGen      total 33280K, used 2544K [0x00000000ec000000, 0x00000000ee300000, 0x0000000100000000)
  eden space 30720K, 0% used [0x00000000ec000000,0x00000000ec000000,0x00000000ede00000)
  from space 2560K, 99% used [0x00000000ee080000,0x00000000ee2fc030,0x00000000ee300000)
  to   space 2560K, 0% used [0x00000000ede00000,0x00000000ede00000,0x00000000ee080000)
 ParOldGen       total 40960K, used 14543K [0x00000000c4000000, 0x00000000c6800000, 0x00000000ec000000)
  object space 40960K, 35% used [0x00000000c4000000,0x00000000c4e33d30,0x00000000c6800000)
 PSPermGen       total 21504K, used 15251K [0x00000000bee00000, 0x00000000c0300000, 0x00000000c4000000)
  object space 21504K, 70% used [0x00000000bee00000,0x00000000bfce4e00,0x00000000c0300000)
}
Event: 13.971 GC heap before
{Heap before GC invocations=5 (full 0):
 PSYoungGen      total 33280K, used 33264K [0x00000000ec000000, 0x00000000ee300000, 0x0000000100000000)
  eden space 30720K, 100% used [0x00000000ec000000,0x00000000ede00000,0x00000000ede00000)
  from space 2560K, 99% used [0x00000000ee080000,0x00000000ee2fc030,0x00000000ee300000)
  to   space 2560K, 0% used [0x00000000ede00000,0x00000000ede00000,0x00000000ee080000)
 ParOldGen       total 40960K, used 14543K [0x00000000c4000000, 0x00000000c6800000, 0x00000000ec000000)
  object space 40960K, 35% used [0x00000000c4000000,0x00000000c4e33d30,0x00000000c6800000)
 PSPermGen       total 21504K, used 16177K [0x00000000bee00000, 0x00000000c0300000, 0x00000000c4000000)
  object space 21504K, 75% used [0x00000000bee00000,0x00000000bfdcc628,0x00000000c0300000)
Event: 14.028 GC heap after
Heap after GC invocations=5 (full 0):
 PSYoungGen      total 33280K, used 2552K [0x00000000ec000000, 0x00000000f0e00000, 0x0000000100000000)
  eden space 30720K, 0% used [0x00000000ec000000,0x00000000ec000000,0x00000000ede00000)
  from space 2560K, 99% used [0x00000000ede00000,0x00000000ee07e010,0x00000000ee080000)
  to   space 9216K, 0% used [0x00000000f0500000,0x00000000f0500000,0x00000000f0e00000)
 ParOldGen       total 40960K, used 18300K [0x00000000c4000000, 0x00000000c6800000, 0x00000000ec000000)
  object space 40960K, 44% used [0x00000000c4000000,0x00000000c51df160,0x00000000c6800000)
 PSPermGen       total 21504K, used 16177K [0x00000000bee00000, 0x00000000c0300000, 0x00000000c4000000)
  object space 21504K, 75% used [0x00000000bee00000,0x00000000bfdcc628,0x00000000c0300000)
}

Deoptimization events (0 events):
No events

Internal exceptions (10 events):
Event: 14.683 Thread 0x00007ff2fc001000 Threw 0x00000000ecb898a0 at /home/t/Projects/error-transformation-vm/hotspot/src/share/vm/prims/jvm.cpp:1244
Event: 14.690 Thread 0x00007ff2fc001000 Threw 0x00000000ecba4200 at /home/t/Projects/error-transformation-vm/hotspot/src/share/vm/prims/jvm.cpp:1244
Event: 14.690 Thread 0x00007ff2fc001000 Threw 0x00000000ecba5010 at /home/t/Projects/error-transformation-vm/hotspot/src/share/vm/prims/jvm.cpp:1244
Event: 14.691 Thread 0x00007ff2fc001000 Threw 0x00000000ecba5840 at /home/t/Projects/error-transformation-vm/hotspot/src/share/vm/prims/jvm.cpp:1244
Event: 14.694 Thread 0x00007ff2fc001000 Threw 0x00000000ecbbb4b0 at /home/t/Projects/error-transformation-vm/hotspot/src/share/vm/prims/jvm.cpp:1244
Event: 14.694 Thread 0x00007ff2fc001000 Threw 0x00000000ecbbc3e8 at /home/t/Projects/error-transformation-vm/hotspot/src/share/vm/prims/jvm.cpp:1244
Event: 14.695 Thread 0x00007ff2fc001000 Threw 0x00000000ecbbccf8 at /home/t/Projects/error-transformation-vm/hotspot/src/share/vm/prims/jvm.cpp:1244
Event: 14.706 Thread 0x00007ff2fc001000 Threw 0x00000000ecbf64c8 at /home/t/Projects/error-transformation-vm/hotspot/src/share/vm/interpreter/linkResolver.cpp:969
Event: 14.800 Thread 0x00007ff2fc001000 Threw 0x00000000ecd65640 at /home/t/Projects/error-transformation-vm/hotspot/src/share/vm/interpreter/linkResolver.cpp:969
Event: 14.839 Thread 0x00007ff2fc001000 Threw 0x00000000ece34b88 at /home/t/Projects/error-transformation-vm/hotspot/src/share/vm/interpreter/linkResolver.cpp:969

Events (10 events):
Event: 14.690 loading class 0x00007ff2dc016fa8
Event: 14.690 loading class 0x00007ff2dc016fa8 done
Event: 14.694 loading class 0x00007ff2dc017038
Event: 14.694 loading class 0x00007ff2dc017038 done
Event: 14.694 loading class 0x00007ff2dc0170e8
Event: 14.694 loading class 0x00007ff2dc0170e8 done
Event: 14.694 loading class 0x00007ff2dc0171a8
Event: 14.694 loading class 0x00007ff2dc0171a8 done
Event: 14.769 loading class 0x00007ff2dc017248
Event: 14.769 loading class 0x00007ff2dc017248 done


Dynamic libraries:
00400000-00408000 r-xp 00000000 08:06 3280615                            /home/t/Projects/error-transformation-vm/hotspot/build/linux/linux_amd64_compiler2/fastdebug/gamma
00607000-00608000 r--p 00007000 08:06 3280615                            /home/t/Projects/error-transformation-vm/hotspot/build/linux/linux_amd64_compiler2/fastdebug/gamma
00608000-00609000 rw-p 00008000 08:06 3280615                            /home/t/Projects/error-transformation-vm/hotspot/build/linux/linux_amd64_compiler2/fastdebug/gamma
01983000-019a4000 rw-p 00000000 00:00 0                                  [heap]
bee00000-c0300000 rw-p 00000000 00:00 0 
c0300000-c4000000 rw-p 00000000 00:00 0 
c4000000-c6800000 rw-p 00000000 00:00 0 
c6800000-ec000000 rw-p 00000000 00:00 0 
ec000000-f0e00000 rw-p 00000000 00:00 0 
f0e00000-100000000 rw-p 00000000 00:00 0 
7ff2dc000000-7ff2dc04d000 rw-p 00000000 00:00 0 
7ff2dc04d000-7ff2e0000000 ---p 00000000 00:00 0 
7ff2e4000000-7ff2e4021000 rw-p 00000000 00:00 0 
7ff2e4021000-7ff2e8000000 ---p 00000000 00:00 0 
7ff2e8000000-7ff2e8021000 rw-p 00000000 00:00 0 
7ff2e8021000-7ff2ec000000 ---p 00000000 00:00 0 
7ff2ec000000-7ff2ec021000 rw-p 00000000 00:00 0 
7ff2ec021000-7ff2f0000000 ---p 00000000 00:00 0 
7ff2f0000000-7ff2f0021000 rw-p 00000000 00:00 0 
7ff2f0021000-7ff2f4000000 ---p 00000000 00:00 0 
7ff2f4000000-7ff2f4021000 rw-p 00000000 00:00 0 
7ff2f4021000-7ff2f8000000 ---p 00000000 00:00 0 
7ff2f8000000-7ff2f8021000 rw-p 00000000 00:00 0 
7ff2f8021000-7ff2fc000000 ---p 00000000 00:00 0 
7ff2fc000000-7ff2fc021000 rw-p 00000000 00:00 0 
7ff2fc021000-7ff300000000 ---p 00000000 00:00 0 
7ff300000000-7ff300021000 rw-p 00000000 00:00 0 
7ff300021000-7ff304000000 ---p 00000000 00:00 0 
7ff304000000-7ff304021000 rw-p 00000000 00:00 0 
7ff304021000-7ff308000000 ---p 00000000 00:00 0 
7ff308000000-7ff308021000 rw-p 00000000 00:00 0 
7ff308021000-7ff30c000000 ---p 00000000 00:00 0 
7ff30c000000-7ff30c021000 rw-p 00000000 00:00 0 
7ff30c021000-7ff310000000 ---p 00000000 00:00 0 
7ff310000000-7ff310021000 rw-p 00000000 00:00 0 
7ff310021000-7ff314000000 ---p 00000000 00:00 0 
7ff314000000-7ff314021000 rw-p 00000000 00:00 0 
7ff314021000-7ff318000000 ---p 00000000 00:00 0 
7ff318000000-7ff318021000 rw-p 00000000 00:00 0 
7ff318021000-7ff31c000000 ---p 00000000 00:00 0 
7ff31c000000-7ff31c035000 rw-p 00000000 00:00 0 
7ff31c035000-7ff320000000 ---p 00000000 00:00 0 
7ff320000000-7ff320021000 rw-p 00000000 00:00 0 
7ff320021000-7ff324000000 ---p 00000000 00:00 0 
7ff324000000-7ff324021000 rw-p 00000000 00:00 0 
7ff324021000-7ff328000000 ---p 00000000 00:00 0 
7ff328000000-7ff328021000 rw-p 00000000 00:00 0 
7ff328021000-7ff32c000000 ---p 00000000 00:00 0 
7ff32f930000-7ff32fbfc000 rw-p 00000000 00:00 0 
7ff32fbfc000-7ff32fbff000 ---p 00000000 00:00 0 
7ff32fbff000-7ff32fcfd000 rw-p 00000000 00:00 0                          [stack:18267]
7ff32fcfd000-7ff32fd00000 ---p 00000000 00:00 0 
7ff32fd00000-7ff32fdfe000 rw-p 00000000 00:00 0                          [stack:18256]
7ff32fdfe000-7ff32fe01000 ---p 00000000 00:00 0 
7ff32fe01000-7ff32feff000 rw-p 00000000 00:00 0                          [stack:18255]
7ff32feff000-7ff32ff02000 ---p 00000000 00:00 0 
7ff32ff02000-7ff330000000 rw-p 00000000 00:00 0                          [stack:18254]
7ff330000000-7ff330021000 rw-p 00000000 00:00 0 
7ff330021000-7ff334000000 ---p 00000000 00:00 0 
7ff334065000-7ff334066000 rw-p 00000000 00:00 0 
7ff334066000-7ff334069000 ---p 00000000 00:00 0 
7ff334069000-7ff334167000 rw-p 00000000 00:00 0                          [stack:18253]
7ff334167000-7ff33416a000 ---p 00000000 00:00 0 
7ff33416a000-7ff334268000 rw-p 00000000 00:00 0                          [stack:18252]
7ff334268000-7ff33426b000 ---p 00000000 00:00 0 
7ff33426b000-7ff334369000 rw-p 00000000 00:00 0                          [stack:18251]
7ff334369000-7ff33436c000 ---p 00000000 00:00 0 
7ff33436c000-7ff33446a000 rw-p 00000000 00:00 0                          [stack:18250]
7ff33446a000-7ff33446e000 r--s 0008a000 08:06 4327529                    /home/t/Projects/error-transformation-vm/jdk1.7.0_65/jre/lib/jsse.jar
7ff33446e000-7ff334472000 r--s 0001b000 08:05 148936                     /D/aotes-workspace/jpf-core/build/jpf-classes.jar
7ff334472000-7ff334475000 ---p 00000000 00:00 0 
7ff334475000-7ff334573000 rw-p 00000000 00:00 0                          [stack:18245]
7ff334573000-7ff33457d000 r--s 00251000 08:06 4327458                    /home/t/Projects/error-transformation-vm/jdk1.7.0_65/jre/lib/resources.jar
7ff33457d000-7ff334581000 r--s 000f7000 08:06 4326850                    /home/t/Projects/error-transformation-vm/jdk1.7.0_65/jre/lib/ext/localedata.jar
7ff334581000-7ff33458d000 r--s 00149000 08:06 6947097                    /home/t/Projects/error-transformation-vm/tomcat/46298/apache-tomcat-6.0.18/lib/jasper-jdt.jar
7ff33458d000-7ff334590000 r--s 00009000 08:06 6947096                    /home/t/Projects/error-transformation-vm/tomcat/46298/apache-tomcat-6.0.18/lib/tomcat-i18n-es.jar
7ff334590000-7ff33459a000 r--s 000ac000 08:06 6947087                    /home/t/Projects/error-transformation-vm/tomcat/46298/apache-tomcat-6.0.18/lib/tomcat-coyote.jar
7ff33459a000-7ff3345cb000 rw-p 00000000 00:00 0 
7ff3345cb000-7ff3345e1000 r-xp 00000000 08:06 4327346                    /home/t/Projects/error-transformation-vm/jdk1.7.0_65/jre/lib/amd64/libnet.so
7ff3345e1000-7ff3347e1000 ---p 00016000 08:06 4327346                    /home/t/Projects/error-transformation-vm/jdk1.7.0_65/jre/lib/amd64/libnet.so
7ff3347e1000-7ff3347e2000 rw-p 00016000 08:06 4327346                    /home/t/Projects/error-transformation-vm/jdk1.7.0_65/jre/lib/amd64/libnet.so
7ff3347e2000-7ff3347f2000 r-xp 00000000 08:06 4327386                    /home/t/Projects/error-transformation-vm/jdk1.7.0_65/jre/lib/amd64/libnio.so
7ff3347f2000-7ff3349f2000 ---p 00010000 08:06 4327386                    /home/t/Projects/error-transformation-vm/jdk1.7.0_65/jre/lib/amd64/libnio.so
7ff3349f2000-7ff3349f3000 rw-p 00010000 08:06 4327386                    /home/t/Projects/error-transformation-vm/jdk1.7.0_65/jre/lib/amd64/libnio.so
7ff3349f3000-7ff3349f4000 ---p 00000000 00:00 0 
7ff3349f4000-7ff334af4000 rw-p 00000000 00:00 0                          [stack:18244]
7ff334af4000-7ff334af7000 ---p 00000000 00:00 0 
7ff334af7000-7ff334bf5000 rw-p 00000000 00:00 0                          [stack:18243]
7ff334bf5000-7ff334bf8000 ---p 00000000 00:00 0 
7ff334bf8000-7ff334cf6000 rw-p 00000000 00:00 0                          [stack:18242]
7ff334cf6000-7ff334cf9000 ---p 00000000 00:00 0 
7ff334cf9000-7ff334df7000 rw-p 00000000 00:00 0                          [stack:18241]
7ff334df7000-7ff334dfa000 ---p 00000000 00:00 0 
7ff334dfa000-7ff334ef8000 rw-p 00000000 00:00 0                          [stack:18240]
7ff334ef8000-7ff335364000 r--p 00000000 08:06 8003345                    /usr/lib/locale/locale-archive
7ff335364000-7ff335367000 ---p 00000000 00:00 0 
7ff335367000-7ff335465000 rw-p 00000000 00:00 0                          [stack:18239]
7ff335465000-7ff335468000 ---p 00000000 00:00 0 
7ff335468000-7ff335566000 rw-p 00000000 00:00 0                          [stack:18238]
7ff335566000-7ff335567000 ---p 00000000 00:00 0 
7ff335567000-7ff338000000 rw-p 00000000 00:00 0                          [stack:18237]
7ff338000000-7ff338021000 rw-p 00000000 00:00 0 
7ff338021000-7ff33c000000 ---p 00000000 00:00 0 
7ff33c000000-7ff33c001000 r--s 00000000 08:05 148938                     /D/aotes-workspace/jpf-core/build/jpf-annotations.jar
7ff33c001000-7ff33c019000 r--s 00186000 08:05 148937                     /D/aotes-workspace/jpf-core/build/jpf.jar
7ff33c019000-7ff33c6ee000 rw-p 00000000 00:00 0 
7ff33c6ee000-7ff33c8ad000 r--s 039e5000 08:06 4327516                    /home/t/Projects/error-transformation-vm/jdk1.7.0_65/jre/lib/rt.jar
7ff33c8ad000-7ff33cbfc000 rw-p 00000000 00:00 0 
7ff33cbfc000-7ff33cbfd000 ---p 00000000 00:00 0 
7ff33cbfd000-7ff33ccfd000 rw-p 00000000 00:00 0                          [stack:18236]
7ff33ccfd000-7ff33ccfe000 ---p 00000000 00:00 0 
7ff33ccfe000-7ff33cdfe000 rw-p 00000000 00:00 0                          [stack:18235]
7ff33cdfe000-7ff33cdff000 ---p 00000000 00:00 0 
7ff33cdff000-7ff33ceff000 rw-p 00000000 00:00 0                          [stack:18234]
7ff33ceff000-7ff33cf00000 ---p 00000000 00:00 0 
7ff33cf00000-7ff33d000000 rw-p 00000000 00:00 0                          [stack:18233]
7ff33d000000-7ff33d270000 rwxp 00000000 00:00 0 
7ff33d270000-7ff3408ef000 rw-p 00000000 00:00 0 
7ff3408ef000-7ff344000000 ---p 00000000 00:00 0 
7ff344000000-7ff344002000 r--s 00009000 08:06 6947092                    /home/t/Projects/error-transformation-vm/tomcat/46298/apache-tomcat-6.0.18/lib/tomcat-i18n-fr.jar
7ff344002000-7ff344004000 r--s 0000a000 08:06 6947095                    /home/t/Projects/error-transformation-vm/tomcat/46298/apache-tomcat-6.0.18/lib/tomcat-i18n-ja.jar
7ff344004000-7ff344005000 r--s 00006000 08:06 6947093                    /home/t/Projects/error-transformation-vm/tomcat/46298/apache-tomcat-6.0.18/lib/el-api.jar
7ff344005000-7ff344008000 r--s 0001c000 08:06 6947100                    /home/t/Projects/error-transformation-vm/tomcat/46298/apache-tomcat-6.0.18/lib/catalina-ha.jar
7ff344008000-7ff34400c000 r--s 00034000 08:06 6947099                    /home/t/Projects/error-transformation-vm/tomcat/46298/apache-tomcat-6.0.18/lib/catalina-tribes.jar
7ff34400c000-7ff344013000 r--s 00076000 08:06 6947102                    /home/t/Projects/error-transformation-vm/tomcat/46298/apache-tomcat-6.0.18/lib/jasper.jar
7ff344013000-7ff3440b3000 rw-p 00000000 00:00 0 
7ff3440b3000-7ff3440d1000 rw-p 00000000 00:00 0 
7ff3440d1000-7ff3440e5000 rw-p 00000000 00:00 0 
7ff3440e5000-7ff344211000 rw-p 00000000 00:00 0 
7ff344211000-7ff34421c000 rw-p 00000000 00:00 0 
7ff34421c000-7ff34423a000 rw-p 00000000 00:00 0 
7ff34423a000-7ff34424e000 rw-p 00000000 00:00 0 
7ff34424e000-7ff34437a000 rw-p 00000000 00:00 0 
7ff34437a000-7ff3443a1000 rw-p 00000000 00:00 0 
7ff3443a1000-7ff34441a000 rw-p 00000000 00:00 0 
7ff34441a000-7ff34441b000 rw-p 00000000 00:00 0 
7ff34441b000-7ff344435000 r-xp 00000000 08:06 4327400                    /home/t/Projects/error-transformation-vm/jdk1.7.0_65/jre/lib/amd64/libzip.so
7ff344435000-7ff344635000 ---p 0001a000 08:06 4327400                    /home/t/Projects/error-transformation-vm/jdk1.7.0_65/jre/lib/amd64/libzip.so
7ff344635000-7ff344636000 rw-p 0001a000 08:06 4327400                    /home/t/Projects/error-transformation-vm/jdk1.7.0_65/jre/lib/amd64/libzip.so
7ff344636000-7ff344641000 r-xp 00000000 08:06 11276261                   /lib/x86_64-linux-gnu/libnss_files-2.19.so
7ff344641000-7ff344840000 ---p 0000b000 08:06 11276261                   /lib/x86_64-linux-gnu/libnss_files-2.19.so
7ff344840000-7ff344841000 r--p 0000a000 08:06 11276261                   /lib/x86_64-linux-gnu/libnss_files-2.19.so
7ff344841000-7ff344842000 rw-p 0000b000 08:06 11276261                   /lib/x86_64-linux-gnu/libnss_files-2.19.so
7ff344842000-7ff34484d000 r-xp 00000000 08:06 11276258                   /lib/x86_64-linux-gnu/libnss_nis-2.19.so
7ff34484d000-7ff344a4c000 ---p 0000b000 08:06 11276258                   /lib/x86_64-linux-gnu/libnss_nis-2.19.so
7ff344a4c000-7ff344a4d000 r--p 0000a000 08:06 11276258                   /lib/x86_64-linux-gnu/libnss_nis-2.19.so
7ff344a4d000-7ff344a4e000 rw-p 0000b000 08:06 11276258                   /lib/x86_64-linux-gnu/libnss_nis-2.19.so
7ff344a4e000-7ff344a65000 r-xp 00000000 08:06 11276233                   /lib/x86_64-linux-gnu/libnsl-2.19.so
7ff344a65000-7ff344c64000 ---p 00017000 08:06 11276233                   /lib/x86_64-linux-gnu/libnsl-2.19.so
7ff344c64000-7ff344c65000 r--p 00016000 08:06 11276233                   /lib/x86_64-linux-gnu/libnsl-2.19.so
7ff344c65000-7ff344c66000 rw-p 00017000 08:06 11276233                   /lib/x86_64-linux-gnu/libnsl-2.19.so
7ff344c66000-7ff344c68000 rw-p 00000000 00:00 0 
7ff344c68000-7ff344c71000 r-xp 00000000 08:06 11276199                   /lib/x86_64-linux-gnu/libnss_compat-2.19.so
7ff344c71000-7ff344e70000 ---p 00009000 08:06 11276199                   /lib/x86_64-linux-gnu/libnss_compat-2.19.so
7ff344e70000-7ff344e71000 r--p 00008000 08:06 11276199                   /lib/x86_64-linux-gnu/libnss_compat-2.19.so
7ff344e71000-7ff344e72000 rw-p 00009000 08:06 11276199                   /lib/x86_64-linux-gnu/libnss_compat-2.19.so
7ff344e72000-7ff344e9b000 r-xp 00000000 08:06 4327383                    /home/t/Projects/error-transformation-vm/jdk1.7.0_65/jre/lib/amd64/libjava.so
7ff344e9b000-7ff34509b000 ---p 00029000 08:06 4327383                    /home/t/Projects/error-transformation-vm/jdk1.7.0_65/jre/lib/amd64/libjava.so
7ff34509b000-7ff34509d000 rw-p 00029000 08:06 4327383                    /home/t/Projects/error-transformation-vm/jdk1.7.0_65/jre/lib/amd64/libjava.so
7ff34509d000-7ff3450aa000 r-xp 00000000 08:06 4327345                    /home/t/Projects/error-transformation-vm/jdk1.7.0_65/jre/lib/amd64/libverify.so
7ff3450aa000-7ff3452a9000 ---p 0000d000 08:06 4327345                    /home/t/Projects/error-transformation-vm/jdk1.7.0_65/jre/lib/amd64/libverify.so
7ff3452a9000-7ff3452ab000 rw-p 0000c000 08:06 4327345                    /home/t/Projects/error-transformation-vm/jdk1.7.0_65/jre/lib/amd64/libverify.so
7ff3452ab000-7ff3452b2000 r-xp 00000000 08:06 11276122                   /lib/x86_64-linux-gnu/librt-2.19.so
7ff3452b2000-7ff3454b1000 ---p 00007000 08:06 11276122                   /lib/x86_64-linux-gnu/librt-2.19.so
7ff3454b1000-7ff3454b2000 r--p 00006000 08:06 11276122                   /lib/x86_64-linux-gnu/librt-2.19.so
7ff3454b2000-7ff3454b3000 rw-p 00007000 08:06 11276122                   /lib/x86_64-linux-gnu/librt-2.19.so
7ff3454b3000-7ff3455b8000 r-xp 00000000 08:06 11276232                   /lib/x86_64-linux-gnu/libm-2.19.so
7ff3455b8000-7ff3457b7000 ---p 00105000 08:06 11276232                   /lib/x86_64-linux-gnu/libm-2.19.so
7ff3457b7000-7ff3457b8000 r--p 00104000 08:06 11276232                   /lib/x86_64-linux-gnu/libm-2.19.so
7ff3457b8000-7ff3457b9000 rw-p 00105000 08:06 11276232                   /lib/x86_64-linux-gnu/libm-2.19.so
7ff3457b9000-7ff345974000 r-xp 00000000 08:06 11276119                   /lib/x86_64-linux-gnu/libc-2.19.so
7ff345974000-7ff345b74000 ---p 001bb000 08:06 11276119                   /lib/x86_64-linux-gnu/libc-2.19.so
7ff345b74000-7ff345b78000 r--p 001bb000 08:06 11276119                   /lib/x86_64-linux-gnu/libc-2.19.so
7ff345b78000-7ff345b7a000 rw-p 001bf000 08:06 11276119                   /lib/x86_64-linux-gnu/libc-2.19.so
7ff345b7a000-7ff345b7f000 rw-p 00000000 00:00 0 
7ff345b7f000-7ff345b88000 r-xp 00000000 08:06 8008378                    /usr/lib/x86_64-linux-gnu/libhiredis.so.0.10
7ff345b88000-7ff345d87000 ---p 00009000 08:06 8008378                    /usr/lib/x86_64-linux-gnu/libhiredis.so.0.10
7ff345d87000-7ff345d88000 r--p 00008000 08:06 8008378                    /usr/lib/x86_64-linux-gnu/libhiredis.so.0.10
7ff345d88000-7ff345d89000 rw-p 00009000 08:06 8008378                    /usr/lib/x86_64-linux-gnu/libhiredis.so.0.10
7ff345d89000-7ff345da2000 r-xp 00000000 08:06 11276260                   /lib/x86_64-linux-gnu/libpthread-2.19.so
7ff345da2000-7ff345fa1000 ---p 00019000 08:06 11276260                   /lib/x86_64-linux-gnu/libpthread-2.19.so
7ff345fa1000-7ff345fa2000 r--p 00018000 08:06 11276260                   /lib/x86_64-linux-gnu/libpthread-2.19.so
7ff345fa2000-7ff345fa3000 rw-p 00019000 08:06 11276260                   /lib/x86_64-linux-gnu/libpthread-2.19.so
7ff345fa3000-7ff345fa7000 rw-p 00000000 00:00 0 
7ff345fa7000-7ff345faa000 r-xp 00000000 08:06 11276161                   /lib/x86_64-linux-gnu/libdl-2.19.so
7ff345faa000-7ff3461a9000 ---p 00003000 08:06 11276161                   /lib/x86_64-linux-gnu/libdl-2.19.so
7ff3461a9000-7ff3461aa000 r--p 00002000 08:06 11276161                   /lib/x86_64-linux-gnu/libdl-2.19.so
7ff3461aa000-7ff3461ab000 rw-p 00003000 08:06 11276161                   /lib/x86_64-linux-gnu/libdl-2.19.so
7ff3461ab000-7ff34731b000 r-xp 00000000 08:06 3280609                    /home/t/Projects/error-transformation-vm/hotspot/build/linux/linux_amd64_compiler2/fastdebug/libjvm.so
7ff34731b000-7ff34751a000 ---p 01170000 08:06 3280609                    /home/t/Projects/error-transformation-vm/hotspot/build/linux/linux_amd64_compiler2/fastdebug/libjvm.so
7ff34751a000-7ff3475c5000 r--p 0116f000 08:06 3280609                    /home/t/Projects/error-transformation-vm/hotspot/build/linux/linux_amd64_compiler2/fastdebug/libjvm.so
7ff3475c5000-7ff3475f1000 rw-p 0121a000 08:06 3280609                    /home/t/Projects/error-transformation-vm/hotspot/build/linux/linux_amd64_compiler2/fastdebug/libjvm.so
7ff3475f1000-7ff34768b000 rw-p 00000000 00:00 0 
7ff34768b000-7ff3476ae000 r-xp 00000000 08:06 11272358                   /lib/x86_64-linux-gnu/ld-2.19.so
7ff3476ae000-7ff3476b0000 r--s 00017000 08:06 6947101                    /home/t/Projects/error-transformation-vm/tomcat/46298/apache-tomcat-6.0.18/lib/jasper-el.jar
7ff3476b0000-7ff3476b3000 r--s 0000f000 08:06 6947090                    /home/t/Projects/error-transformation-vm/tomcat/46298/apache-tomcat-6.0.18/lib/jsp-api.jar
7ff3476b3000-7ff3476b7000 r--s 0002d000 08:06 6947089                    /home/t/Projects/error-transformation-vm/tomcat/46298/apache-tomcat-6.0.18/lib/tomcat-dbcp.jar
7ff3476b7000-7ff3476c5000 r--s 00106000 08:06 6947098                    /home/t/Projects/error-transformation-vm/tomcat/46298/apache-tomcat-6.0.18/lib/catalina.jar
7ff3476c5000-7ff3476cf000 rw-p 00000000 00:00 0 
7ff3476cf000-7ff347785000 rw-p 00000000 00:00 0 
7ff347785000-7ff347788000 ---p 00000000 00:00 0 
7ff347788000-7ff34788b000 rw-p 00000000 00:00 0                          [stack:18232]
7ff34788b000-7ff34788c000 r--s 0000b000 08:06 6947086                    /home/t/Projects/error-transformation-vm/tomcat/46298/apache-tomcat-6.0.18/lib/catalina-ant.jar
7ff34788c000-7ff34788e000 r--s 00013000 08:06 6947088                    /home/t/Projects/error-transformation-vm/tomcat/46298/apache-tomcat-6.0.18/lib/servlet-api.jar
7ff34788e000-7ff347896000 r--s 000d8000 08:06 6947094                    /home/t/Projects/error-transformation-vm/tomcat/46298/apache-tomcat-6.0.18/lib/mysql-connector-java-5.1.28.jar
7ff347896000-7ff347897000 r--s 00002000 08:06 6947091                    /home/t/Projects/error-transformation-vm/tomcat/46298/apache-tomcat-6.0.18/lib/annotations-api.jar
7ff347897000-7ff347898000 r--s 00004000 08:06 6947066                    /home/t/Projects/error-transformation-vm/tomcat/46298/apache-tomcat-6.0.18/bin/tomcat-juli.jar
7ff347898000-7ff34789a000 r--s 00001000 08:06 6947070                    /home/t/Projects/error-transformation-vm/tomcat/46298/apache-tomcat-6.0.18/bin/commons-daemon.jar
7ff34789a000-7ff34789c000 r--s 00003000 08:06 6947071                    /home/t/Projects/error-transformation-vm/tomcat/46298/apache-tomcat-6.0.18/bin/bootstrap.jar
7ff34789c000-7ff34789f000 r--s 00029000 08:06 3545284                    /home/t/Projects/ares-jpf/ares-jpf.jar
7ff34789f000-7ff3478a7000 rw-s 00000000 08:06 3015071                    /tmp/hsperfdata_t/18219
7ff3478a7000-7ff3478a9000 rw-p 00000000 00:00 0 
7ff3478a9000-7ff3478aa000 r--p 00000000 00:00 0 
7ff3478aa000-7ff3478ad000 rw-p 00000000 00:00 0 
7ff3478ad000-7ff3478ae000 r--p 00022000 08:06 11272358                   /lib/x86_64-linux-gnu/ld-2.19.so
7ff3478ae000-7ff3478af000 rw-p 00023000 08:06 11272358                   /lib/x86_64-linux-gnu/ld-2.19.so
7ff3478af000-7ff3478b0000 rw-p 00000000 00:00 0 
7fff6e396000-7fff6e3b8000 rw-p 00000000 00:00 0                          [stack]
7fff6e3fe000-7fff6e400000 r-xp 00000000 00:00 0                          [vdso]
ffffffffff600000-ffffffffff601000 r-xp 00000000 00:00 0                  [vsyscall]

VM Arguments:
jvm_args: -Xint -XX:-UseErrorTransformation -XX:-UseEarlyReturn -XX:+UseJPF -XX:TraceRuntimeRecovery=2056 -Xbootclasspath/a:/home/t/Projects/ares-jpf/ares-jpf.jar:/D/aotes-workspace/jpf-core/build/jpf.jar -XX:TraceRuntimeRecovery=2057 -Djava.util.logging.manager=org.apache.juli.ClassLoaderLogManager -Djava.util.logging.config.file=/home/t/Projects/error-transformation-vm/tomcat/46298/apache-tomcat-6.0.18/conf/logging.properties -Djava.endorsed.dirs=/home/t/Projects/error-transformation-vm/tomcat/46298/apache-tomcat-6.0.18/endorsed -Dcatalina.base=/home/t/Projects/error-transformation-vm/tomcat/46298/apache-tomcat-6.0.18 -Dcatalina.home=/home/t/Projects/error-transformation-vm/tomcat/46298/apache-tomcat-6.0.18 -Djava.io.tmpdir=/home/t/Projects/error-transformation-vm/tomcat/46298/apache-tomcat-6.0.18/temp 
java_command: org.apache.catalina.startup.Bootstrap start
Launcher Type: gamma

Environment Variables:
JAVA_HOME=/home/t/Projects/error-transformation-vm/jdk1.7.0_65
PATH=/usr/local/sbin:/usr/local/bin:/usr/sbin:/usr/bin:/sbin:/bin:/usr/games:/usr/local/games
LD_LIBRARY_PATH=/home/t/Projects/error-transformation-vm/hotspot/build/linux/linux_amd64_compiler2/fastdebug:/home/t/Projects/error-transformation-vm/jdk1.7.0_65/jre/lib/amd64
LD_PRELOAD=
SHELL=/bin/bash
DISPLAY=:0

Signal Handlers:
SIGSEGV: [libjvm.so+0xe26400], sa_mask[0]=0x7ffbfeff, sa_flags=0x10000004
SIGBUS: [libjvm.so+0xe26400], sa_mask[0]=0x7ffbfeff, sa_flags=0x10000004
SIGFPE: [libjvm.so+0xbb1f70], sa_mask[0]=0x7ffbfeff, sa_flags=0x10000004
SIGPIPE: [libjvm.so+0xbb1f70], sa_mask[0]=0x7ffbfeff, sa_flags=0x10000004
SIGXFSZ: [libjvm.so+0xbb1f70], sa_mask[0]=0x7ffbfeff, sa_flags=0x10000004
SIGILL: [libjvm.so+0xbb1f70], sa_mask[0]=0x7ffbfeff, sa_flags=0x10000004
SIGUSR1: SIG_DFL, sa_mask[0]=0x00000000, sa_flags=0x00000000
SIGUSR2: [libjvm.so+0xbb2260], sa_mask[0]=0x00000000, sa_flags=0x10000004
SIGHUP: [libjvm.so+0xbb2170], sa_mask[0]=0x7ffbfeff, sa_flags=0x10000004
SIGINT: [libjvm.so+0xbb2170], sa_mask[0]=0x7ffbfeff, sa_flags=0x10000004
SIGTERM: [libjvm.so+0xbb2170], sa_mask[0]=0x7ffbfeff, sa_flags=0x10000004
SIGQUIT: [libjvm.so+0xbb2170], sa_mask[0]=0x7ffbfeff, sa_flags=0x10000004


---------------  S Y S T E M  ---------------

OS:jessie/sid

uname:Linux 3.13.0-37-generic #64-Ubuntu SMP Mon Sep 22 21:28:38 UTC 2014 x86_64
libc:glibc 2.19 NPTL 2.19 
rlimit: STACK 8192k, CORE 0k, NPROC 30489, NOFILE 4096, AS infinity
load average:1.32 1.06 1.06

/proc/meminfo:
MemTotal:        3931964 kB
MemFree:         1035456 kB
Buffers:            4056 kB
Cached:           883456 kB
SwapCached:            0 kB
Active:          2047296 kB
Inactive:         560432 kB
Active(anon):    1721856 kB
Inactive(anon):    65280 kB
Active(file):     325440 kB
Inactive(file):   495152 kB
Unevictable:          64 kB
Mlocked:              64 kB
SwapTotal:             0 kB
SwapFree:              0 kB
Dirty:                 0 kB
Writeback:             0 kB
AnonPages:       1720384 kB
Mapped:           183348 kB
Shmem:             66916 kB
Slab:             110000 kB
SReclaimable:      67572 kB
SUnreclaim:        42428 kB
KernelStack:        4944 kB
PageTables:        44420 kB
NFS_Unstable:          0 kB
Bounce:                0 kB
WritebackTmp:          0 kB
CommitLimit:     1965980 kB
Committed_AS:    6077564 kB
VmallocTotal:   34359738367 kB
VmallocUsed:      388612 kB
VmallocChunk:   34359345148 kB
HardwareCorrupted:     0 kB
AnonHugePages:    677888 kB
HugePages_Total:       0
HugePages_Free:        0
HugePages_Rsvd:        0
HugePages_Surp:        0
Hugepagesize:       2048 kB
DirectMap4k:      169600 kB
DirectMap2M:     3909632 kB


CPU:total 4 (2 cores per cpu, 2 threads per core) family 6 model 42 stepping 7, cmov, cx8, fxsr, mmx, sse, sse2, sse3, ssse3, sse4.1, sse4.2, popcnt, avx, aes, ht, tsc, tscinvbit

/proc/cpuinfo:
processor	: 0
vendor_id	: GenuineIntel
cpu family	: 6
model		: 42
model name	: Intel(R) Core(TM) i5-2520M CPU @ 2.50GHz
stepping	: 7
microcode	: 0x14
cpu MHz		: 2501.000
cache size	: 3072 KB
physical id	: 0
siblings	: 4
core id		: 0
cpu cores	: 2
apicid		: 0
initial apicid	: 0
fpu		: yes
fpu_exception	: yes
cpuid level	: 13
wp		: yes
flags		: fpu vme de pse tsc msr pae mce cx8 apic sep mtrr pge mca cmov pat pse36 clflush dts acpi mmx fxsr sse sse2 ss ht tm pbe syscall nx rdtscp lm constant_tsc arch_perfmon pebs bts nopl xtopology nonstop_tsc aperfmperf eagerfpu pni pclmulqdq dtes64 monitor ds_cpl vmx smx est tm2 ssse3 cx16 xtpr pdcm pcid sse4_1 sse4_2 x2apic popcnt tsc_deadline_timer aes xsave avx lahf_lm ida arat epb xsaveopt pln pts dtherm tpr_shadow vnmi flexpriority ept vpid
bogomips	: 4984.17
clflush size	: 64
cache_alignment	: 64
address sizes	: 36 bits physical, 48 bits virtual
power management:

processor	: 1
vendor_id	: GenuineIntel
cpu family	: 6
model		: 42
model name	: Intel(R) Core(TM) i5-2520M CPU @ 2.50GHz
stepping	: 7
microcode	: 0x14
cpu MHz		: 800.000
cache size	: 3072 KB
physical id	: 0
siblings	: 4
core id		: 0
cpu cores	: 2
apicid		: 1
initial apicid	: 1
fpu		: yes
fpu_exception	: yes
cpuid level	: 13
wp		: yes
flags		: fpu vme de pse tsc msr pae mce cx8 apic sep mtrr pge mca cmov pat pse36 clflush dts acpi mmx fxsr sse sse2 ss ht tm pbe syscall nx rdtscp lm constant_tsc arch_perfmon pebs bts nopl xtopology nonstop_tsc aperfmperf eagerfpu pni pclmulqdq dtes64 monitor ds_cpl vmx smx est tm2 ssse3 cx16 xtpr pdcm pcid sse4_1 sse4_2 x2apic popcnt tsc_deadline_timer aes xsave avx lahf_lm ida arat epb xsaveopt pln pts dtherm tpr_shadow vnmi flexpriority ept vpid
bogomips	: 4984.17
clflush size	: 64
cache_alignment	: 64
address sizes	: 36 bits physical, 48 bits virtual
power management:

processor	: 2
vendor_id	: GenuineIntel
cpu family	: 6
model		: 42
model name	: Intel(R) Core(TM) i5-2520M CPU @ 2.50GHz
stepping	: 7
microcode	: 0x14
cpu MHz		: 2500.000
cache size	: 3072 KB
physical id	: 0
siblings	: 4
core id		: 1
cpu cores	: 2
apicid		: 2
initial apicid	: 2
fpu		: yes
fpu_exception	: yes
cpuid level	: 13
wp		: yes
flags		: fpu vme de pse tsc msr pae mce cx8 apic sep mtrr pge mca cmov pat pse36 clflush dts acpi mmx fxsr sse sse2 ss ht tm pbe syscall nx rdtscp lm constant_tsc arch_perfmon pebs bts nopl xtopology nonstop_tsc aperfmperf eagerfpu pni pclmulqdq dtes64 monitor ds_cpl vmx smx est tm2 ssse3 cx16 xtpr pdcm pcid sse4_1 sse4_2 x2apic popcnt tsc_deadline_timer aes xsave avx lahf_lm ida arat epb xsaveopt pln pts dtherm tpr_shadow vnmi flexpriority ept vpid
bogomips	: 4984.17
clflush size	: 64
cache_alignment	: 64
address sizes	: 36 bits physical, 48 bits virtual
power management:

processor	: 3
vendor_id	: GenuineIntel
cpu family	: 6
model		: 42
model name	: Intel(R) Core(TM) i5-2520M CPU @ 2.50GHz
stepping	: 7
microcode	: 0x14
cpu MHz		: 2501.000
cache size	: 3072 KB
physical id	: 0
siblings	: 4
core id		: 1
cpu cores	: 2
apicid		: 3
initial apicid	: 3
fpu		: yes
fpu_exception	: yes
cpuid level	: 13
wp		: yes
flags		: fpu vme de pse tsc msr pae mce cx8 apic sep mtrr pge mca cmov pat pse36 clflush dts acpi mmx fxsr sse sse2 ss ht tm pbe syscall nx rdtscp lm constant_tsc arch_perfmon pebs bts nopl xtopology nonstop_tsc aperfmperf eagerfpu pni pclmulqdq dtes64 monitor ds_cpl vmx smx est tm2 ssse3 cx16 xtpr pdcm pcid sse4_1 sse4_2 x2apic popcnt tsc_deadline_timer aes xsave avx lahf_lm ida arat epb xsaveopt pln pts dtherm tpr_shadow vnmi flexpriority ept vpid
bogomips	: 4984.17
clflush size	: 64
cache_alignment	: 64
address sizes	: 36 bits physical, 48 bits virtual
power management:



Memory: 4k page, physical 3931964k(1035456k free), swap 0k(0k free)

vm_info: OpenJDK 64-Bit Server VM (24.60-b08-internal-fastdebug) for linux-amd64 JRE (1.7.0), built on Jun 26 2015 02:10:51 by "t" with gcc 4.8.2

time: Fri Jun 26 02:12:18 2015
elapsed time: 14 seconds

