#
# A fatal error has been detected by the Java Runtime Environment:
#
#  Internal Error (/home/t/Projects/error-transformation-vm/hotspot/src/share/vm/interpreter/interpreterRuntime.cpp:396), pid=20882, tid=140107284997888
#  assert(Klass::cast(h_exception->klass())->name() == vmSymbols::java_lang_reflect_InvocationTargetException() || rrs->last_checked_exception() == h_exception()) failed: sanity check
#
# JRE version: Java(TM) SE Runtime Environment (7.0_65-b17) (build 1.7.0_65-b17)
# Java VM: OpenJDK 64-Bit Server VM (24.60-b08-internal-fastdebug interpreted mode linux-amd64 compressed oops)
# Failed to write core dump. Core dumps have been disabled. To enable core dumping, try "ulimit -c unlimited" before starting Java again
#
# If you would like to submit a bug report, please visit:
#   http://bugreport.sun.com/bugreport/crash.jsp
#

---------------  T H R E A D  ---------------

Current thread (0x00007f6d500af000):  JavaThread "Finalizer" daemon [_thread_in_vm, id=20902, stack(0x00007f6d44e3e000,0x00007f6d44f3f000)]

Stack: [0x00007f6d44e3e000,0x00007f6d44f3f000],  sp=0x00007f6d44f3d370,  free space=1020k
Native frames: (J=compiled Java code, j=interpreted, Vv=VM code, C=native code)
V  [libjvm.so+0xe25748]  VMError::report_and_die()+0x178
V  [libjvm.so+0x6af97b]  report_vm_error(char const*, int, char const*, char const*)+0x7b
V  [libjvm.so+0x8b74eb]  InterpreterRuntime::recovery_handler_for_exception(JavaThread*, oopDesc*)+0x2fb
j  java.lang.System$2.invokeFinalize(Ljava/lang/Object;)V+1
j  java.lang.ref.Finalizer.runFinalizer(Lsun/misc/JavaLangAccess;)V+46
j  java.lang.ref.Finalizer.access$100(Ljava/lang/ref/Finalizer;Lsun/misc/JavaLangAccess;)V+2
j  java.lang.ref.Finalizer$FinalizerThread.run()V+45
v  ~StubRoutines::call_stub
V  [libjvm.so+0x8c8b0a]  JavaCalls::call_helper(JavaValue*, methodHandle*, JavaCallArguments*, Thread*)+0x6ca
V  [libjvm.so+0x8c8ee0]  JavaCalls::call_virtual(JavaValue*, Handle, KlassHandle, Symbol*, Symbol*, Thread*)+0x340
V  [libjvm.so+0x951b00]  thread_entry(JavaThread*, Thread*)+0x100
V  [libjvm.so+0xdb491c]  JavaThread::thread_main_inner()+0x18c
V  [libjvm.so+0xdb4c0f]  JavaThread::run()+0x2bf
V  [libjvm.so+0xbb4022]  java_start(Thread*)+0xf2

Java frames: (J=compiled Java code, j=interpreted, Vv=VM code)
j  java.lang.System$2.invokeFinalize(Ljava/lang/Object;)V+1
j  java.lang.ref.Finalizer.runFinalizer(Lsun/misc/JavaLangAccess;)V+46
j  java.lang.ref.Finalizer.access$100(Ljava/lang/ref/Finalizer;Lsun/misc/JavaLangAccess;)V+2
j  java.lang.ref.Finalizer$FinalizerThread.run()V+45
v  ~StubRoutines::call_stub

---------------  P R O C E S S  ---------------

Java Threads: ( => current thread )
  0x00007f6d5044a800 JavaThread "Abandoned connection cleanup thread" daemon [_thread_blocked, id=20908, stack(0x00007f6d17eff000,0x00007f6d18000000)]
  0x00007f6d5011e000 JavaThread "Service Thread" daemon [_thread_blocked, id=20906, stack(0x00007f6d445ce000,0x00007f6d446cf000)]
  0x00007f6d5011b000 JavaThread "C2 CompilerThread1" daemon [_thread_blocked, id=20905, stack(0x00007f6d446cf000,0x00007f6d447d0000)]
  0x00007f6d50117800 JavaThread "C2 CompilerThread0" daemon [_thread_blocked, id=20904, stack(0x00007f6d447d0000,0x00007f6d448d1000)]
  0x00007f6d50115000 JavaThread "Signal Dispatcher" daemon [_thread_blocked, id=20903, stack(0x00007f6d448d1000,0x00007f6d449d2000)]
=>0x00007f6d500af000 JavaThread "Finalizer" daemon [_thread_in_vm, id=20902, stack(0x00007f6d44e3e000,0x00007f6d44f3f000)]
  0x00007f6d500ac800 JavaThread "Reference Handler" daemon [_thread_blocked, id=20901, stack(0x00007f6d44f3f000,0x00007f6d45040000)]
  0x00007f6d5000d800 JavaThread "main" [_thread_in_vm, id=20895, stack(0x00007f6d57264000,0x00007f6d57365000)]

Other Threads:
  0x00007f6d500a3000 VMThread [stack: 0x00007f6d45040000,0x00007f6d45141000] [id=20900]
  0x00007f6d50122000 WatcherThread [stack: 0x00007f6d444cd000,0x00007f6d445ce000] [id=20907]

VM state:not at safepoint (normal execution)

VM Mutex/Monitor currently owned by a thread: None

Heap
 PSYoungGen      total 33280K, used 11639K [0x00000000ec000000, 0x00000000ee300000, 0x0000000100000000)
  eden space 30720K, 29% used [0x00000000ec000000,0x00000000ec8e1f50,0x00000000ede00000)
  from space 2560K, 99% used [0x00000000ee080000,0x00000000ee2fc030,0x00000000ee300000)
  to   space 2560K, 0% used [0x00000000ede00000,0x00000000ede00000,0x00000000ee080000)
 ParOldGen       total 40960K, used 4874K [0x00000000c4000000, 0x00000000c6800000, 0x00000000ec000000)
  object space 40960K, 11% used [0x00000000c4000000,0x00000000c44c2960,0x00000000c6800000)
 PSPermGen       total 21504K, used 12656K [0x00000000bee00000, 0x00000000c0300000, 0x00000000c4000000)
  object space 21504K, 58% used [0x00000000bee00000,0x00000000bfa5c378,0x00000000c0300000)

Card table byte_map: [0x00007f6d4cbdb000,0x00007f6d4cde5000] byte_map_base: 0x00007f6d4c5e4000

Polling page: 0x00007f6d57388000

Code Cache  [0x00007f6d4cde5000, 0x00007f6d4d055000, 0x00007f6d4fde5000)
 total_blobs=281 nmethods=0 adapters=258 free_code_cache=48038Kb largest_free_block=49190784

Compilation events (0 events):
No events

GC Heap History (4 events):
Event: 1.100 GC heap before
{Heap before GC invocations=1 (full 0):
 PSYoungGen      total 17920K, used 15360K [0x00000000ec000000, 0x00000000ed400000, 0x0000000100000000)
  eden space 15360K, 100% used [0x00000000ec000000,0x00000000ecf00000,0x00000000ecf00000)
  from space 2560K, 0% used [0x00000000ed180000,0x00000000ed180000,0x00000000ed400000)
  to   space 2560K, 0% used [0x00000000ecf00000,0x00000000ecf00000,0x00000000ed180000)
 ParOldGen       total 40960K, used 0K [0x00000000c4000000, 0x00000000c6800000, 0x00000000ec000000)
  object space 40960K, 0% used [0x00000000c4000000,0x00000000c4000000,0x00000000c6800000)
 PSPermGen       total 21504K, used 7311K [0x00000000bee00000, 0x00000000c0300000, 0x00000000c4000000)
  object space 21504K, 34% used [0x00000000bee00000,0x00000000bf523de0,0x00000000c0300000)
Event: 1.120 GC heap after
Heap after GC invocations=1 (full 0):
 PSYoungGen      total 17920K, used 2558K [0x00000000ec000000, 0x00000000ee300000, 0x0000000100000000)
  eden space 15360K, 0% used [0x00000000ec000000,0x00000000ec000000,0x00000000ecf00000)
  from space 2560K, 99% used [0x00000000ecf00000,0x00000000ed17f908,0x00000000ed180000)
  to   space 2560K, 0% used [0x00000000ee080000,0x00000000ee080000,0x00000000ee300000)
 ParOldGen       total 40960K, used 546K [0x00000000c4000000, 0x00000000c6800000, 0x00000000ec000000)
  object space 40960K, 1% used [0x00000000c4000000,0x00000000c40889b0,0x00000000c6800000)
 PSPermGen       total 21504K, used 7311K [0x00000000bee00000, 0x00000000c0300000, 0x00000000c4000000)
  object space 21504K, 34% used [0x00000000bee00000,0x00000000bf523de0,0x00000000c0300000)
}
Event: 2.204 GC heap before
{Heap before GC invocations=2 (full 0):
 PSYoungGen      total 17920K, used 17918K [0x00000000ec000000, 0x00000000ee300000, 0x0000000100000000)
  eden space 15360K, 100% used [0x00000000ec000000,0x00000000ecf00000,0x00000000ecf00000)
  from space 2560K, 99% used [0x00000000ecf00000,0x00000000ed17f908,0x00000000ed180000)
  to   space 2560K, 0% used [0x00000000ee080000,0x00000000ee080000,0x00000000ee300000)
 ParOldGen       total 40960K, used 546K [0x00000000c4000000, 0x00000000c6800000, 0x00000000ec000000)
  object space 40960K, 1% used [0x00000000c4000000,0x00000000c40889b0,0x00000000c6800000)
 PSPermGen       total 21504K, used 12151K [0x00000000bee00000, 0x00000000c0300000, 0x00000000c4000000)
  object space 21504K, 56% used [0x00000000bee00000,0x00000000bf9ddd18,0x00000000c0300000)
Event: 2.240 GC heap after
Heap after GC invocations=2 (full 0):
 PSYoungGen      total 33280K, used 2544K [0x00000000ec000000, 0x00000000ee300000, 0x0000000100000000)
  eden space 30720K, 0% used [0x00000000ec000000,0x00000000ec000000,0x00000000ede00000)
  from space 2560K, 99% used [0x00000000ee080000,0x00000000ee2fc030,0x00000000ee300000)
  to   space 2560K, 0% used [0x00000000ede00000,0x00000000ede00000,0x00000000ee080000)
 ParOldGen       total 40960K, used 4874K [0x00000000c4000000, 0x00000000c6800000, 0x00000000ec000000)
  object space 40960K, 11% used [0x00000000c4000000,0x00000000c44c2960,0x00000000c6800000)
 PSPermGen       total 21504K, used 12151K [0x00000000bee00000, 0x00000000c0300000, 0x00000000c4000000)
  object space 21504K, 56% used [0x00000000bee00000,0x00000000bf9ddd18,0x00000000c0300000)
}

Deoptimization events (0 events):
No events

Internal exceptions (10 events):
Event: 2.607 Thread 0x00007f6d5000d800 Threw 0x00000000ec7ab4d8 at /home/t/Projects/error-transformation-vm/hotspot/src/share/vm/prims/jvm.cpp:1244
Event: 2.608 Thread 0x00007f6d5000d800 Threw 0x00000000ec7afa48 at /home/t/Projects/error-transformation-vm/hotspot/src/share/vm/prims/jvm.cpp:1244
Event: 2.608 Thread 0x00007f6d5000d800 Threw 0x00000000ec7b1228 at /home/t/Projects/error-transformation-vm/hotspot/src/share/vm/prims/jvm.cpp:1244
Event: 2.609 Thread 0x00007f6d500af000 Threw 0x00000000ec855b48 at /home/t/Projects/error-transformation-vm/hotspot/src/share/vm/prims/jvm.cpp:1244
Event: 2.609 Thread 0x00007f6d500af000 Threw 0x00000000ec8563b8 at /home/t/Projects/error-transformation-vm/hotspot/src/share/vm/prims/jvm.cpp:1244
Event: 2.609 Thread 0x00007f6d500af000 Threw 0x00000000ec8568a8 at /home/t/Projects/error-transformation-vm/hotspot/src/share/vm/prims/jvm.cpp:1244
Event: 2.611 Thread 0x00007f6d5000d800 Threw 0x00000000ec7bae30 at /home/t/Projects/error-transformation-vm/hotspot/src/share/vm/prims/jvm.cpp:1244
Event: 2.611 Thread 0x00007f6d5000d800 Threw 0x00000000ec7bc780 at /home/t/Projects/error-transformation-vm/hotspot/src/share/vm/prims/jvm.cpp:1244
Event: 2.612 Thread 0x00007f6d5000d800 Threw 0x00000000ec7c13a8 at /home/t/Projects/error-transformation-vm/hotspot/src/share/vm/prims/jvm.cpp:1244
Event: 2.613 Thread 0x00007f6d5000d800 Threw 0x00000000ec7c29e8 at /home/t/Projects/error-transformation-vm/hotspot/src/share/vm/prims/jvm.cpp:1244

Events (10 events):
Event: 2.609 loading class 0x00007f6d2c00bb78
Event: 2.609 loading class 0x00007f6d2c00bb78 done
Event: 2.609 loading class 0x00007f6d2c00bbf8
Event: 2.609 loading class 0x00007f6d2c00bbf8 done
Event: 2.611 loading class 0x00007f6d5041ef98
Event: 2.611 loading class 0x00007f6d5041ef98 done
Event: 2.612 loading class 0x00007f6d5041f478
Event: 2.612 loading class 0x00007f6d5041f478 done
Event: 2.633 loading class 0x00007f6d5041e4c8
Event: 2.633 loading class 0x00007f6d5041e4c8 done


Dynamic libraries:
00400000-00408000 r-xp 00000000 08:06 3280615                            /home/t/Projects/error-transformation-vm/hotspot/build/linux/linux_amd64_compiler2/fastdebug/gamma
00607000-00608000 r--p 00007000 08:06 3280615                            /home/t/Projects/error-transformation-vm/hotspot/build/linux/linux_amd64_compiler2/fastdebug/gamma
00608000-00609000 rw-p 00008000 08:06 3280615                            /home/t/Projects/error-transformation-vm/hotspot/build/linux/linux_amd64_compiler2/fastdebug/gamma
00af6000-00b17000 rw-p 00000000 00:00 0                                  [heap]
bee00000-c0300000 rw-p 00000000 00:00 0 
c0300000-c4000000 rw-p 00000000 00:00 0 
c4000000-c6800000 rw-p 00000000 00:00 0 
c6800000-ec000000 rw-p 00000000 00:00 0 
ec000000-ee300000 rw-p 00000000 00:00 0 
ee300000-100000000 rw-p 00000000 00:00 0 
7f6d10000000-7f6d10021000 rw-p 00000000 00:00 0 
7f6d10021000-7f6d14000000 ---p 00000000 00:00 0 
7f6d17c33000-7f6d17eff000 rw-p 00000000 00:00 0 
7f6d17eff000-7f6d17f02000 ---p 00000000 00:00 0 
7f6d17f02000-7f6d18000000 rw-p 00000000 00:00 0                          [stack:20908]
7f6d18000000-7f6d18021000 rw-p 00000000 00:00 0 
7f6d18021000-7f6d1c000000 ---p 00000000 00:00 0 
7f6d1c000000-7f6d1c021000 rw-p 00000000 00:00 0 
7f6d1c021000-7f6d20000000 ---p 00000000 00:00 0 
7f6d20000000-7f6d20021000 rw-p 00000000 00:00 0 
7f6d20021000-7f6d24000000 ---p 00000000 00:00 0 
7f6d24000000-7f6d24021000 rw-p 00000000 00:00 0 
7f6d24021000-7f6d28000000 ---p 00000000 00:00 0 
7f6d28000000-7f6d28021000 rw-p 00000000 00:00 0 
7f6d28021000-7f6d2c000000 ---p 00000000 00:00 0 
7f6d2c000000-7f6d2c02f000 rw-p 00000000 00:00 0 
7f6d2c02f000-7f6d30000000 ---p 00000000 00:00 0 
7f6d30000000-7f6d30021000 rw-p 00000000 00:00 0 
7f6d30021000-7f6d34000000 ---p 00000000 00:00 0 
7f6d34000000-7f6d34021000 rw-p 00000000 00:00 0 
7f6d34021000-7f6d38000000 ---p 00000000 00:00 0 
7f6d38000000-7f6d38021000 rw-p 00000000 00:00 0 
7f6d38021000-7f6d3c000000 ---p 00000000 00:00 0 
7f6d3c000000-7f6d3c021000 rw-p 00000000 00:00 0 
7f6d3c021000-7f6d40000000 ---p 00000000 00:00 0 
7f6d40000000-7f6d40021000 rw-p 00000000 00:00 0 
7f6d40021000-7f6d44000000 ---p 00000000 00:00 0 
7f6d4404d000-7f6d4404e000 rw-p 00000000 00:00 0 
7f6d4404e000-7f6d4404f000 r--s 00000000 08:05 148938                     /D/aotes-workspace/jpf-core/build/jpf-annotations.jar
7f6d4404f000-7f6d44053000 r--s 0001b000 08:05 148936                     /D/aotes-workspace/jpf-core/build/jpf-classes.jar
7f6d44053000-7f6d4405d000 r--s 00251000 08:06 4327458                    /home/t/Projects/error-transformation-vm/jdk1.7.0_65/jre/lib/resources.jar
7f6d4405d000-7f6d44061000 r--s 000f7000 08:06 4326850                    /home/t/Projects/error-transformation-vm/jdk1.7.0_65/jre/lib/ext/localedata.jar
7f6d44061000-7f6d4406d000 r--s 00149000 08:06 6947097                    /home/t/Projects/error-transformation-vm/tomcat/46298/apache-tomcat-6.0.18/lib/jasper-jdt.jar
7f6d4406d000-7f6d44070000 r--s 00009000 08:06 6947096                    /home/t/Projects/error-transformation-vm/tomcat/46298/apache-tomcat-6.0.18/lib/tomcat-i18n-es.jar
7f6d44070000-7f6d44072000 r--s 00009000 08:06 6947092                    /home/t/Projects/error-transformation-vm/tomcat/46298/apache-tomcat-6.0.18/lib/tomcat-i18n-fr.jar
7f6d44072000-7f6d44074000 r--s 0000a000 08:06 6947095                    /home/t/Projects/error-transformation-vm/tomcat/46298/apache-tomcat-6.0.18/lib/tomcat-i18n-ja.jar
7f6d44074000-7f6d440a5000 rw-p 00000000 00:00 0 
7f6d440a5000-7f6d440bb000 r-xp 00000000 08:06 4327346                    /home/t/Projects/error-transformation-vm/jdk1.7.0_65/jre/lib/amd64/libnet.so
7f6d440bb000-7f6d442bb000 ---p 00016000 08:06 4327346                    /home/t/Projects/error-transformation-vm/jdk1.7.0_65/jre/lib/amd64/libnet.so
7f6d442bb000-7f6d442bc000 rw-p 00016000 08:06 4327346                    /home/t/Projects/error-transformation-vm/jdk1.7.0_65/jre/lib/amd64/libnet.so
7f6d442bc000-7f6d442cc000 r-xp 00000000 08:06 4327386                    /home/t/Projects/error-transformation-vm/jdk1.7.0_65/jre/lib/amd64/libnio.so
7f6d442cc000-7f6d444cc000 ---p 00010000 08:06 4327386                    /home/t/Projects/error-transformation-vm/jdk1.7.0_65/jre/lib/amd64/libnio.so
7f6d444cc000-7f6d444cd000 rw-p 00010000 08:06 4327386                    /home/t/Projects/error-transformation-vm/jdk1.7.0_65/jre/lib/amd64/libnio.so
7f6d444cd000-7f6d444ce000 ---p 00000000 00:00 0 
7f6d444ce000-7f6d445ce000 rw-p 00000000 00:00 0                          [stack:20907]
7f6d445ce000-7f6d445d1000 ---p 00000000 00:00 0 
7f6d445d1000-7f6d446cf000 rw-p 00000000 00:00 0                          [stack:20906]
7f6d446cf000-7f6d446d2000 ---p 00000000 00:00 0 
7f6d446d2000-7f6d447d0000 rw-p 00000000 00:00 0                          [stack:20905]
7f6d447d0000-7f6d447d3000 ---p 00000000 00:00 0 
7f6d447d3000-7f6d448d1000 rw-p 00000000 00:00 0                          [stack:20904]
7f6d448d1000-7f6d448d4000 ---p 00000000 00:00 0 
7f6d448d4000-7f6d449d2000 rw-p 00000000 00:00 0                          [stack:20903]
7f6d449d2000-7f6d44e3e000 r--p 00000000 08:06 8003345                    /usr/lib/locale/locale-archive
7f6d44e3e000-7f6d44e41000 ---p 00000000 00:00 0 
7f6d44e41000-7f6d44f3f000 rw-p 00000000 00:00 0                          [stack:20902]
7f6d44f3f000-7f6d44f42000 ---p 00000000 00:00 0 
7f6d44f42000-7f6d45040000 rw-p 00000000 00:00 0                          [stack:20901]
7f6d45040000-7f6d45041000 ---p 00000000 00:00 0 
7f6d45041000-7f6d48000000 rw-p 00000000 00:00 0                          [stack:20900]
7f6d48000000-7f6d48021000 rw-p 00000000 00:00 0 
7f6d48021000-7f6d4c000000 ---p 00000000 00:00 0 
7f6d4c000000-7f6d4c00a000 r--s 000ac000 08:06 6947087                    /home/t/Projects/error-transformation-vm/tomcat/46298/apache-tomcat-6.0.18/lib/tomcat-coyote.jar
7f6d4c00a000-7f6d4c00d000 r--s 0001c000 08:06 6947100                    /home/t/Projects/error-transformation-vm/tomcat/46298/apache-tomcat-6.0.18/lib/catalina-ha.jar
7f6d4c00d000-7f6d4c014000 r--s 00076000 08:06 6947102                    /home/t/Projects/error-transformation-vm/tomcat/46298/apache-tomcat-6.0.18/lib/jasper.jar
7f6d4c014000-7f6d4c1e4000 rw-p 00000000 00:00 0 
7f6d4c1e4000-7f6d4c3a3000 r--s 039e5000 08:06 4327516                    /home/t/Projects/error-transformation-vm/jdk1.7.0_65/jre/lib/rt.jar
7f6d4c3a3000-7f6d4c697000 rw-p 00000000 00:00 0 
7f6d4c697000-7f6d4c698000 ---p 00000000 00:00 0 
7f6d4c698000-7f6d4c798000 rw-p 00000000 00:00 0                          [stack:20899]
7f6d4c798000-7f6d4c799000 ---p 00000000 00:00 0 
7f6d4c799000-7f6d4c899000 rw-p 00000000 00:00 0                          [stack:20898]
7f6d4c899000-7f6d4c89a000 ---p 00000000 00:00 0 
7f6d4c89a000-7f6d4c99a000 rw-p 00000000 00:00 0                          [stack:20897]
7f6d4c99a000-7f6d4c99b000 ---p 00000000 00:00 0 
7f6d4c99b000-7f6d4caaf000 rw-p 00000000 00:00 0                          [stack:20896]
7f6d4caaf000-7f6d4cbdb000 rw-p 00000000 00:00 0 
7f6d4cbdb000-7f6d4cbe6000 rw-p 00000000 00:00 0 
7f6d4cbe6000-7f6d4cc04000 rw-p 00000000 00:00 0 
7f6d4cc04000-7f6d4cc18000 rw-p 00000000 00:00 0 
7f6d4cc18000-7f6d4cd44000 rw-p 00000000 00:00 0 
7f6d4cd44000-7f6d4cd56000 rw-p 00000000 00:00 0 
7f6d4cd56000-7f6d4cde4000 rw-p 00000000 00:00 0 
7f6d4cde4000-7f6d4cde5000 rw-p 00000000 00:00 0 
7f6d4cde5000-7f6d4d055000 rwxp 00000000 00:00 0 
7f6d4d055000-7f6d4fde5000 rw-p 00000000 00:00 0 
7f6d4fde5000-7f6d4fdff000 r-xp 00000000 08:06 4327400                    /home/t/Projects/error-transformation-vm/jdk1.7.0_65/jre/lib/amd64/libzip.so
7f6d4fdff000-7f6d4ffff000 ---p 0001a000 08:06 4327400                    /home/t/Projects/error-transformation-vm/jdk1.7.0_65/jre/lib/amd64/libzip.so
7f6d4ffff000-7f6d50000000 rw-p 0001a000 08:06 4327400                    /home/t/Projects/error-transformation-vm/jdk1.7.0_65/jre/lib/amd64/libzip.so
7f6d50000000-7f6d5068d000 rw-p 00000000 00:00 0 
7f6d5068d000-7f6d54000000 ---p 00000000 00:00 0 
7f6d54000000-7f6d54001000 r--s 00006000 08:06 6947093                    /home/t/Projects/error-transformation-vm/tomcat/46298/apache-tomcat-6.0.18/lib/el-api.jar
7f6d54001000-7f6d54005000 r--s 00034000 08:06 6947099                    /home/t/Projects/error-transformation-vm/tomcat/46298/apache-tomcat-6.0.18/lib/catalina-tribes.jar
7f6d54005000-7f6d5401d000 r--s 00186000 08:05 148937                     /D/aotes-workspace/jpf-core/build/jpf.jar
7f6d5401d000-7f6d540f7000 rw-p 00000000 00:00 0 
7f6d540f7000-7f6d54115000 rw-p 00000000 00:00 0 
7f6d54115000-7f6d54120000 r-xp 00000000 08:06 11276261                   /lib/x86_64-linux-gnu/libnss_files-2.19.so
7f6d54120000-7f6d5431f000 ---p 0000b000 08:06 11276261                   /lib/x86_64-linux-gnu/libnss_files-2.19.so
7f6d5431f000-7f6d54320000 r--p 0000a000 08:06 11276261                   /lib/x86_64-linux-gnu/libnss_files-2.19.so
7f6d54320000-7f6d54321000 rw-p 0000b000 08:06 11276261                   /lib/x86_64-linux-gnu/libnss_files-2.19.so
7f6d54321000-7f6d5432c000 r-xp 00000000 08:06 11276258                   /lib/x86_64-linux-gnu/libnss_nis-2.19.so
7f6d5432c000-7f6d5452b000 ---p 0000b000 08:06 11276258                   /lib/x86_64-linux-gnu/libnss_nis-2.19.so
7f6d5452b000-7f6d5452c000 r--p 0000a000 08:06 11276258                   /lib/x86_64-linux-gnu/libnss_nis-2.19.so
7f6d5452c000-7f6d5452d000 rw-p 0000b000 08:06 11276258                   /lib/x86_64-linux-gnu/libnss_nis-2.19.so
7f6d5452d000-7f6d54544000 r-xp 00000000 08:06 11276233                   /lib/x86_64-linux-gnu/libnsl-2.19.so
7f6d54544000-7f6d54743000 ---p 00017000 08:06 11276233                   /lib/x86_64-linux-gnu/libnsl-2.19.so
7f6d54743000-7f6d54744000 r--p 00016000 08:06 11276233                   /lib/x86_64-linux-gnu/libnsl-2.19.so
7f6d54744000-7f6d54745000 rw-p 00017000 08:06 11276233                   /lib/x86_64-linux-gnu/libnsl-2.19.so
7f6d54745000-7f6d54747000 rw-p 00000000 00:00 0 
7f6d54747000-7f6d54750000 r-xp 00000000 08:06 11276199                   /lib/x86_64-linux-gnu/libnss_compat-2.19.so
7f6d54750000-7f6d5494f000 ---p 00009000 08:06 11276199                   /lib/x86_64-linux-gnu/libnss_compat-2.19.so
7f6d5494f000-7f6d54950000 r--p 00008000 08:06 11276199                   /lib/x86_64-linux-gnu/libnss_compat-2.19.so
7f6d54950000-7f6d54951000 rw-p 00009000 08:06 11276199                   /lib/x86_64-linux-gnu/libnss_compat-2.19.so
7f6d54951000-7f6d5497a000 r-xp 00000000 08:06 4327383                    /home/t/Projects/error-transformation-vm/jdk1.7.0_65/jre/lib/amd64/libjava.so
7f6d5497a000-7f6d54b7a000 ---p 00029000 08:06 4327383                    /home/t/Projects/error-transformation-vm/jdk1.7.0_65/jre/lib/amd64/libjava.so
7f6d54b7a000-7f6d54b7c000 rw-p 00029000 08:06 4327383                    /home/t/Projects/error-transformation-vm/jdk1.7.0_65/jre/lib/amd64/libjava.so
7f6d54b7c000-7f6d54b89000 r-xp 00000000 08:06 4327345                    /home/t/Projects/error-transformation-vm/jdk1.7.0_65/jre/lib/amd64/libverify.so
7f6d54b89000-7f6d54d88000 ---p 0000d000 08:06 4327345                    /home/t/Projects/error-transformation-vm/jdk1.7.0_65/jre/lib/amd64/libverify.so
7f6d54d88000-7f6d54d8a000 rw-p 0000c000 08:06 4327345                    /home/t/Projects/error-transformation-vm/jdk1.7.0_65/jre/lib/amd64/libverify.so
7f6d54d8a000-7f6d54d91000 r-xp 00000000 08:06 11276122                   /lib/x86_64-linux-gnu/librt-2.19.so
7f6d54d91000-7f6d54f90000 ---p 00007000 08:06 11276122                   /lib/x86_64-linux-gnu/librt-2.19.so
7f6d54f90000-7f6d54f91000 r--p 00006000 08:06 11276122                   /lib/x86_64-linux-gnu/librt-2.19.so
7f6d54f91000-7f6d54f92000 rw-p 00007000 08:06 11276122                   /lib/x86_64-linux-gnu/librt-2.19.so
7f6d54f92000-7f6d55097000 r-xp 00000000 08:06 11276232                   /lib/x86_64-linux-gnu/libm-2.19.so
7f6d55097000-7f6d55296000 ---p 00105000 08:06 11276232                   /lib/x86_64-linux-gnu/libm-2.19.so
7f6d55296000-7f6d55297000 r--p 00104000 08:06 11276232                   /lib/x86_64-linux-gnu/libm-2.19.so
7f6d55297000-7f6d55298000 rw-p 00105000 08:06 11276232                   /lib/x86_64-linux-gnu/libm-2.19.so
7f6d55298000-7f6d55453000 r-xp 00000000 08:06 11276119                   /lib/x86_64-linux-gnu/libc-2.19.so
7f6d55453000-7f6d55653000 ---p 001bb000 08:06 11276119                   /lib/x86_64-linux-gnu/libc-2.19.so
7f6d55653000-7f6d55657000 r--p 001bb000 08:06 11276119                   /lib/x86_64-linux-gnu/libc-2.19.so
7f6d55657000-7f6d55659000 rw-p 001bf000 08:06 11276119                   /lib/x86_64-linux-gnu/libc-2.19.so
7f6d55659000-7f6d5565e000 rw-p 00000000 00:00 0 
7f6d5565e000-7f6d55667000 r-xp 00000000 08:06 8008378                    /usr/lib/x86_64-linux-gnu/libhiredis.so.0.10
7f6d55667000-7f6d55866000 ---p 00009000 08:06 8008378                    /usr/lib/x86_64-linux-gnu/libhiredis.so.0.10
7f6d55866000-7f6d55867000 r--p 00008000 08:06 8008378                    /usr/lib/x86_64-linux-gnu/libhiredis.so.0.10
7f6d55867000-7f6d55868000 rw-p 00009000 08:06 8008378                    /usr/lib/x86_64-linux-gnu/libhiredis.so.0.10
7f6d55868000-7f6d55881000 r-xp 00000000 08:06 11276260                   /lib/x86_64-linux-gnu/libpthread-2.19.so
7f6d55881000-7f6d55a80000 ---p 00019000 08:06 11276260                   /lib/x86_64-linux-gnu/libpthread-2.19.so
7f6d55a80000-7f6d55a81000 r--p 00018000 08:06 11276260                   /lib/x86_64-linux-gnu/libpthread-2.19.so
7f6d55a81000-7f6d55a82000 rw-p 00019000 08:06 11276260                   /lib/x86_64-linux-gnu/libpthread-2.19.so
7f6d55a82000-7f6d55a86000 rw-p 00000000 00:00 0 
7f6d55a86000-7f6d55a89000 r-xp 00000000 08:06 11276161                   /lib/x86_64-linux-gnu/libdl-2.19.so
7f6d55a89000-7f6d55c88000 ---p 00003000 08:06 11276161                   /lib/x86_64-linux-gnu/libdl-2.19.so
7f6d55c88000-7f6d55c89000 r--p 00002000 08:06 11276161                   /lib/x86_64-linux-gnu/libdl-2.19.so
7f6d55c89000-7f6d55c8a000 rw-p 00003000 08:06 11276161                   /lib/x86_64-linux-gnu/libdl-2.19.so
7f6d55c8a000-7f6d56dfa000 r-xp 00000000 08:06 3280609                    /home/t/Projects/error-transformation-vm/hotspot/build/linux/linux_amd64_compiler2/fastdebug/libjvm.so
7f6d56dfa000-7f6d56ff9000 ---p 01170000 08:06 3280609                    /home/t/Projects/error-transformation-vm/hotspot/build/linux/linux_amd64_compiler2/fastdebug/libjvm.so
7f6d56ff9000-7f6d570a4000 r--p 0116f000 08:06 3280609                    /home/t/Projects/error-transformation-vm/hotspot/build/linux/linux_amd64_compiler2/fastdebug/libjvm.so
7f6d570a4000-7f6d570d0000 rw-p 0121a000 08:06 3280609                    /home/t/Projects/error-transformation-vm/hotspot/build/linux/linux_amd64_compiler2/fastdebug/libjvm.so
7f6d570d0000-7f6d5716a000 rw-p 00000000 00:00 0 
7f6d5716a000-7f6d5718d000 r-xp 00000000 08:06 11272358                   /lib/x86_64-linux-gnu/ld-2.19.so
7f6d5718d000-7f6d5718f000 r--s 00017000 08:06 6947101                    /home/t/Projects/error-transformation-vm/tomcat/46298/apache-tomcat-6.0.18/lib/jasper-el.jar
7f6d5718f000-7f6d57192000 r--s 0000f000 08:06 6947090                    /home/t/Projects/error-transformation-vm/tomcat/46298/apache-tomcat-6.0.18/lib/jsp-api.jar
7f6d57192000-7f6d57196000 r--s 0002d000 08:06 6947089                    /home/t/Projects/error-transformation-vm/tomcat/46298/apache-tomcat-6.0.18/lib/tomcat-dbcp.jar
7f6d57196000-7f6d571a4000 r--s 00106000 08:06 6947098                    /home/t/Projects/error-transformation-vm/tomcat/46298/apache-tomcat-6.0.18/lib/catalina.jar
7f6d571a4000-7f6d571ae000 rw-p 00000000 00:00 0 
7f6d571ae000-7f6d57264000 rw-p 00000000 00:00 0 
7f6d57264000-7f6d57267000 ---p 00000000 00:00 0 
7f6d57267000-7f6d5736a000 rw-p 00000000 00:00 0                          [stack:20895]
7f6d5736a000-7f6d5736b000 r--s 0000b000 08:06 6947086                    /home/t/Projects/error-transformation-vm/tomcat/46298/apache-tomcat-6.0.18/lib/catalina-ant.jar
7f6d5736b000-7f6d5736d000 r--s 00013000 08:06 6947088                    /home/t/Projects/error-transformation-vm/tomcat/46298/apache-tomcat-6.0.18/lib/servlet-api.jar
7f6d5736d000-7f6d57375000 r--s 000d8000 08:06 6947094                    /home/t/Projects/error-transformation-vm/tomcat/46298/apache-tomcat-6.0.18/lib/mysql-connector-java-5.1.28.jar
7f6d57375000-7f6d57376000 r--s 00002000 08:06 6947091                    /home/t/Projects/error-transformation-vm/tomcat/46298/apache-tomcat-6.0.18/lib/annotations-api.jar
7f6d57376000-7f6d57377000 r--s 00004000 08:06 6947066                    /home/t/Projects/error-transformation-vm/tomcat/46298/apache-tomcat-6.0.18/bin/tomcat-juli.jar
7f6d57377000-7f6d57379000 r--s 00001000 08:06 6947070                    /home/t/Projects/error-transformation-vm/tomcat/46298/apache-tomcat-6.0.18/bin/commons-daemon.jar
7f6d57379000-7f6d5737b000 r--s 00003000 08:06 6947071                    /home/t/Projects/error-transformation-vm/tomcat/46298/apache-tomcat-6.0.18/bin/bootstrap.jar
7f6d5737b000-7f6d5737e000 r--s 00029000 08:06 3545284                    /home/t/Projects/ares-jpf/ares-jpf.jar
7f6d5737e000-7f6d57386000 rw-s 00000000 08:06 3015071                    /tmp/hsperfdata_t/20882
7f6d57386000-7f6d57388000 rw-p 00000000 00:00 0 
7f6d57388000-7f6d57389000 r--p 00000000 00:00 0 
7f6d57389000-7f6d5738c000 rw-p 00000000 00:00 0 
7f6d5738c000-7f6d5738d000 r--p 00022000 08:06 11272358                   /lib/x86_64-linux-gnu/ld-2.19.so
7f6d5738d000-7f6d5738e000 rw-p 00023000 08:06 11272358                   /lib/x86_64-linux-gnu/ld-2.19.so
7f6d5738e000-7f6d5738f000 rw-p 00000000 00:00 0 
7fffa2000000-7fffa2022000 rw-p 00000000 00:00 0                          [stack]
7fffa20a7000-7fffa20a9000 r-xp 00000000 00:00 0                          [vdso]
ffffffffff600000-ffffffffff601000 r-xp 00000000 00:00 0                  [vsyscall]

VM Arguments:
jvm_args: -Xint -XX:-UseErrorTransformation -XX:-UseEarlyReturn -XX:+UseJPF -XX:TraceRuntimeRecovery=2056 -Xbootclasspath/a:/home/t/Projects/ares-jpf/ares-jpf.jar:/D/aotes-workspace/jpf-core/build/jpf.jar -Djava.util.logging.manager=org.apache.juli.ClassLoaderLogManager -Djava.util.logging.config.file=/home/t/Projects/error-transformation-vm/tomcat/46298/apache-tomcat-6.0.18/conf/logging.properties -Djava.endorsed.dirs=/home/t/Projects/error-transformation-vm/tomcat/46298/apache-tomcat-6.0.18/endorsed -Dcatalina.base=/home/t/Projects/error-transformation-vm/tomcat/46298/apache-tomcat-6.0.18 -Dcatalina.home=/home/t/Projects/error-transformation-vm/tomcat/46298/apache-tomcat-6.0.18 -Djava.io.tmpdir=/home/t/Projects/error-transformation-vm/tomcat/46298/apache-tomcat-6.0.18/temp 
java_command: org.apache.catalina.startup.Bootstrap start
Launcher Type: gamma

Environment Variables:
JAVA_HOME=/home/t/Projects/error-transformation-vm/jdk1.7.0_65
PATH=/usr/local/sbin:/usr/local/bin:/usr/sbin:/usr/bin:/sbin:/bin:/usr/games:/usr/local/games
LD_LIBRARY_PATH=/home/t/Projects/error-transformation-vm/hotspot/build/linux/linux_amd64_compiler2/fastdebug:/home/t/Projects/error-transformation-vm/jdk1.7.0_65/jre/lib/amd64
LD_PRELOAD=
SHELL=/bin/bash
DISPLAY=:0

Signal Handlers:
SIGSEGV: [libjvm.so+0xe262f0], sa_mask[0]=0x7ffbfeff, sa_flags=0x10000004
SIGBUS: [libjvm.so+0xe262f0], sa_mask[0]=0x7ffbfeff, sa_flags=0x10000004
SIGFPE: [libjvm.so+0xbb1e60], sa_mask[0]=0x7ffbfeff, sa_flags=0x10000004
SIGPIPE: [libjvm.so+0xbb1e60], sa_mask[0]=0x7ffbfeff, sa_flags=0x10000004
SIGXFSZ: [libjvm.so+0xbb1e60], sa_mask[0]=0x7ffbfeff, sa_flags=0x10000004
SIGILL: [libjvm.so+0xbb1e60], sa_mask[0]=0x7ffbfeff, sa_flags=0x10000004
SIGUSR1: SIG_DFL, sa_mask[0]=0x00000000, sa_flags=0x00000000
SIGUSR2: [libjvm.so+0xbb2150], sa_mask[0]=0x00000000, sa_flags=0x10000004
SIGHUP: [libjvm.so+0xbb2060], sa_mask[0]=0x7ffbfeff, sa_flags=0x10000004
SIGINT: [libjvm.so+0xbb2060], sa_mask[0]=0x7ffbfeff, sa_flags=0x10000004
SIGTERM: [libjvm.so+0xbb2060], sa_mask[0]=0x7ffbfeff, sa_flags=0x10000004
SIGQUIT: [libjvm.so+0xbb2060], sa_mask[0]=0x7ffbfeff, sa_flags=0x10000004


---------------  S Y S T E M  ---------------

OS:jessie/sid

uname:Linux 3.13.0-37-generic #64-Ubuntu SMP Mon Sep 22 21:28:38 UTC 2014 x86_64
libc:glibc 2.19 NPTL 2.19 
rlimit: STACK 8192k, CORE 0k, NPROC 30489, NOFILE 4096, AS infinity
load average:1.56 0.77 0.63

/proc/meminfo:
MemTotal:        3931964 kB
MemFree:         1026064 kB
Buffers:            5112 kB
Cached:           831584 kB
SwapCached:            0 kB
Active:          2085100 kB
Inactive:         522748 kB
Active(anon):    1772792 kB
Inactive(anon):    74228 kB
Active(file):     312308 kB
Inactive(file):   448520 kB
Unevictable:          64 kB
Mlocked:              64 kB
SwapTotal:             0 kB
SwapFree:              0 kB
Dirty:                 0 kB
Writeback:             0 kB
AnonPages:       1771460 kB
Mapped:           206288 kB
Shmem:             75864 kB
Slab:             111012 kB
SReclaimable:      68100 kB
SUnreclaim:        42912 kB
KernelStack:        4960 kB
PageTables:        45904 kB
NFS_Unstable:          0 kB
Bounce:                0 kB
WritebackTmp:          0 kB
CommitLimit:     1965980 kB
Committed_AS:    6186908 kB
VmallocTotal:   34359738367 kB
VmallocUsed:      388612 kB
VmallocChunk:   34359345148 kB
HardwareCorrupted:     0 kB
AnonHugePages:    643072 kB
HugePages_Total:       0
HugePages_Free:        0
HugePages_Rsvd:        0
HugePages_Surp:        0
Hugepagesize:       2048 kB
DirectMap4k:      169600 kB
DirectMap2M:     3909632 kB


CPU:total 4 (2 cores per cpu, 2 threads per core) family 6 model 42 stepping 7, cmov, cx8, fxsr, mmx, sse, sse2, sse3, ssse3, sse4.1, sse4.2, popcnt, avx, aes, ht, tsc, tscinvbit

/proc/cpuinfo:
processor	: 0
vendor_id	: GenuineIntel
cpu family	: 6
model		: 42
model name	: Intel(R) Core(TM) i5-2520M CPU @ 2.50GHz
stepping	: 7
microcode	: 0x14
cpu MHz		: 2501.000
cache size	: 3072 KB
physical id	: 0
siblings	: 4
core id		: 0
cpu cores	: 2
apicid		: 0
initial apicid	: 0
fpu		: yes
fpu_exception	: yes
cpuid level	: 13
wp		: yes
flags		: fpu vme de pse tsc msr pae mce cx8 apic sep mtrr pge mca cmov pat pse36 clflush dts acpi mmx fxsr sse sse2 ss ht tm pbe syscall nx rdtscp lm constant_tsc arch_perfmon pebs bts nopl xtopology nonstop_tsc aperfmperf eagerfpu pni pclmulqdq dtes64 monitor ds_cpl vmx smx est tm2 ssse3 cx16 xtpr pdcm pcid sse4_1 sse4_2 x2apic popcnt tsc_deadline_timer aes xsave avx lahf_lm ida arat epb xsaveopt pln pts dtherm tpr_shadow vnmi flexpriority ept vpid
bogomips	: 4984.17
clflush size	: 64
cache_alignment	: 64
address sizes	: 36 bits physical, 48 bits virtual
power management:

processor	: 1
vendor_id	: GenuineIntel
cpu family	: 6
model		: 42
model name	: Intel(R) Core(TM) i5-2520M CPU @ 2.50GHz
stepping	: 7
microcode	: 0x14
cpu MHz		: 800.000
cache size	: 3072 KB
physical id	: 0
siblings	: 4
core id		: 0
cpu cores	: 2
apicid		: 1
initial apicid	: 1
fpu		: yes
fpu_exception	: yes
cpuid level	: 13
wp		: yes
flags		: fpu vme de pse tsc msr pae mce cx8 apic sep mtrr pge mca cmov pat pse36 clflush dts acpi mmx fxsr sse sse2 ss ht tm pbe syscall nx rdtscp lm constant_tsc arch_perfmon pebs bts nopl xtopology nonstop_tsc aperfmperf eagerfpu pni pclmulqdq dtes64 monitor ds_cpl vmx smx est tm2 ssse3 cx16 xtpr pdcm pcid sse4_1 sse4_2 x2apic popcnt tsc_deadline_timer aes xsave avx lahf_lm ida arat epb xsaveopt pln pts dtherm tpr_shadow vnmi flexpriority ept vpid
bogomips	: 4984.17
clflush size	: 64
cache_alignment	: 64
address sizes	: 36 bits physical, 48 bits virtual
power management:

processor	: 2
vendor_id	: GenuineIntel
cpu family	: 6
model		: 42
model name	: Intel(R) Core(TM) i5-2520M CPU @ 2.50GHz
stepping	: 7
microcode	: 0x14
cpu MHz		: 2501.000
cache size	: 3072 KB
physical id	: 0
siblings	: 4
core id		: 1
cpu cores	: 2
apicid		: 2
initial apicid	: 2
fpu		: yes
fpu_exception	: yes
cpuid level	: 13
wp		: yes
flags		: fpu vme de pse tsc msr pae mce cx8 apic sep mtrr pge mca cmov pat pse36 clflush dts acpi mmx fxsr sse sse2 ss ht tm pbe syscall nx rdtscp lm constant_tsc arch_perfmon pebs bts nopl xtopology nonstop_tsc aperfmperf eagerfpu pni pclmulqdq dtes64 monitor ds_cpl vmx smx est tm2 ssse3 cx16 xtpr pdcm pcid sse4_1 sse4_2 x2apic popcnt tsc_deadline_timer aes xsave avx lahf_lm ida arat epb xsaveopt pln pts dtherm tpr_shadow vnmi flexpriority ept vpid
bogomips	: 4984.17
clflush size	: 64
cache_alignment	: 64
address sizes	: 36 bits physical, 48 bits virtual
power management:

processor	: 3
vendor_id	: GenuineIntel
cpu family	: 6
model		: 42
model name	: Intel(R) Core(TM) i5-2520M CPU @ 2.50GHz
stepping	: 7
microcode	: 0x14
cpu MHz		: 2501.000
cache size	: 3072 KB
physical id	: 0
siblings	: 4
core id		: 1
cpu cores	: 2
apicid		: 3
initial apicid	: 3
fpu		: yes
fpu_exception	: yes
cpuid level	: 13
wp		: yes
flags		: fpu vme de pse tsc msr pae mce cx8 apic sep mtrr pge mca cmov pat pse36 clflush dts acpi mmx fxsr sse sse2 ss ht tm pbe syscall nx rdtscp lm constant_tsc arch_perfmon pebs bts nopl xtopology nonstop_tsc aperfmperf eagerfpu pni pclmulqdq dtes64 monitor ds_cpl vmx smx est tm2 ssse3 cx16 xtpr pdcm pcid sse4_1 sse4_2 x2apic popcnt tsc_deadline_timer aes xsave avx lahf_lm ida arat epb xsaveopt pln pts dtherm tpr_shadow vnmi flexpriority ept vpid
bogomips	: 4984.17
clflush size	: 64
cache_alignment	: 64
address sizes	: 36 bits physical, 48 bits virtual
power management:



Memory: 4k page, physical 3931964k(1026064k free), swap 0k(0k free)

vm_info: OpenJDK 64-Bit Server VM (24.60-b08-internal-fastdebug) for linux-amd64 JRE (1.7.0), built on Jun 26 2015 02:36:58 by "t" with gcc 4.8.2

time: Fri Jun 26 02:38:21 2015
elapsed time: 2 seconds

