#
# A fatal error has been detected by the Java Runtime Environment:
#
#  Internal Error (/home/t/Projects/error-transformation-vm/hotspot/src/share/vm/interpreter/interpreterRuntime.cpp:399), pid=16787, tid=139883133585152
#  assert(Klass::cast(h_exception->klass())->name() == vmSymbols::java_lang_reflect_InvocationTargetException() || rrs->last_checked_exception() == h_exception()) failed: sanity check
#
# JRE version: Java(TM) SE Runtime Environment (7.0_65-b17) (build 1.7.0_65-b17)
# Java VM: OpenJDK 64-Bit Server VM (24.60-b08-internal-fastdebug mixed mode linux-amd64 compressed oops)
# Failed to write core dump. Core dumps have been disabled. To enable core dumping, try "ulimit -c unlimited" before starting Java again
#
# If you would like to submit a bug report, please visit:
#   http://bugreport.sun.com/bugreport/crash.jsp
#

---------------  T H R E A D  ---------------

Current thread (0x00007f38dc001000):  JavaThread "http-8080-1" daemon [_thread_in_vm, id=16828, stack(0x00007f39146cc000,0x00007f39147cd000)]

Stack: [0x00007f39146cc000,0x00007f39147cd000],  sp=0x00007f39147cae40,  free space=1019k
Native frames: (J=compiled Java code, j=interpreted, Vv=VM code, C=native code)
V  [libjvm.so+0xe257c8]  VMError::report_and_die()+0x178
V  [libjvm.so+0x6af97b]  report_vm_error(char const*, int, char const*, char const*)+0x7b
V  [libjvm.so+0x8b7568]  InterpreterRuntime::recovery_handler_for_exception(JavaThread*, oopDesc*)+0x3c8
j  org.apache.catalina.realm.JDBCRealm.getPassword(Ljava/lang/String;)Ljava/lang/String;+214
j  org.apache.catalina.realm.JDBCRealm.authenticate(Ljava/sql/Connection;Ljava/lang/String;Ljava/lang/String;)Ljava/security/Principal;+8
j  org.apache.catalina.realm.JDBCRealm.authenticate(Ljava/lang/String;Ljava/lang/String;)Ljava/security/Principal;+18
j  org.apache.catalina.authenticator.BasicAuthenticator.authenticate(Lorg/apache/catalina/connector/Request;Lorg/apache/catalina/connector/Response;Lorg/apache/catalina/deploy/LoginConfig;)Z+326
j  org.apache.catalina.authenticator.AuthenticatorBase.invoke(Lorg/apache/catalina/connector/Request;Lorg/apache/catalina/connector/Response;)V+559
j  org.apache.catalina.core.StandardHostValve.invoke(Lorg/apache/catalina/connector/Request;Lorg/apache/catalina/connector/Response;)V+64
j  org.apache.catalina.valves.ErrorReportValve.invoke(Lorg/apache/catalina/connector/Request;Lorg/apache/catalina/connector/Response;)V+6
j  org.apache.catalina.core.StandardEngineValve.invoke(Lorg/apache/catalina/connector/Request;Lorg/apache/catalina/connector/Response;)V+42
j  org.apache.catalina.connector.CoyoteAdapter.service(Lorg/apache/coyote/Request;Lorg/apache/coyote/Response;)V+157
j  org.apache.coyote.http11.Http11Processor.process(Ljava/net/Socket;)V+432
j  org.apache.coyote.http11.Http11Protocol$Http11ConnectionHandler.process(Ljava/net/Socket;)Z+82
j  org.apache.tomcat.util.net.JIoEndpoint$Worker.run()V+41
j  java.lang.Thread.run()V+11
v  ~StubRoutines::call_stub
V  [libjvm.so+0x8c8b8a]  JavaCalls::call_helper(JavaValue*, methodHandle*, JavaCallArguments*, Thread*)+0x6ca
V  [libjvm.so+0x8c8f60]  JavaCalls::call_virtual(JavaValue*, Handle, KlassHandle, Symbol*, Symbol*, Thread*)+0x340
V  [libjvm.so+0x951b80]  thread_entry(JavaThread*, Thread*)+0x100
V  [libjvm.so+0xdb499c]  JavaThread::thread_main_inner()+0x18c
V  [libjvm.so+0xdb4c8f]  JavaThread::run()+0x2bf
V  [libjvm.so+0xbb40a2]  java_start(Thread*)+0xf2

Java frames: (J=compiled Java code, j=interpreted, Vv=VM code)
j  org.apache.catalina.realm.JDBCRealm.getPassword(Ljava/lang/String;)Ljava/lang/String;+214
j  org.apache.catalina.realm.JDBCRealm.authenticate(Ljava/sql/Connection;Ljava/lang/String;Ljava/lang/String;)Ljava/security/Principal;+8
j  org.apache.catalina.realm.JDBCRealm.authenticate(Ljava/lang/String;Ljava/lang/String;)Ljava/security/Principal;+18
j  org.apache.catalina.authenticator.BasicAuthenticator.authenticate(Lorg/apache/catalina/connector/Request;Lorg/apache/catalina/connector/Response;Lorg/apache/catalina/deploy/LoginConfig;)Z+326
j  org.apache.catalina.authenticator.AuthenticatorBase.invoke(Lorg/apache/catalina/connector/Request;Lorg/apache/catalina/connector/Response;)V+559
j  org.apache.catalina.core.StandardHostValve.invoke(Lorg/apache/catalina/connector/Request;Lorg/apache/catalina/connector/Response;)V+64
j  org.apache.catalina.valves.ErrorReportValve.invoke(Lorg/apache/catalina/connector/Request;Lorg/apache/catalina/connector/Response;)V+6
j  org.apache.catalina.core.StandardEngineValve.invoke(Lorg/apache/catalina/connector/Request;Lorg/apache/catalina/connector/Response;)V+42
j  org.apache.catalina.connector.CoyoteAdapter.service(Lorg/apache/coyote/Request;Lorg/apache/coyote/Response;)V+157
j  org.apache.coyote.http11.Http11Processor.process(Ljava/net/Socket;)V+432
j  org.apache.coyote.http11.Http11Protocol$Http11ConnectionHandler.process(Ljava/net/Socket;)Z+82
j  org.apache.tomcat.util.net.JIoEndpoint$Worker.run()V+41
j  java.lang.Thread.run()V+11
v  ~StubRoutines::call_stub

---------------  P R O C E S S  ---------------

Java Threads: ( => current thread )
=>0x00007f38dc001000 JavaThread "http-8080-1" daemon [_thread_in_vm, id=16828, stack(0x00007f39146cc000,0x00007f39147cd000)]
  0x00007f3920344000 JavaThread "TP-Monitor" daemon [_thread_blocked, id=16824, stack(0x00007f39147cd000,0x00007f39148ce000)]
  0x00007f3920341800 JavaThread "TP-Processor4" daemon [_thread_in_native, id=16823, stack(0x00007f39148ce000,0x00007f39149cf000)]
  0x00007f392077a000 JavaThread "TP-Processor3" daemon [_thread_blocked, id=16822, stack(0x00007f39149cf000,0x00007f3914ad0000)]
  0x00007f39203af800 JavaThread "TP-Processor2" daemon [_thread_blocked, id=16821, stack(0x00007f3914ad0000,0x00007f3914bd1000)]
  0x00007f392081a000 JavaThread "TP-Processor1" daemon [_thread_blocked, id=16820, stack(0x00007f3914bd1000,0x00007f3914cd2000)]
  0x00007f3920804000 JavaThread "http-8080-Acceptor-0" daemon [_thread_in_native, id=16819, stack(0x00007f3914cd2000,0x00007f3914dd3000)]
  0x00007f392034e800 JavaThread "ContainerBackgroundProcessor[StandardEngine[Catalina]]" daemon [_thread_blocked, id=16818, stack(0x00007f3914dd3000,0x00007f3914ed4000)]
  0x00007f392048a000 JavaThread "Abandoned connection cleanup thread" daemon [_thread_blocked, id=16813, stack(0x00007f3914ed4000,0x00007f3914fd5000)]
  0x00007f3920123800 JavaThread "Service Thread" daemon [_thread_blocked, id=16811, stack(0x00007f39154fe000,0x00007f39155ff000)]
  0x00007f3920120800 JavaThread "C2 CompilerThread1" daemon [_thread_blocked, id=16810, stack(0x00007f39155ff000,0x00007f3915700000)]
  0x00007f392011d000 JavaThread "C2 CompilerThread0" daemon [_thread_blocked, id=16809, stack(0x00007f3915700000,0x00007f3915801000)]
  0x00007f392011a800 JavaThread "Signal Dispatcher" daemon [_thread_blocked, id=16808, stack(0x00007f3915801000,0x00007f3915902000)]
  0x00007f39200b4000 JavaThread "Finalizer" daemon [_thread_blocked, id=16807, stack(0x00007f3915d6e000,0x00007f3915e6f000)]
  0x00007f39200b1800 JavaThread "Reference Handler" daemon [_thread_blocked, id=16806, stack(0x00007f3915e6f000,0x00007f3915f70000)]
  0x00007f392000d800 JavaThread "main" [_thread_in_native, id=16800, stack(0x00007f392824f000,0x00007f3928350000)]

Other Threads:
  0x00007f39200a8800 VMThread [stack: 0x00007f391c0d0000,0x00007f391c1d1000] [id=16805]
  0x00007f392012f000 WatcherThread [stack: 0x00007f39153fd000,0x00007f39154fe000] [id=16812]

VM state:not at safepoint (normal execution)

VM Mutex/Monitor currently owned by a thread: None

Heap
 PSYoungGen      total 33280K, used 15047K [0x00000000ec000000, 0x00000000f0f00000, 0x0000000100000000)
  eden space 30720K, 40% used [0x00000000ec000000,0x00000000ecc39dd0,0x00000000ede00000)
  from space 2560K, 98% used [0x00000000ede00000,0x00000000ee078020,0x00000000ee080000)
  to   space 9728K, 0% used [0x00000000f0580000,0x00000000f0580000,0x00000000f0f00000)
 ParOldGen       total 40960K, used 18904K [0x00000000c4000000, 0x00000000c6800000, 0x00000000ec000000)
  object space 40960K, 46% used [0x00000000c4000000,0x00000000c52761e0,0x00000000c6800000)
 PSPermGen       total 21504K, used 16596K [0x00000000bee00000, 0x00000000c0300000, 0x00000000c4000000)
  object space 21504K, 77% used [0x00000000bee00000,0x00000000bfe352d8,0x00000000c0300000)

Card table byte_map: [0x00007f3924cdb000,0x00007f3924ee5000] byte_map_base: 0x00007f39246e4000

Polling page: 0x00007f3928373000

Code Cache  [0x00007f391d000000, 0x00007f391d270000, 0x00007f3920000000)
 total_blobs=637 nmethods=307 adapters=289 free_code_cache=46771Kb largest_free_block=47864576

Compilation events (10 events):
Event: 11.386 Thread 0x00007f392011d000 nmethod 314 0x00007f391d1c35d0 code [0x00007f391d1c3740, 0x00007f391d1c38b8]
Event: 11.387 Thread 0x00007f392011d000  315             gov.nasa.jpf.util.IntTable::restore (134 bytes)
Event: 11.404 Thread 0x00007f392011d000 nmethod 315 0x00007f391d1c4450 code [0x00007f391d1c4640, 0x00007f391d1c4ca8]
Event: 11.405 Thread 0x00007f392011d000  316             gov.nasa.jpf.vm.StaticElementInfo::markStaticRoot (74 bytes)
Event: 11.413 Thread 0x00007f3920120800 nmethod 309 0x00007f391d1bed50 code [0x00007f391d1bf060, 0x00007f391d1bfd80]
Event: 11.413 Thread 0x00007f3920120800  317             java.util.Formatter$Flags::valueOf (5 bytes)
Event: 11.414 Thread 0x00007f3920120800 nmethod 317 0x00007f391d1b32d0 code [0x00007f391d1b3400, 0x00007f391d1b3458]
Event: 11.428 Thread 0x00007f3920120800  318             gov.nasa.jpf.vm.ClassInfo::getStaticField (7 bytes)
Event: 11.429 Thread 0x00007f3920120800 nmethod 318 0x00007f391d1c4110 code [0x00007f391d1c4260, 0x00007f391d1c4378]
Event: 11.437 Thread 0x00007f392011d000 nmethod 316 0x00007f391d1bcc90 code [0x00007f391d1bcf20, 0x00007f391d1bdad8]

GC Heap History (10 events):
Event: 1.663 GC heap before
{Heap before GC invocations=1 (full 0):
 PSYoungGen      total 17920K, used 15360K [0x00000000ec000000, 0x00000000ed400000, 0x0000000100000000)
  eden space 15360K, 100% used [0x00000000ec000000,0x00000000ecf00000,0x00000000ecf00000)
  from space 2560K, 0% used [0x00000000ed180000,0x00000000ed180000,0x00000000ed400000)
  to   space 2560K, 0% used [0x00000000ecf00000,0x00000000ecf00000,0x00000000ed180000)
 ParOldGen       total 40960K, used 0K [0x00000000c4000000, 0x00000000c6800000, 0x00000000ec000000)
  object space 40960K, 0% used [0x00000000c4000000,0x00000000c4000000,0x00000000c6800000)
 PSPermGen       total 21504K, used 7384K [0x00000000bee00000, 0x00000000c0300000, 0x00000000c4000000)
  object space 21504K, 34% used [0x00000000bee00000,0x00000000bf536138,0x00000000c0300000)
Event: 1.684 GC heap after
Heap after GC invocations=1 (full 0):
 PSYoungGen      total 17920K, used 2540K [0x00000000ec000000, 0x00000000ed400000, 0x0000000100000000)
  eden space 15360K, 0% used [0x00000000ec000000,0x00000000ec000000,0x00000000ecf00000)
  from space 2560K, 99% used [0x00000000ecf00000,0x00000000ed17b370,0x00000000ed180000)
  to   space 2560K, 0% used [0x00000000ed180000,0x00000000ed180000,0x00000000ed400000)
 ParOldGen       total 40960K, used 544K [0x00000000c4000000, 0x00000000c6800000, 0x00000000ec000000)
  object space 40960K, 1% used [0x00000000c4000000,0x00000000c40883a8,0x00000000c6800000)
 PSPermGen       total 21504K, used 7384K [0x00000000bee00000, 0x00000000c0300000, 0x00000000c4000000)
  object space 21504K, 34% used [0x00000000bee00000,0x00000000bf536138,0x00000000c0300000)
}
Event: 2.855 GC heap before
{Heap before GC invocations=2 (full 0):
 PSYoungGen      total 17920K, used 17900K [0x00000000ec000000, 0x00000000ed400000, 0x0000000100000000)
  eden space 15360K, 100% used [0x00000000ec000000,0x00000000ecf00000,0x00000000ecf00000)
  from space 2560K, 99% used [0x00000000ecf00000,0x00000000ed17b370,0x00000000ed180000)
  to   space 2560K, 0% used [0x00000000ed180000,0x00000000ed180000,0x00000000ed400000)
 ParOldGen       total 40960K, used 544K [0x00000000c4000000, 0x00000000c6800000, 0x00000000ec000000)
  object space 40960K, 1% used [0x00000000c4000000,0x00000000c40883a8,0x00000000c6800000)
 PSPermGen       total 21504K, used 12302K [0x00000000bee00000, 0x00000000c0300000, 0x00000000c4000000)
  object space 21504K, 57% used [0x00000000bee00000,0x00000000bfa03bc0,0x00000000c0300000)
Event: 2.912 GC heap after
Heap after GC invocations=2 (full 0):
 PSYoungGen      total 17920K, used 2528K [0x00000000ec000000, 0x00000000ee300000, 0x0000000100000000)
  eden space 15360K, 0% used [0x00000000ec000000,0x00000000ec000000,0x00000000ecf00000)
  from space 2560K, 98% used [0x00000000ed180000,0x00000000ed3f8030,0x00000000ed400000)
  to   space 2560K, 0% used [0x00000000ecf00000,0x00000000ecf00000,0x00000000ed180000)
 ParOldGen       total 40960K, used 4960K [0x00000000c4000000, 0x00000000c6800000, 0x00000000ec000000)
  object space 40960K, 12% used [0x00000000c4000000,0x00000000c44d8378,0x00000000c6800000)
 PSPermGen       total 21504K, used 12302K [0x00000000bee00000, 0x00000000c0300000, 0x00000000c4000000)
  object space 21504K, 57% used [0x00000000bee00000,0x00000000bfa03bc0,0x00000000c0300000)
}
Event: 3.960 GC heap before
{Heap before GC invocations=3 (full 0):
 PSYoungGen      total 17920K, used 17888K [0x00000000ec000000, 0x00000000ee300000, 0x0000000100000000)
  eden space 15360K, 100% used [0x00000000ec000000,0x00000000ecf00000,0x00000000ecf00000)
  from space 2560K, 98% used [0x00000000ed180000,0x00000000ed3f8030,0x00000000ed400000)
  to   space 2560K, 0% used [0x00000000ecf00000,0x00000000ecf00000,0x00000000ed180000)
 ParOldGen       total 40960K, used 4960K [0x00000000c4000000, 0x00000000c6800000, 0x00000000ec000000)
  object space 40960K, 12% used [0x00000000c4000000,0x00000000c44d8378,0x00000000c6800000)
 PSPermGen       total 21504K, used 14245K [0x00000000bee00000, 0x00000000c0300000, 0x00000000c4000000)
  object space 21504K, 66% used [0x00000000bee00000,0x00000000bfbe9638,0x00000000c0300000)
Event: 3.993 GC heap after
Heap after GC invocations=3 (full 0):
 PSYoungGen      total 17920K, used 2528K [0x00000000ec000000, 0x00000000ee300000, 0x0000000100000000)
  eden space 15360K, 0% used [0x00000000ec000000,0x00000000ec000000,0x00000000ecf00000)
  from space 2560K, 98% used [0x00000000ecf00000,0x00000000ed178010,0x00000000ed180000)
  to   space 2560K, 0% used [0x00000000ee080000,0x00000000ee080000,0x00000000ee300000)
 ParOldGen       total 40960K, used 9141K [0x00000000c4000000, 0x00000000c6800000, 0x00000000ec000000)
  object space 40960K, 22% used [0x00000000c4000000,0x00000000c48ed660,0x00000000c6800000)
 PSPermGen       total 21504K, used 14245K [0x00000000bee00000, 0x00000000c0300000, 0x00000000c4000000)
  object space 21504K, 66% used [0x00000000bee00000,0x00000000bfbe9638,0x00000000c0300000)
}
Event: 4.864 GC heap before
{Heap before GC invocations=4 (full 0):
 PSYoungGen      total 17920K, used 17888K [0x00000000ec000000, 0x00000000ee300000, 0x0000000100000000)
  eden space 15360K, 100% used [0x00000000ec000000,0x00000000ecf00000,0x00000000ecf00000)
  from space 2560K, 98% used [0x00000000ecf00000,0x00000000ed178010,0x00000000ed180000)
  to   space 2560K, 0% used [0x00000000ee080000,0x00000000ee080000,0x00000000ee300000)
 ParOldGen       total 40960K, used 9141K [0x00000000c4000000, 0x00000000c6800000, 0x00000000ec000000)
  object space 40960K, 22% used [0x00000000c4000000,0x00000000c48ed660,0x00000000c6800000)
 PSPermGen       total 21504K, used 15485K [0x00000000bee00000, 0x00000000c0300000, 0x00000000c4000000)
  object space 21504K, 72% used [0x00000000bee00000,0x00000000bfd1f7c0,0x00000000c0300000)
Event: 4.909 GC heap after
Heap after GC invocations=4 (full 0):
 PSYoungGen      total 33280K, used 2528K [0x00000000ec000000, 0x00000000ee300000, 0x0000000100000000)
  eden space 30720K, 0% used [0x00000000ec000000,0x00000000ec000000,0x00000000ede00000)
  from space 2560K, 98% used [0x00000000ee080000,0x00000000ee2f8020,0x00000000ee300000)
  to   space 2560K, 0% used [0x00000000ede00000,0x00000000ede00000,0x00000000ee080000)
 ParOldGen       total 40960K, used 14497K [0x00000000c4000000, 0x00000000c6800000, 0x00000000ec000000)
  object space 40960K, 35% used [0x00000000c4000000,0x00000000c4e284c8,0x00000000c6800000)
 PSPermGen       total 21504K, used 15485K [0x00000000bee00000, 0x00000000c0300000, 0x00000000c4000000)
  object space 21504K, 72% used [0x00000000bee00000,0x00000000bfd1f7c0,0x00000000c0300000)
}
Event: 11.000 GC heap before
{Heap before GC invocations=5 (full 0):
 PSYoungGen      total 33280K, used 33248K [0x00000000ec000000, 0x00000000ee300000, 0x0000000100000000)
  eden space 30720K, 100% used [0x00000000ec000000,0x00000000ede00000,0x00000000ede00000)
  from space 2560K, 98% used [0x00000000ee080000,0x00000000ee2f8020,0x00000000ee300000)
  to   space 2560K, 0% used [0x00000000ede00000,0x00000000ede00000,0x00000000ee080000)
 ParOldGen       total 40960K, used 14497K [0x00000000c4000000, 0x00000000c6800000, 0x00000000ec000000)
  object space 40960K, 35% used [0x00000000c4000000,0x00000000c4e284c8,0x00000000c6800000)
 PSPermGen       total 21504K, used 16477K [0x00000000bee00000, 0x00000000c0300000, 0x00000000c4000000)
  object space 21504K, 76% used [0x00000000bee00000,0x00000000bfe17738,0x00000000c0300000)
Event: 11.065 GC heap after
Heap after GC invocations=5 (full 0):
 PSYoungGen      total 33280K, used 2528K [0x00000000ec000000, 0x00000000f0f00000, 0x0000000100000000)
  eden space 30720K, 0% used [0x00000000ec000000,0x00000000ec000000,0x00000000ede00000)
  from space 2560K, 98% used [0x00000000ede00000,0x00000000ee078020,0x00000000ee080000)
  to   space 9728K, 0% used [0x00000000f0580000,0x00000000f0580000,0x00000000f0f00000)
 ParOldGen       total 40960K, used 18904K [0x00000000c4000000, 0x00000000c6800000, 0x00000000ec000000)
  object space 40960K, 46% used [0x00000000c4000000,0x00000000c52761e0,0x00000000c6800000)
 PSPermGen       total 21504K, used 16477K [0x00000000bee00000, 0x00000000c0300000, 0x00000000c4000000)
  object space 21504K, 76% used [0x00000000bee00000,0x00000000bfe17738,0x00000000c0300000)
}

Deoptimization events (10 events):
Event: 4.125 Thread 0x00007f392000d800 Uncommon trap: reason=bimorphic action=maybe_recompile pc=0x00007f391d10a9ac method=java.util.Properties$LineReader.readLine()I @ 62
Event: 4.125 Thread 0x00007f392000d800 Uncommon trap: reason=bimorphic action=maybe_recompile pc=0x00007f391d10a9ac method=java.util.Properties$LineReader.readLine()I @ 62
Event: 4.125 Thread 0x00007f392000d800 Uncommon trap: reason=bimorphic action=maybe_recompile pc=0x00007f391d10a9ac method=java.util.Properties$LineReader.readLine()I @ 62
Event: 4.125 Thread 0x00007f392000d800 Uncommon trap: reason=bimorphic action=maybe_recompile pc=0x00007f391d10a9ac method=java.util.Properties$LineReader.readLine()I @ 62
Event: 4.131 Thread 0x00007f392000d800 Uncommon trap: reason=class_check action=maybe_recompile pc=0x00007f391d17bb88 method=java.util.HashMap$KeySet.iterator()Ljava/util/Iterator; @ 4
Event: 4.174 Thread 0x00007f392000d800 Uncommon trap: reason=class_check action=maybe_recompile pc=0x00007f391d17bb88 method=java.util.HashMap$KeySet.iterator()Ljava/util/Iterator; @ 4
Event: 4.556 Thread 0x00007f392000d800 Uncommon trap: reason=class_check action=maybe_recompile pc=0x00007f391d17bb88 method=java.util.HashMap$KeySet.iterator()Ljava/util/Iterator; @ 4
Event: 5.279 Thread 0x00007f392000d800 Uncommon trap: reason=unreached action=reinterpret pc=0x00007f391d1eda44 method=com.sun.org.apache.xerces.internal.utils.XMLLimitAnalyzer.isTracking(Ljava/lang/String;)Z @ 4
Event: 5.512 Thread 0x00007f392000d800 Uncommon trap: reason=unreached action=reinterpret pc=0x00007f391d200ea8 method=org.apache.tomcat.util.digester.RulesBase.lookup(Ljava/lang/String;Ljava/lang/String;)Ljava/util/List; @ 13
Event: 5.566 Thread 0x00007f392000d800 Uncommon trap: reason=class_check action=maybe_recompile pc=0x00007f391d17bb88 method=java.util.HashMap$KeySet.iterator()Ljava/util/Iterator; @ 4

Internal exceptions (10 events):
Event: 11.323 Thread 0x00007f38dc001000 Threw 0x00000000ec98e3f0 at /home/t/Projects/error-transformation-vm/hotspot/src/share/vm/prims/jvm.cpp:1244
Event: 11.330 Thread 0x00007f38dc001000 Threw 0x00000000ec9a74e8 at /home/t/Projects/error-transformation-vm/hotspot/src/share/vm/prims/jvm.cpp:1244
Event: 11.330 Thread 0x00007f38dc001000 Threw 0x00000000ec9a82f8 at /home/t/Projects/error-transformation-vm/hotspot/src/share/vm/prims/jvm.cpp:1244
Event: 11.330 Thread 0x00007f38dc001000 Threw 0x00000000ec9a8b28 at /home/t/Projects/error-transformation-vm/hotspot/src/share/vm/prims/jvm.cpp:1244
Event: 11.333 Thread 0x00007f38dc001000 Threw 0x00000000ec9bda80 at /home/t/Projects/error-transformation-vm/hotspot/src/share/vm/prims/jvm.cpp:1244
Event: 11.333 Thread 0x00007f38dc001000 Threw 0x00000000ec9be9b8 at /home/t/Projects/error-transformation-vm/hotspot/src/share/vm/prims/jvm.cpp:1244
Event: 11.333 Thread 0x00007f38dc001000 Threw 0x00000000ec9bf2c8 at /home/t/Projects/error-transformation-vm/hotspot/src/share/vm/prims/jvm.cpp:1244
Event: 11.341 Thread 0x00007f38dc001000 Threw 0x00000000ec9f8030 at /home/t/Projects/error-transformation-vm/hotspot/src/share/vm/interpreter/linkResolver.cpp:969
Event: 11.415 Thread 0x00007f38dc001000 Threw 0x00000000ecb5fa28 at /home/t/Projects/error-transformation-vm/hotspot/src/share/vm/interpreter/linkResolver.cpp:969
Event: 11.434 Thread 0x00007f38dc001000 Threw 0x00000000ecc2f7b8 at /home/t/Projects/error-transformation-vm/hotspot/src/share/vm/interpreter/linkResolver.cpp:969

Events (10 events):
Event: 11.330 loading class 0x00007f38c40d29b8
Event: 11.330 loading class 0x00007f38c40d29b8 done
Event: 11.333 loading class 0x00007f38c40d2ac8
Event: 11.333 loading class 0x00007f38c40d2ac8 done
Event: 11.333 loading class 0x00007f38c40d2b78
Event: 11.333 loading class 0x00007f38c40d2b78 done
Event: 11.333 loading class 0x00007f38c40d2c38
Event: 11.333 loading class 0x00007f38c40d2c38 done
Event: 11.391 loading class 0x00007f38c40d2df8
Event: 11.392 loading class 0x00007f38c40d2df8 done


Dynamic libraries:
00400000-00408000 r-xp 00000000 08:06 3280615                            /home/t/Projects/error-transformation-vm/hotspot/build/linux/linux_amd64_compiler2/fastdebug/gamma
00607000-00608000 r--p 00007000 08:06 3280615                            /home/t/Projects/error-transformation-vm/hotspot/build/linux/linux_amd64_compiler2/fastdebug/gamma
00608000-00609000 rw-p 00008000 08:06 3280615                            /home/t/Projects/error-transformation-vm/hotspot/build/linux/linux_amd64_compiler2/fastdebug/gamma
01c53000-01c74000 rw-p 00000000 00:00 0                                  [heap]
bee00000-c0300000 rw-p 00000000 00:00 0 
c0300000-c4000000 rw-p 00000000 00:00 0 
c4000000-c6800000 rw-p 00000000 00:00 0 
c6800000-ec000000 rw-p 00000000 00:00 0 
ec000000-f0f00000 rw-p 00000000 00:00 0 
f0f00000-100000000 rw-p 00000000 00:00 0 
7f38c0000000-7f38c0021000 rw-p 00000000 00:00 0 
7f38c0021000-7f38c4000000 ---p 00000000 00:00 0 
7f38c4000000-7f38c41e8000 rw-p 00000000 00:00 0 
7f38c41e8000-7f38c8000000 ---p 00000000 00:00 0 
7f38c8000000-7f38c8021000 rw-p 00000000 00:00 0 
7f38c8021000-7f38cc000000 ---p 00000000 00:00 0 
7f38cc000000-7f38cc047000 rw-p 00000000 00:00 0 
7f38cc047000-7f38d0000000 ---p 00000000 00:00 0 
7f38d0000000-7f38d0021000 rw-p 00000000 00:00 0 
7f38d0021000-7f38d4000000 ---p 00000000 00:00 0 
7f38d4000000-7f38d4021000 rw-p 00000000 00:00 0 
7f38d4021000-7f38d8000000 ---p 00000000 00:00 0 
7f38d8000000-7f38d8021000 rw-p 00000000 00:00 0 
7f38d8021000-7f38dc000000 ---p 00000000 00:00 0 
7f38dc000000-7f38dc021000 rw-p 00000000 00:00 0 
7f38dc021000-7f38e0000000 ---p 00000000 00:00 0 
7f38e0000000-7f38e0021000 rw-p 00000000 00:00 0 
7f38e0021000-7f38e4000000 ---p 00000000 00:00 0 
7f38e4000000-7f38e4021000 rw-p 00000000 00:00 0 
7f38e4021000-7f38e8000000 ---p 00000000 00:00 0 
7f38e8000000-7f38e90e1000 rw-p 00000000 00:00 0 
7f38e90e1000-7f38ec000000 ---p 00000000 00:00 0 
7f38ec000000-7f38ec021000 rw-p 00000000 00:00 0 
7f38ec021000-7f38f0000000 ---p 00000000 00:00 0 
7f38f0000000-7f38f0021000 rw-p 00000000 00:00 0 
7f38f0021000-7f38f4000000 ---p 00000000 00:00 0 
7f38f4000000-7f38f5b41000 rw-p 00000000 00:00 0 
7f38f5b41000-7f38f8000000 ---p 00000000 00:00 0 
7f38f8000000-7f38f8021000 rw-p 00000000 00:00 0 
7f38f8021000-7f38fc000000 ---p 00000000 00:00 0 
7f38fc000000-7f38fc021000 rw-p 00000000 00:00 0 
7f38fc021000-7f3900000000 ---p 00000000 00:00 0 
7f3900000000-7f3900021000 rw-p 00000000 00:00 0 
7f3900021000-7f3904000000 ---p 00000000 00:00 0 
7f3908000000-7f3908021000 rw-p 00000000 00:00 0 
7f3908021000-7f390c000000 ---p 00000000 00:00 0 
7f390c000000-7f390c021000 rw-p 00000000 00:00 0 
7f390c021000-7f3910000000 ---p 00000000 00:00 0 
7f3910000000-7f3910021000 rw-p 00000000 00:00 0 
7f3910021000-7f3914000000 ---p 00000000 00:00 0 
7f3914510000-7f39146cc000 rw-p 00000000 00:00 0 
7f39146cc000-7f39146cf000 ---p 00000000 00:00 0 
7f39146cf000-7f39147cd000 rw-p 00000000 00:00 0                          [stack:16828]
7f39147cd000-7f39147d0000 ---p 00000000 00:00 0 
7f39147d0000-7f39148ce000 rw-p 00000000 00:00 0                          [stack:16824]
7f39148ce000-7f39148d1000 ---p 00000000 00:00 0 
7f39148d1000-7f39149cf000 rw-p 00000000 00:00 0                          [stack:16823]
7f39149cf000-7f39149d2000 ---p 00000000 00:00 0 
7f39149d2000-7f3914ad0000 rw-p 00000000 00:00 0                          [stack:16822]
7f3914ad0000-7f3914ad3000 ---p 00000000 00:00 0 
7f3914ad3000-7f3914bd1000 rw-p 00000000 00:00 0                          [stack:16821]
7f3914bd1000-7f3914bd4000 ---p 00000000 00:00 0 
7f3914bd4000-7f3914cd2000 rw-p 00000000 00:00 0                          [stack:16820]
7f3914cd2000-7f3914cd5000 ---p 00000000 00:00 0 
7f3914cd5000-7f3914dd3000 rw-p 00000000 00:00 0                          [stack:16819]
7f3914dd3000-7f3914dd6000 ---p 00000000 00:00 0 
7f3914dd6000-7f3914ed4000 rw-p 00000000 00:00 0                          [stack:16818]
7f3914ed4000-7f3914ed7000 ---p 00000000 00:00 0 
7f3914ed7000-7f3914fd5000 rw-p 00000000 00:00 0                          [stack:16813]
7f3914fd5000-7f3914feb000 r-xp 00000000 08:06 4327346                    /home/t/Projects/error-transformation-vm/jdk1.7.0_65/jre/lib/amd64/libnet.so
7f3914feb000-7f39151eb000 ---p 00016000 08:06 4327346                    /home/t/Projects/error-transformation-vm/jdk1.7.0_65/jre/lib/amd64/libnet.so
7f39151eb000-7f39151ec000 rw-p 00016000 08:06 4327346                    /home/t/Projects/error-transformation-vm/jdk1.7.0_65/jre/lib/amd64/libnet.so
7f39151ec000-7f39151fc000 r-xp 00000000 08:06 4327386                    /home/t/Projects/error-transformation-vm/jdk1.7.0_65/jre/lib/amd64/libnio.so
7f39151fc000-7f39153fc000 ---p 00010000 08:06 4327386                    /home/t/Projects/error-transformation-vm/jdk1.7.0_65/jre/lib/amd64/libnio.so
7f39153fc000-7f39153fd000 rw-p 00010000 08:06 4327386                    /home/t/Projects/error-transformation-vm/jdk1.7.0_65/jre/lib/amd64/libnio.so
7f39153fd000-7f39153fe000 ---p 00000000 00:00 0 
7f39153fe000-7f39154fe000 rw-p 00000000 00:00 0                          [stack:16812]
7f39154fe000-7f3915501000 ---p 00000000 00:00 0 
7f3915501000-7f39155ff000 rw-p 00000000 00:00 0                          [stack:16811]
7f39155ff000-7f3915602000 ---p 00000000 00:00 0 
7f3915602000-7f3915700000 rw-p 00000000 00:00 0                          [stack:16810]
7f3915700000-7f3915703000 ---p 00000000 00:00 0 
7f3915703000-7f3915801000 rw-p 00000000 00:00 0                          [stack:16809]
7f3915801000-7f3915804000 ---p 00000000 00:00 0 
7f3915804000-7f3915902000 rw-p 00000000 00:00 0                          [stack:16808]
7f3915902000-7f3915d6e000 r--p 00000000 08:06 8003345                    /usr/lib/locale/locale-archive
7f3915d6e000-7f3915d71000 ---p 00000000 00:00 0 
7f3915d71000-7f3915e6f000 rw-p 00000000 00:00 0                          [stack:16807]
7f3915e6f000-7f3915e72000 ---p 00000000 00:00 0 
7f3915e72000-7f3918000000 rw-p 00000000 00:00 0                          [stack:16806]
7f3918000000-7f3918021000 rw-p 00000000 00:00 0 
7f3918021000-7f391c000000 ---p 00000000 00:00 0 
7f391c05f000-7f391c060000 rw-p 00000000 00:00 0 
7f391c060000-7f391c064000 r--s 0008a000 08:06 4327529                    /home/t/Projects/error-transformation-vm/jdk1.7.0_65/jre/lib/jsse.jar
7f391c064000-7f391c065000 r--s 00000000 08:05 148938                     /D/aotes-workspace/jpf-core/build/jpf-annotations.jar
7f391c065000-7f391c069000 r--s 0001b000 08:05 148936                     /D/aotes-workspace/jpf-core/build/jpf-classes.jar
7f391c069000-7f391c073000 r--s 00251000 08:06 4327458                    /home/t/Projects/error-transformation-vm/jdk1.7.0_65/jre/lib/resources.jar
7f391c073000-7f391c077000 r--s 000f7000 08:06 4326850                    /home/t/Projects/error-transformation-vm/jdk1.7.0_65/jre/lib/ext/localedata.jar
7f391c077000-7f391c083000 r--s 00149000 08:06 6947097                    /home/t/Projects/error-transformation-vm/tomcat/46298/apache-tomcat-6.0.18/lib/jasper-jdt.jar
7f391c083000-7f391c086000 r--s 00009000 08:06 6947096                    /home/t/Projects/error-transformation-vm/tomcat/46298/apache-tomcat-6.0.18/lib/tomcat-i18n-es.jar
7f391c086000-7f391c088000 r--s 00009000 08:06 6947092                    /home/t/Projects/error-transformation-vm/tomcat/46298/apache-tomcat-6.0.18/lib/tomcat-i18n-fr.jar
7f391c088000-7f391c08a000 r--s 0000a000 08:06 6947095                    /home/t/Projects/error-transformation-vm/tomcat/46298/apache-tomcat-6.0.18/lib/tomcat-i18n-ja.jar
7f391c08a000-7f391c094000 r--s 000ac000 08:06 6947087                    /home/t/Projects/error-transformation-vm/tomcat/46298/apache-tomcat-6.0.18/lib/tomcat-coyote.jar
7f391c094000-7f391c095000 r--s 00006000 08:06 6947093                    /home/t/Projects/error-transformation-vm/tomcat/46298/apache-tomcat-6.0.18/lib/el-api.jar
7f391c095000-7f391c098000 r--s 0001c000 08:06 6947100                    /home/t/Projects/error-transformation-vm/tomcat/46298/apache-tomcat-6.0.18/lib/catalina-ha.jar
7f391c098000-7f391c09f000 r--s 00076000 08:06 6947102                    /home/t/Projects/error-transformation-vm/tomcat/46298/apache-tomcat-6.0.18/lib/jasper.jar
7f391c09f000-7f391c0d0000 rw-p 00000000 00:00 0 
7f391c0d0000-7f391c0d1000 ---p 00000000 00:00 0 
7f391c0d1000-7f391d000000 rw-p 00000000 00:00 0                          [stack:16805]
7f391d000000-7f391d270000 rwxp 00000000 00:00 0 
7f391d270000-7f39209f5000 rw-p 00000000 00:00 0 
7f39209f5000-7f3924000000 ---p 00000000 00:00 0 
7f3924000000-7f3924004000 r--s 00034000 08:06 6947099                    /home/t/Projects/error-transformation-vm/tomcat/46298/apache-tomcat-6.0.18/lib/catalina-tribes.jar
7f3924004000-7f392401c000 r--s 00186000 08:05 148937                     /D/aotes-workspace/jpf-core/build/jpf.jar
7f392401c000-7f39241ec000 rw-p 00000000 00:00 0 
7f39241ec000-7f39243ab000 r--s 039e5000 08:06 4327516                    /home/t/Projects/error-transformation-vm/jdk1.7.0_65/jre/lib/rt.jar
7f39243ab000-7f392476e000 rw-p 00000000 00:00 0 
7f392476e000-7f392476f000 ---p 00000000 00:00 0 
7f392476f000-7f392486f000 rw-p 00000000 00:00 0                          [stack:16804]
7f392486f000-7f3924870000 ---p 00000000 00:00 0 
7f3924870000-7f3924970000 rw-p 00000000 00:00 0                          [stack:16803]
7f3924970000-7f3924971000 ---p 00000000 00:00 0 
7f3924971000-7f3924a71000 rw-p 00000000 00:00 0                          [stack:16802]
7f3924a71000-7f3924a72000 ---p 00000000 00:00 0 
7f3924a72000-7f3924b7d000 rw-p 00000000 00:00 0                          [stack:16801]
7f3924b7d000-7f3924b9b000 rw-p 00000000 00:00 0 
7f3924b9b000-7f3924baf000 rw-p 00000000 00:00 0 
7f3924baf000-7f3924cdb000 rw-p 00000000 00:00 0 
7f3924cdb000-7f3924ce6000 rw-p 00000000 00:00 0 
7f3924ce6000-7f3924d04000 rw-p 00000000 00:00 0 
7f3924d04000-7f3924d18000 rw-p 00000000 00:00 0 
7f3924d18000-7f3924e44000 rw-p 00000000 00:00 0 
7f3924e44000-7f3924e6c000 rw-p 00000000 00:00 0 
7f3924e6c000-7f3924ee4000 rw-p 00000000 00:00 0 
7f3924ee4000-7f3924ee5000 rw-p 00000000 00:00 0 
7f3924ee5000-7f3924eff000 r-xp 00000000 08:06 4327400                    /home/t/Projects/error-transformation-vm/jdk1.7.0_65/jre/lib/amd64/libzip.so
7f3924eff000-7f39250ff000 ---p 0001a000 08:06 4327400                    /home/t/Projects/error-transformation-vm/jdk1.7.0_65/jre/lib/amd64/libzip.so
7f39250ff000-7f3925100000 rw-p 0001a000 08:06 4327400                    /home/t/Projects/error-transformation-vm/jdk1.7.0_65/jre/lib/amd64/libzip.so
7f3925100000-7f392510b000 r-xp 00000000 08:06 11276261                   /lib/x86_64-linux-gnu/libnss_files-2.19.so
7f392510b000-7f392530a000 ---p 0000b000 08:06 11276261                   /lib/x86_64-linux-gnu/libnss_files-2.19.so
7f392530a000-7f392530b000 r--p 0000a000 08:06 11276261                   /lib/x86_64-linux-gnu/libnss_files-2.19.so
7f392530b000-7f392530c000 rw-p 0000b000 08:06 11276261                   /lib/x86_64-linux-gnu/libnss_files-2.19.so
7f392530c000-7f3925317000 r-xp 00000000 08:06 11276258                   /lib/x86_64-linux-gnu/libnss_nis-2.19.so
7f3925317000-7f3925516000 ---p 0000b000 08:06 11276258                   /lib/x86_64-linux-gnu/libnss_nis-2.19.so
7f3925516000-7f3925517000 r--p 0000a000 08:06 11276258                   /lib/x86_64-linux-gnu/libnss_nis-2.19.so
7f3925517000-7f3925518000 rw-p 0000b000 08:06 11276258                   /lib/x86_64-linux-gnu/libnss_nis-2.19.so
7f3925518000-7f392552f000 r-xp 00000000 08:06 11276233                   /lib/x86_64-linux-gnu/libnsl-2.19.so
7f392552f000-7f392572e000 ---p 00017000 08:06 11276233                   /lib/x86_64-linux-gnu/libnsl-2.19.so
7f392572e000-7f392572f000 r--p 00016000 08:06 11276233                   /lib/x86_64-linux-gnu/libnsl-2.19.so
7f392572f000-7f3925730000 rw-p 00017000 08:06 11276233                   /lib/x86_64-linux-gnu/libnsl-2.19.so
7f3925730000-7f3925732000 rw-p 00000000 00:00 0 
7f3925732000-7f392573b000 r-xp 00000000 08:06 11276199                   /lib/x86_64-linux-gnu/libnss_compat-2.19.so
7f392573b000-7f392593a000 ---p 00009000 08:06 11276199                   /lib/x86_64-linux-gnu/libnss_compat-2.19.so
7f392593a000-7f392593b000 r--p 00008000 08:06 11276199                   /lib/x86_64-linux-gnu/libnss_compat-2.19.so
7f392593b000-7f392593c000 rw-p 00009000 08:06 11276199                   /lib/x86_64-linux-gnu/libnss_compat-2.19.so
7f392593c000-7f3925965000 r-xp 00000000 08:06 4327383                    /home/t/Projects/error-transformation-vm/jdk1.7.0_65/jre/lib/amd64/libjava.so
7f3925965000-7f3925b65000 ---p 00029000 08:06 4327383                    /home/t/Projects/error-transformation-vm/jdk1.7.0_65/jre/lib/amd64/libjava.so
7f3925b65000-7f3925b67000 rw-p 00029000 08:06 4327383                    /home/t/Projects/error-transformation-vm/jdk1.7.0_65/jre/lib/amd64/libjava.so
7f3925b67000-7f3925b74000 r-xp 00000000 08:06 4327345                    /home/t/Projects/error-transformation-vm/jdk1.7.0_65/jre/lib/amd64/libverify.so
7f3925b74000-7f3925d73000 ---p 0000d000 08:06 4327345                    /home/t/Projects/error-transformation-vm/jdk1.7.0_65/jre/lib/amd64/libverify.so
7f3925d73000-7f3925d75000 rw-p 0000c000 08:06 4327345                    /home/t/Projects/error-transformation-vm/jdk1.7.0_65/jre/lib/amd64/libverify.so
7f3925d75000-7f3925d7c000 r-xp 00000000 08:06 11276122                   /lib/x86_64-linux-gnu/librt-2.19.so
7f3925d7c000-7f3925f7b000 ---p 00007000 08:06 11276122                   /lib/x86_64-linux-gnu/librt-2.19.so
7f3925f7b000-7f3925f7c000 r--p 00006000 08:06 11276122                   /lib/x86_64-linux-gnu/librt-2.19.so
7f3925f7c000-7f3925f7d000 rw-p 00007000 08:06 11276122                   /lib/x86_64-linux-gnu/librt-2.19.so
7f3925f7d000-7f3926082000 r-xp 00000000 08:06 11276232                   /lib/x86_64-linux-gnu/libm-2.19.so
7f3926082000-7f3926281000 ---p 00105000 08:06 11276232                   /lib/x86_64-linux-gnu/libm-2.19.so
7f3926281000-7f3926282000 r--p 00104000 08:06 11276232                   /lib/x86_64-linux-gnu/libm-2.19.so
7f3926282000-7f3926283000 rw-p 00105000 08:06 11276232                   /lib/x86_64-linux-gnu/libm-2.19.so
7f3926283000-7f392643e000 r-xp 00000000 08:06 11276119                   /lib/x86_64-linux-gnu/libc-2.19.so
7f392643e000-7f392663e000 ---p 001bb000 08:06 11276119                   /lib/x86_64-linux-gnu/libc-2.19.so
7f392663e000-7f3926642000 r--p 001bb000 08:06 11276119                   /lib/x86_64-linux-gnu/libc-2.19.so
7f3926642000-7f3926644000 rw-p 001bf000 08:06 11276119                   /lib/x86_64-linux-gnu/libc-2.19.so
7f3926644000-7f3926649000 rw-p 00000000 00:00 0 
7f3926649000-7f3926652000 r-xp 00000000 08:06 8008378                    /usr/lib/x86_64-linux-gnu/libhiredis.so.0.10
7f3926652000-7f3926851000 ---p 00009000 08:06 8008378                    /usr/lib/x86_64-linux-gnu/libhiredis.so.0.10
7f3926851000-7f3926852000 r--p 00008000 08:06 8008378                    /usr/lib/x86_64-linux-gnu/libhiredis.so.0.10
7f3926852000-7f3926853000 rw-p 00009000 08:06 8008378                    /usr/lib/x86_64-linux-gnu/libhiredis.so.0.10
7f3926853000-7f392686c000 r-xp 00000000 08:06 11276260                   /lib/x86_64-linux-gnu/libpthread-2.19.so
7f392686c000-7f3926a6b000 ---p 00019000 08:06 11276260                   /lib/x86_64-linux-gnu/libpthread-2.19.so
7f3926a6b000-7f3926a6c000 r--p 00018000 08:06 11276260                   /lib/x86_64-linux-gnu/libpthread-2.19.so
7f3926a6c000-7f3926a6d000 rw-p 00019000 08:06 11276260                   /lib/x86_64-linux-gnu/libpthread-2.19.so
7f3926a6d000-7f3926a71000 rw-p 00000000 00:00 0 
7f3926a71000-7f3926a74000 r-xp 00000000 08:06 11276161                   /lib/x86_64-linux-gnu/libdl-2.19.so
7f3926a74000-7f3926c73000 ---p 00003000 08:06 11276161                   /lib/x86_64-linux-gnu/libdl-2.19.so
7f3926c73000-7f3926c74000 r--p 00002000 08:06 11276161                   /lib/x86_64-linux-gnu/libdl-2.19.so
7f3926c74000-7f3926c75000 rw-p 00003000 08:06 11276161                   /lib/x86_64-linux-gnu/libdl-2.19.so
7f3926c75000-7f3927de5000 r-xp 00000000 08:06 3280609                    /home/t/Projects/error-transformation-vm/hotspot/build/linux/linux_amd64_compiler2/fastdebug/libjvm.so
7f3927de5000-7f3927fe4000 ---p 01170000 08:06 3280609                    /home/t/Projects/error-transformation-vm/hotspot/build/linux/linux_amd64_compiler2/fastdebug/libjvm.so
7f3927fe4000-7f392808f000 r--p 0116f000 08:06 3280609                    /home/t/Projects/error-transformation-vm/hotspot/build/linux/linux_amd64_compiler2/fastdebug/libjvm.so
7f392808f000-7f39280bb000 rw-p 0121a000 08:06 3280609                    /home/t/Projects/error-transformation-vm/hotspot/build/linux/linux_amd64_compiler2/fastdebug/libjvm.so
7f39280bb000-7f3928155000 rw-p 00000000 00:00 0 
7f3928155000-7f3928178000 r-xp 00000000 08:06 11272358                   /lib/x86_64-linux-gnu/ld-2.19.so
7f3928178000-7f392817a000 r--s 00017000 08:06 6947101                    /home/t/Projects/error-transformation-vm/tomcat/46298/apache-tomcat-6.0.18/lib/jasper-el.jar
7f392817a000-7f392817d000 r--s 0000f000 08:06 6947090                    /home/t/Projects/error-transformation-vm/tomcat/46298/apache-tomcat-6.0.18/lib/jsp-api.jar
7f392817d000-7f3928181000 r--s 0002d000 08:06 6947089                    /home/t/Projects/error-transformation-vm/tomcat/46298/apache-tomcat-6.0.18/lib/tomcat-dbcp.jar
7f3928181000-7f392818f000 r--s 00106000 08:06 6947098                    /home/t/Projects/error-transformation-vm/tomcat/46298/apache-tomcat-6.0.18/lib/catalina.jar
7f392818f000-7f3928199000 rw-p 00000000 00:00 0 
7f3928199000-7f392824f000 rw-p 00000000 00:00 0 
7f392824f000-7f3928252000 ---p 00000000 00:00 0 
7f3928252000-7f3928355000 rw-p 00000000 00:00 0                          [stack:16800]
7f3928355000-7f3928356000 r--s 0000b000 08:06 6947086                    /home/t/Projects/error-transformation-vm/tomcat/46298/apache-tomcat-6.0.18/lib/catalina-ant.jar
7f3928356000-7f3928358000 r--s 00013000 08:06 6947088                    /home/t/Projects/error-transformation-vm/tomcat/46298/apache-tomcat-6.0.18/lib/servlet-api.jar
7f3928358000-7f3928360000 r--s 000d8000 08:06 6947094                    /home/t/Projects/error-transformation-vm/tomcat/46298/apache-tomcat-6.0.18/lib/mysql-connector-java-5.1.28.jar
7f3928360000-7f3928361000 r--s 00002000 08:06 6947091                    /home/t/Projects/error-transformation-vm/tomcat/46298/apache-tomcat-6.0.18/lib/annotations-api.jar
7f3928361000-7f3928362000 r--s 00004000 08:06 6947066                    /home/t/Projects/error-transformation-vm/tomcat/46298/apache-tomcat-6.0.18/bin/tomcat-juli.jar
7f3928362000-7f3928364000 r--s 00001000 08:06 6947070                    /home/t/Projects/error-transformation-vm/tomcat/46298/apache-tomcat-6.0.18/bin/commons-daemon.jar
7f3928364000-7f3928366000 r--s 00003000 08:06 6947071                    /home/t/Projects/error-transformation-vm/tomcat/46298/apache-tomcat-6.0.18/bin/bootstrap.jar
7f3928366000-7f3928369000 r--s 00029000 08:06 3545284                    /home/t/Projects/ares-jpf/ares-jpf.jar
7f3928369000-7f3928371000 rw-s 00000000 08:06 3015071                    /tmp/hsperfdata_t/16787
7f3928371000-7f3928373000 rw-p 00000000 00:00 0 
7f3928373000-7f3928374000 r--p 00000000 00:00 0 
7f3928374000-7f3928377000 rw-p 00000000 00:00 0 
7f3928377000-7f3928378000 r--p 00022000 08:06 11272358                   /lib/x86_64-linux-gnu/ld-2.19.so
7f3928378000-7f3928379000 rw-p 00023000 08:06 11272358                   /lib/x86_64-linux-gnu/ld-2.19.so
7f3928379000-7f392837a000 rw-p 00000000 00:00 0 
7fff9e8fa000-7fff9e91c000 rw-p 00000000 00:00 0                          [stack]
7fff9e9fe000-7fff9ea00000 r-xp 00000000 00:00 0                          [vdso]
ffffffffff600000-ffffffffff601000 r-xp 00000000 00:00 0                  [vsyscall]

VM Arguments:
jvm_args: -XX:-UseErrorTransformation -XX:-UseEarlyReturn -XX:+UseJPF -XX:TraceRuntimeRecovery=2056 -Xbootclasspath/a:/home/t/Projects/ares-jpf/ares-jpf.jar:/D/aotes-workspace/jpf-core/build/jpf.jar -Djava.util.logging.manager=org.apache.juli.ClassLoaderLogManager -Djava.util.logging.config.file=/home/t/Projects/error-transformation-vm/tomcat/46298/apache-tomcat-6.0.18/conf/logging.properties -Djava.endorsed.dirs=/home/t/Projects/error-transformation-vm/tomcat/46298/apache-tomcat-6.0.18/endorsed -Dcatalina.base=/home/t/Projects/error-transformation-vm/tomcat/46298/apache-tomcat-6.0.18 -Dcatalina.home=/home/t/Projects/error-transformation-vm/tomcat/46298/apache-tomcat-6.0.18 -Djava.io.tmpdir=/home/t/Projects/error-transformation-vm/tomcat/46298/apache-tomcat-6.0.18/temp 
java_command: org.apache.catalina.startup.Bootstrap start
Launcher Type: gamma

Environment Variables:
JAVA_HOME=/home/t/Projects/error-transformation-vm/jdk1.7.0_65
PATH=/usr/local/sbin:/usr/local/bin:/usr/sbin:/usr/bin:/sbin:/bin:/usr/games:/usr/local/games
LD_LIBRARY_PATH=/home/t/Projects/error-transformation-vm/hotspot/build/linux/linux_amd64_compiler2/fastdebug:/home/t/Projects/error-transformation-vm/jdk1.7.0_65/jre/lib/amd64
LD_PRELOAD=
SHELL=/bin/bash
DISPLAY=:0

Signal Handlers:
SIGSEGV: [libjvm.so+0xe26370], sa_mask[0]=0x7ffbfeff, sa_flags=0x10000004
SIGBUS: [libjvm.so+0xe26370], sa_mask[0]=0x7ffbfeff, sa_flags=0x10000004
SIGFPE: [libjvm.so+0xbb1ee0], sa_mask[0]=0x7ffbfeff, sa_flags=0x10000004
SIGPIPE: [libjvm.so+0xbb1ee0], sa_mask[0]=0x7ffbfeff, sa_flags=0x10000004
SIGXFSZ: [libjvm.so+0xbb1ee0], sa_mask[0]=0x7ffbfeff, sa_flags=0x10000004
SIGILL: [libjvm.so+0xbb1ee0], sa_mask[0]=0x7ffbfeff, sa_flags=0x10000004
SIGUSR1: SIG_DFL, sa_mask[0]=0x00000000, sa_flags=0x00000000
SIGUSR2: [libjvm.so+0xbb21d0], sa_mask[0]=0x00000000, sa_flags=0x10000004
SIGHUP: [libjvm.so+0xbb20e0], sa_mask[0]=0x7ffbfeff, sa_flags=0x10000004
SIGINT: [libjvm.so+0xbb20e0], sa_mask[0]=0x7ffbfeff, sa_flags=0x10000004
SIGTERM: [libjvm.so+0xbb20e0], sa_mask[0]=0x7ffbfeff, sa_flags=0x10000004
SIGQUIT: [libjvm.so+0xbb20e0], sa_mask[0]=0x7ffbfeff, sa_flags=0x10000004


---------------  S Y S T E M  ---------------

OS:jessie/sid

uname:Linux 3.13.0-37-generic #64-Ubuntu SMP Mon Sep 22 21:28:38 UTC 2014 x86_64
libc:glibc 2.19 NPTL 2.19 
rlimit: STACK 8192k, CORE 0k, NPROC 30489, NOFILE 4096, AS infinity
load average:1.94 1.54 1.16

/proc/meminfo:
MemTotal:        3931964 kB
MemFree:         1037640 kB
Buffers:            5052 kB
Cached:           846136 kB
SwapCached:            0 kB
Active:          2101672 kB
Inactive:         508520 kB
Active(anon):    1760640 kB
Inactive(anon):    65684 kB
Active(file):     341032 kB
Inactive(file):   442836 kB
Unevictable:          64 kB
Mlocked:              64 kB
SwapTotal:             0 kB
SwapFree:              0 kB
Dirty:                 0 kB
Writeback:             0 kB
AnonPages:       1759080 kB
Mapped:           194316 kB
Shmem:             67320 kB
Slab:             110392 kB
SReclaimable:      68012 kB
SUnreclaim:        42380 kB
KernelStack:        4984 kB
PageTables:        44444 kB
NFS_Unstable:          0 kB
Bounce:                0 kB
WritebackTmp:          0 kB
CommitLimit:     1965980 kB
Committed_AS:    6070668 kB
VmallocTotal:   34359738367 kB
VmallocUsed:      388612 kB
VmallocChunk:   34359345148 kB
HardwareCorrupted:     0 kB
AnonHugePages:    671744 kB
HugePages_Total:       0
HugePages_Free:        0
HugePages_Rsvd:        0
HugePages_Surp:        0
Hugepagesize:       2048 kB
DirectMap4k:      169600 kB
DirectMap2M:     3909632 kB


CPU:total 4 (2 cores per cpu, 2 threads per core) family 6 model 42 stepping 7, cmov, cx8, fxsr, mmx, sse, sse2, sse3, ssse3, sse4.1, sse4.2, popcnt, avx, aes, ht, tsc, tscinvbit

/proc/cpuinfo:
processor	: 0
vendor_id	: GenuineIntel
cpu family	: 6
model		: 42
model name	: Intel(R) Core(TM) i5-2520M CPU @ 2.50GHz
stepping	: 7
microcode	: 0x14
cpu MHz		: 2000.000
cache size	: 3072 KB
physical id	: 0
siblings	: 4
core id		: 0
cpu cores	: 2
apicid		: 0
initial apicid	: 0
fpu		: yes
fpu_exception	: yes
cpuid level	: 13
wp		: yes
flags		: fpu vme de pse tsc msr pae mce cx8 apic sep mtrr pge mca cmov pat pse36 clflush dts acpi mmx fxsr sse sse2 ss ht tm pbe syscall nx rdtscp lm constant_tsc arch_perfmon pebs bts nopl xtopology nonstop_tsc aperfmperf eagerfpu pni pclmulqdq dtes64 monitor ds_cpl vmx smx est tm2 ssse3 cx16 xtpr pdcm pcid sse4_1 sse4_2 x2apic popcnt tsc_deadline_timer aes xsave avx lahf_lm ida arat epb xsaveopt pln pts dtherm tpr_shadow vnmi flexpriority ept vpid
bogomips	: 4984.17
clflush size	: 64
cache_alignment	: 64
address sizes	: 36 bits physical, 48 bits virtual
power management:

processor	: 1
vendor_id	: GenuineIntel
cpu family	: 6
model		: 42
model name	: Intel(R) Core(TM) i5-2520M CPU @ 2.50GHz
stepping	: 7
microcode	: 0x14
cpu MHz		: 800.000
cache size	: 3072 KB
physical id	: 0
siblings	: 4
core id		: 0
cpu cores	: 2
apicid		: 1
initial apicid	: 1
fpu		: yes
fpu_exception	: yes
cpuid level	: 13
wp		: yes
flags		: fpu vme de pse tsc msr pae mce cx8 apic sep mtrr pge mca cmov pat pse36 clflush dts acpi mmx fxsr sse sse2 ss ht tm pbe syscall nx rdtscp lm constant_tsc arch_perfmon pebs bts nopl xtopology nonstop_tsc aperfmperf eagerfpu pni pclmulqdq dtes64 monitor ds_cpl vmx smx est tm2 ssse3 cx16 xtpr pdcm pcid sse4_1 sse4_2 x2apic popcnt tsc_deadline_timer aes xsave avx lahf_lm ida arat epb xsaveopt pln pts dtherm tpr_shadow vnmi flexpriority ept vpid
bogomips	: 4984.17
clflush size	: 64
cache_alignment	: 64
address sizes	: 36 bits physical, 48 bits virtual
power management:

processor	: 2
vendor_id	: GenuineIntel
cpu family	: 6
model		: 42
model name	: Intel(R) Core(TM) i5-2520M CPU @ 2.50GHz
stepping	: 7
microcode	: 0x14
cpu MHz		: 2501.000
cache size	: 3072 KB
physical id	: 0
siblings	: 4
core id		: 1
cpu cores	: 2
apicid		: 2
initial apicid	: 2
fpu		: yes
fpu_exception	: yes
cpuid level	: 13
wp		: yes
flags		: fpu vme de pse tsc msr pae mce cx8 apic sep mtrr pge mca cmov pat pse36 clflush dts acpi mmx fxsr sse sse2 ss ht tm pbe syscall nx rdtscp lm constant_tsc arch_perfmon pebs bts nopl xtopology nonstop_tsc aperfmperf eagerfpu pni pclmulqdq dtes64 monitor ds_cpl vmx smx est tm2 ssse3 cx16 xtpr pdcm pcid sse4_1 sse4_2 x2apic popcnt tsc_deadline_timer aes xsave avx lahf_lm ida arat epb xsaveopt pln pts dtherm tpr_shadow vnmi flexpriority ept vpid
bogomips	: 4984.17
clflush size	: 64
cache_alignment	: 64
address sizes	: 36 bits physical, 48 bits virtual
power management:

processor	: 3
vendor_id	: GenuineIntel
cpu family	: 6
model		: 42
model name	: Intel(R) Core(TM) i5-2520M CPU @ 2.50GHz
stepping	: 7
microcode	: 0x14
cpu MHz		: 1400.000
cache size	: 3072 KB
physical id	: 0
siblings	: 4
core id		: 1
cpu cores	: 2
apicid		: 3
initial apicid	: 3
fpu		: yes
fpu_exception	: yes
cpuid level	: 13
wp		: yes
flags		: fpu vme de pse tsc msr pae mce cx8 apic sep mtrr pge mca cmov pat pse36 clflush dts acpi mmx fxsr sse sse2 ss ht tm pbe syscall nx rdtscp lm constant_tsc arch_perfmon pebs bts nopl xtopology nonstop_tsc aperfmperf eagerfpu pni pclmulqdq dtes64 monitor ds_cpl vmx smx est tm2 ssse3 cx16 xtpr pdcm pcid sse4_1 sse4_2 x2apic popcnt tsc_deadline_timer aes xsave avx lahf_lm ida arat epb xsaveopt pln pts dtherm tpr_shadow vnmi flexpriority ept vpid
bogomips	: 4984.17
clflush size	: 64
cache_alignment	: 64
address sizes	: 36 bits physical, 48 bits virtual
power management:



Memory: 4k page, physical 3931964k(1037640k free), swap 0k(0k free)

vm_info: OpenJDK 64-Bit Server VM (24.60-b08-internal-fastdebug) for linux-amd64 JRE (1.7.0), built on Jun 26 2015 02:00:27 by "t" with gcc 4.8.2

time: Fri Jun 26 02:01:59 2015
elapsed time: 11 seconds

