#
# A fatal error has been detected by the Java Runtime Environment:
#
#  Internal Error (/home/t/Projects/error-transformation-vm/hotspot/src/share/vm/interpreter/interpreterRuntime.cpp:390), pid=11708, tid=140126941140736
#  assert(Klass::cast(h_exception->klass())->name() == vmSymbols::java_lang_reflect_InvocationTargetException() || rrs->last_checked_exception() == h_exception()) failed: sanity check
#
# JRE version: Java(TM) SE Runtime Environment (7.0_65-b17) (build 1.7.0_65-b17)
# Java VM: OpenJDK 64-Bit Server VM (24.60-b08-internal-fastdebug mixed mode linux-amd64 compressed oops)
# Failed to write core dump. Core dumps have been disabled. To enable core dumping, try "ulimit -c unlimited" before starting Java again
#
# If you would like to submit a bug report, please visit:
#   http://bugreport.sun.com/bugreport/crash.jsp
#

---------------  T H R E A D  ---------------

Current thread (0x00007f719c001000):  JavaThread "http-8080-1" daemon [_thread_in_vm, id=11771, stack(0x00007f71d87cd000,0x00007f71d88ce000)]

Stack: [0x00007f71d87cd000,0x00007f71d88ce000],  sp=0x00007f71d88cbe30,  free space=1019k
Native frames: (J=compiled Java code, j=interpreted, Vv=VM code, C=native code)
V  [libjvm.so+0xe25898]  VMError::report_and_die()+0x178
V  [libjvm.so+0x6af97b]  report_vm_error(char const*, int, char const*, char const*)+0x7b
V  [libjvm.so+0x8b758e]  InterpreterRuntime::recovery_handler_for_exception(JavaThread*, oopDesc*)+0x2de
j  org.apache.catalina.realm.JDBCRealm.getPassword(Ljava/lang/String;)Ljava/lang/String;+214
j  org.apache.catalina.realm.JDBCRealm.authenticate(Ljava/sql/Connection;Ljava/lang/String;Ljava/lang/String;)Ljava/security/Principal;+8
j  org.apache.catalina.realm.JDBCRealm.authenticate(Ljava/lang/String;Ljava/lang/String;)Ljava/security/Principal;+18
j  org.apache.catalina.authenticator.BasicAuthenticator.authenticate(Lorg/apache/catalina/connector/Request;Lorg/apache/catalina/connector/Response;Lorg/apache/catalina/deploy/LoginConfig;)Z+326
j  org.apache.catalina.authenticator.AuthenticatorBase.invoke(Lorg/apache/catalina/connector/Request;Lorg/apache/catalina/connector/Response;)V+559
j  org.apache.catalina.core.StandardHostValve.invoke(Lorg/apache/catalina/connector/Request;Lorg/apache/catalina/connector/Response;)V+64
j  org.apache.catalina.valves.ErrorReportValve.invoke(Lorg/apache/catalina/connector/Request;Lorg/apache/catalina/connector/Response;)V+6
j  org.apache.catalina.core.StandardEngineValve.invoke(Lorg/apache/catalina/connector/Request;Lorg/apache/catalina/connector/Response;)V+42
j  org.apache.catalina.connector.CoyoteAdapter.service(Lorg/apache/coyote/Request;Lorg/apache/coyote/Response;)V+157
j  org.apache.coyote.http11.Http11Processor.process(Ljava/net/Socket;)V+432
j  org.apache.coyote.http11.Http11Protocol$Http11ConnectionHandler.process(Ljava/net/Socket;)Z+82
j  org.apache.tomcat.util.net.JIoEndpoint$Worker.run()V+41
j  java.lang.Thread.run()V+11
v  ~StubRoutines::call_stub
V  [libjvm.so+0x8c8c5a]  JavaCalls::call_helper(JavaValue*, methodHandle*, JavaCallArguments*, Thread*)+0x6ca
V  [libjvm.so+0x8c9030]  JavaCalls::call_virtual(JavaValue*, Handle, KlassHandle, Symbol*, Symbol*, Thread*)+0x340
V  [libjvm.so+0x951c50]  thread_entry(JavaThread*, Thread*)+0x100
V  [libjvm.so+0xdb4a6c]  JavaThread::thread_main_inner()+0x18c
V  [libjvm.so+0xdb4d5f]  JavaThread::run()+0x2bf
V  [libjvm.so+0xbb4172]  java_start(Thread*)+0xf2

Java frames: (J=compiled Java code, j=interpreted, Vv=VM code)
j  org.apache.catalina.realm.JDBCRealm.getPassword(Ljava/lang/String;)Ljava/lang/String;+214
j  org.apache.catalina.realm.JDBCRealm.authenticate(Ljava/sql/Connection;Ljava/lang/String;Ljava/lang/String;)Ljava/security/Principal;+8
j  org.apache.catalina.realm.JDBCRealm.authenticate(Ljava/lang/String;Ljava/lang/String;)Ljava/security/Principal;+18
j  org.apache.catalina.authenticator.BasicAuthenticator.authenticate(Lorg/apache/catalina/connector/Request;Lorg/apache/catalina/connector/Response;Lorg/apache/catalina/deploy/LoginConfig;)Z+326
j  org.apache.catalina.authenticator.AuthenticatorBase.invoke(Lorg/apache/catalina/connector/Request;Lorg/apache/catalina/connector/Response;)V+559
j  org.apache.catalina.core.StandardHostValve.invoke(Lorg/apache/catalina/connector/Request;Lorg/apache/catalina/connector/Response;)V+64
j  org.apache.catalina.valves.ErrorReportValve.invoke(Lorg/apache/catalina/connector/Request;Lorg/apache/catalina/connector/Response;)V+6
j  org.apache.catalina.core.StandardEngineValve.invoke(Lorg/apache/catalina/connector/Request;Lorg/apache/catalina/connector/Response;)V+42
j  org.apache.catalina.connector.CoyoteAdapter.service(Lorg/apache/coyote/Request;Lorg/apache/coyote/Response;)V+157
j  org.apache.coyote.http11.Http11Processor.process(Ljava/net/Socket;)V+432
j  org.apache.coyote.http11.Http11Protocol$Http11ConnectionHandler.process(Ljava/net/Socket;)Z+82
j  org.apache.tomcat.util.net.JIoEndpoint$Worker.run()V+41
j  java.lang.Thread.run()V+11
v  ~StubRoutines::call_stub

---------------  P R O C E S S  ---------------

Java Threads: ( => current thread )
=>0x00007f719c001000 JavaThread "http-8080-1" daemon [_thread_in_vm, id=11771, stack(0x00007f71d87cd000,0x00007f71d88ce000)]
  0x00007f71e4b12000 JavaThread "TP-Monitor" daemon [_thread_blocked, id=11753, stack(0x00007f71d88ce000,0x00007f71d89cf000)]
  0x00007f71e4b0f800 JavaThread "TP-Processor4" daemon [_thread_in_native, id=11752, stack(0x00007f71d89cf000,0x00007f71d8ad0000)]
  0x00007f71e4b0d000 JavaThread "TP-Processor3" daemon [_thread_blocked, id=11751, stack(0x00007f71d8ad0000,0x00007f71d8bd1000)]
  0x00007f71e4b0b000 JavaThread "TP-Processor2" daemon [_thread_blocked, id=11750, stack(0x00007f71d8bd1000,0x00007f71d8cd2000)]
  0x00007f71e4b00000 JavaThread "TP-Processor1" daemon [_thread_blocked, id=11749, stack(0x00007f71d8cd2000,0x00007f71d8dd3000)]
  0x00007f71e4ae2800 JavaThread "http-8080-Acceptor-0" daemon [_thread_in_native, id=11748, stack(0x00007f71d8dd3000,0x00007f71d8ed4000)]
  0x00007f71e4a38800 JavaThread "ContainerBackgroundProcessor[StandardEngine[Catalina]]" daemon [_thread_blocked, id=11747, stack(0x00007f71d8ed4000,0x00007f71d8fd5000)]
  0x00007f71e4529000 JavaThread "Abandoned connection cleanup thread" daemon [_thread_blocked, id=11740, stack(0x00007f71d8fd5000,0x00007f71d90d6000)]
  0x00007f71e4123800 JavaThread "Service Thread" daemon [_thread_blocked, id=11732, stack(0x00007f71d95ff000,0x00007f71d9700000)]
  0x00007f71e4120800 JavaThread "C2 CompilerThread1" daemon [_thread_blocked, id=11731, stack(0x00007f71d9700000,0x00007f71d9801000)]
  0x00007f71e411d000 JavaThread "C2 CompilerThread0" daemon [_thread_blocked, id=11730, stack(0x00007f71d9801000,0x00007f71d9902000)]
  0x00007f71e411a800 JavaThread "Signal Dispatcher" daemon [_thread_blocked, id=11729, stack(0x00007f71d9902000,0x00007f71d9a03000)]
  0x00007f71e40b4000 JavaThread "Finalizer" daemon [_thread_blocked, id=11728, stack(0x00007f71d9e6f000,0x00007f71d9f70000)]
  0x00007f71e40b1800 JavaThread "Reference Handler" daemon [_thread_blocked, id=11727, stack(0x00007f71e008e000,0x00007f71e018f000)]
  0x00007f71e400d800 JavaThread "main" [_thread_in_native, id=11721, stack(0x00007f71ec312000,0x00007f71ec413000)]

Other Threads:
  0x00007f71e40a8800 VMThread [stack: 0x00007f71e018f000,0x00007f71e0290000] [id=11726]
  0x00007f71e4127000 WatcherThread [stack: 0x00007f71d94fe000,0x00007f71d95ff000] [id=11733]

VM state:not at safepoint (normal execution)

VM Mutex/Monitor currently owned by a thread: None

Heap
 PSYoungGen      total 33280K, used 16638K [0x00000000ec000000, 0x00000000f0f00000, 0x0000000100000000)
  eden space 30720K, 45% used [0x00000000ec000000,0x00000000ecdc7ae0,0x00000000ede00000)
  from space 2560K, 98% used [0x00000000ede00000,0x00000000ee078030,0x00000000ee080000)
  to   space 9728K, 0% used [0x00000000f0580000,0x00000000f0580000,0x00000000f0f00000)
 ParOldGen       total 40960K, used 18360K [0x00000000c4000000, 0x00000000c6800000, 0x00000000ec000000)
  object space 40960K, 44% used [0x00000000c4000000,0x00000000c51ee248,0x00000000c6800000)
 PSPermGen       total 21504K, used 16816K [0x00000000bee00000, 0x00000000c0300000, 0x00000000c4000000)
  object space 21504K, 78% used [0x00000000bee00000,0x00000000bfe6c148,0x00000000c0300000)

Card table byte_map: [0x00007f71e8d9e000,0x00007f71e8fa8000] byte_map_base: 0x00007f71e87a7000

Polling page: 0x00007f71ec436000

Code Cache  [0x00007f71e1000000, 0x00007f71e1270000, 0x00007f71e4000000)
 total_blobs=636 nmethods=306 adapters=289 free_code_cache=46921Kb largest_free_block=48022336

Compilation events (10 events):
Event: 13.768 Thread 0x00007f71e4120800  312             gov.nasa.jpf.util.IntTable::restore (134 bytes)
Event: 13.784 Thread 0x00007f71e4120800 nmethod 312 0x00007f71e1143d10 code [0x00007f71e1143f00, 0x00007f71e1144568]
Event: 13.784 Thread 0x00007f71e4120800  313             gov.nasa.jpf.vm.StaticElementInfo::markStaticRoot (74 bytes)
Event: 13.790 Thread 0x00007f71e411d000 nmethod 307 0x00007f71e122f850 code [0x00007f71e122fb60, 0x00007f71e1230880]
Event: 13.790 Thread 0x00007f71e411d000  314             java.util.Formatter$Flags::valueOf (5 bytes)
Event: 13.791 Thread 0x00007f71e411d000 nmethod 314 0x00007f71e114cf50 code [0x00007f71e114d080, 0x00007f71e114d0d8]
Event: 13.807 Thread 0x00007f71e411d000  315             gov.nasa.jpf.vm.ClassInfo::getStaticField (7 bytes)
Event: 13.808 Thread 0x00007f71e411d000 nmethod 315 0x00007f71e114cb90 code [0x00007f71e114cce0, 0x00007f71e114cdf8]
Event: 13.812 Thread 0x00007f71e411d000  316             gov.nasa.jpf.vm.GenericHeap::queueMark (34 bytes)
Event: 13.813 Thread 0x00007f71e4120800 nmethod 313 0x00007f71e1231c10 code [0x00007f71e1231ea0, 0x00007f71e1232a58]

GC Heap History (10 events):
Event: 1.308 GC heap before
{Heap before GC invocations=1 (full 0):
 PSYoungGen      total 17920K, used 15360K [0x00000000ec000000, 0x00000000ed400000, 0x0000000100000000)
  eden space 15360K, 100% used [0x00000000ec000000,0x00000000ecf00000,0x00000000ecf00000)
  from space 2560K, 0% used [0x00000000ed180000,0x00000000ed180000,0x00000000ed400000)
  to   space 2560K, 0% used [0x00000000ecf00000,0x00000000ecf00000,0x00000000ed180000)
 ParOldGen       total 40960K, used 0K [0x00000000c4000000, 0x00000000c6800000, 0x00000000ec000000)
  object space 40960K, 0% used [0x00000000c4000000,0x00000000c4000000,0x00000000c6800000)
 PSPermGen       total 21504K, used 7384K [0x00000000bee00000, 0x00000000c0300000, 0x00000000c4000000)
  object space 21504K, 34% used [0x00000000bee00000,0x00000000bf536138,0x00000000c0300000)
Event: 1.324 GC heap after
Heap after GC invocations=1 (full 0):
 PSYoungGen      total 17920K, used 2556K [0x00000000ec000000, 0x00000000ed400000, 0x0000000100000000)
  eden space 15360K, 0% used [0x00000000ec000000,0x00000000ec000000,0x00000000ecf00000)
  from space 2560K, 99% used [0x00000000ecf00000,0x00000000ed17f380,0x00000000ed180000)
  to   space 2560K, 0% used [0x00000000ed180000,0x00000000ed180000,0x00000000ed400000)
 ParOldGen       total 40960K, used 547K [0x00000000c4000000, 0x00000000c6800000, 0x00000000ec000000)
  object space 40960K, 1% used [0x00000000c4000000,0x00000000c4088f90,0x00000000c6800000)
 PSPermGen       total 21504K, used 7384K [0x00000000bee00000, 0x00000000c0300000, 0x00000000c4000000)
  object space 21504K, 34% used [0x00000000bee00000,0x00000000bf536138,0x00000000c0300000)
}
Event: 2.406 GC heap before
{Heap before GC invocations=2 (full 0):
 PSYoungGen      total 17920K, used 17916K [0x00000000ec000000, 0x00000000ed400000, 0x0000000100000000)
  eden space 15360K, 100% used [0x00000000ec000000,0x00000000ecf00000,0x00000000ecf00000)
  from space 2560K, 99% used [0x00000000ecf00000,0x00000000ed17f380,0x00000000ed180000)
  to   space 2560K, 0% used [0x00000000ed180000,0x00000000ed180000,0x00000000ed400000)
 ParOldGen       total 40960K, used 547K [0x00000000c4000000, 0x00000000c6800000, 0x00000000ec000000)
  object space 40960K, 1% used [0x00000000c4000000,0x00000000c4088f90,0x00000000c6800000)
 PSPermGen       total 21504K, used 12292K [0x00000000bee00000, 0x00000000c0300000, 0x00000000c4000000)
  object space 21504K, 57% used [0x00000000bee00000,0x00000000bfa01348,0x00000000c0300000)
Event: 2.455 GC heap after
Heap after GC invocations=2 (full 0):
 PSYoungGen      total 17920K, used 2528K [0x00000000ec000000, 0x00000000ee300000, 0x0000000100000000)
  eden space 15360K, 0% used [0x00000000ec000000,0x00000000ec000000,0x00000000ecf00000)
  from space 2560K, 98% used [0x00000000ed180000,0x00000000ed3f8030,0x00000000ed400000)
  to   space 2560K, 0% used [0x00000000ecf00000,0x00000000ecf00000,0x00000000ed180000)
 ParOldGen       total 40960K, used 4852K [0x00000000c4000000, 0x00000000c6800000, 0x00000000ec000000)
  object space 40960K, 11% used [0x00000000c4000000,0x00000000c44bd328,0x00000000c6800000)
 PSPermGen       total 21504K, used 12292K [0x00000000bee00000, 0x00000000c0300000, 0x00000000c4000000)
  object space 21504K, 57% used [0x00000000bee00000,0x00000000bfa01348,0x00000000c0300000)
}
Event: 3.275 GC heap before
{Heap before GC invocations=3 (full 0):
 PSYoungGen      total 17920K, used 17888K [0x00000000ec000000, 0x00000000ee300000, 0x0000000100000000)
  eden space 15360K, 100% used [0x00000000ec000000,0x00000000ecf00000,0x00000000ecf00000)
  from space 2560K, 98% used [0x00000000ed180000,0x00000000ed3f8030,0x00000000ed400000)
  to   space 2560K, 0% used [0x00000000ecf00000,0x00000000ecf00000,0x00000000ed180000)
 ParOldGen       total 40960K, used 4852K [0x00000000c4000000, 0x00000000c6800000, 0x00000000ec000000)
  object space 40960K, 11% used [0x00000000c4000000,0x00000000c44bd328,0x00000000c6800000)
 PSPermGen       total 21504K, used 14041K [0x00000000bee00000, 0x00000000c0300000, 0x00000000c4000000)
  object space 21504K, 65% used [0x00000000bee00000,0x00000000bfbb6450,0x00000000c0300000)
Event: 3.309 GC heap after
Heap after GC invocations=3 (full 0):
 PSYoungGen      total 17920K, used 2528K [0x00000000ec000000, 0x00000000ee300000, 0x0000000100000000)
  eden space 15360K, 0% used [0x00000000ec000000,0x00000000ec000000,0x00000000ecf00000)
  from space 2560K, 98% used [0x00000000ecf00000,0x00000000ed178030,0x00000000ed180000)
  to   space 2560K, 0% used [0x00000000ee080000,0x00000000ee080000,0x00000000ee300000)
 ParOldGen       total 40960K, used 9170K [0x00000000c4000000, 0x00000000c6800000, 0x00000000ec000000)
  object space 40960K, 22% used [0x00000000c4000000,0x00000000c48f4830,0x00000000c6800000)
 PSPermGen       total 21504K, used 14041K [0x00000000bee00000, 0x00000000c0300000, 0x00000000c4000000)
  object space 21504K, 65% used [0x00000000bee00000,0x00000000bfbb6450,0x00000000c0300000)
}
Event: 4.140 GC heap before
{Heap before GC invocations=4 (full 0):
 PSYoungGen      total 17920K, used 17888K [0x00000000ec000000, 0x00000000ee300000, 0x0000000100000000)
  eden space 15360K, 100% used [0x00000000ec000000,0x00000000ecf00000,0x00000000ecf00000)
  from space 2560K, 98% used [0x00000000ecf00000,0x00000000ed178030,0x00000000ed180000)
  to   space 2560K, 0% used [0x00000000ee080000,0x00000000ee080000,0x00000000ee300000)
 ParOldGen       total 40960K, used 9170K [0x00000000c4000000, 0x00000000c6800000, 0x00000000ec000000)
  object space 40960K, 22% used [0x00000000c4000000,0x00000000c48f4830,0x00000000c6800000)
 PSPermGen       total 21504K, used 15636K [0x00000000bee00000, 0x00000000c0300000, 0x00000000c4000000)
  object space 21504K, 72% used [0x00000000bee00000,0x00000000bfd45240,0x00000000c0300000)
Event: 4.182 GC heap after
Heap after GC invocations=4 (full 0):
 PSYoungGen      total 33280K, used 2552K [0x00000000ec000000, 0x00000000ee300000, 0x0000000100000000)
  eden space 30720K, 0% used [0x00000000ec000000,0x00000000ec000000,0x00000000ede00000)
  from space 2560K, 99% used [0x00000000ee080000,0x00000000ee2fe030,0x00000000ee300000)
  to   space 2560K, 0% used [0x00000000ede00000,0x00000000ede00000,0x00000000ee080000)
 ParOldGen       total 40960K, used 14508K [0x00000000c4000000, 0x00000000c6800000, 0x00000000ec000000)
  object space 40960K, 35% used [0x00000000c4000000,0x00000000c4e2b100,0x00000000c6800000)
 PSPermGen       total 21504K, used 15636K [0x00000000bee00000, 0x00000000c0300000, 0x00000000c4000000)
  object space 21504K, 72% used [0x00000000bee00000,0x00000000bfd45240,0x00000000c0300000)
}
Event: 13.351 GC heap before
{Heap before GC invocations=5 (full 0):
 PSYoungGen      total 33280K, used 33228K [0x00000000ec000000, 0x00000000ee300000, 0x0000000100000000)
  eden space 30720K, 99% used [0x00000000ec000000,0x00000000eddf5308,0x00000000ede00000)
  from space 2560K, 99% used [0x00000000ee080000,0x00000000ee2fe030,0x00000000ee300000)
  to   space 2560K, 0% used [0x00000000ede00000,0x00000000ede00000,0x00000000ee080000)
 ParOldGen       total 40960K, used 14508K [0x00000000c4000000, 0x00000000c6800000, 0x00000000ec000000)
  object space 40960K, 35% used [0x00000000c4000000,0x00000000c4e2b100,0x00000000c6800000)
 PSPermGen       total 21504K, used 16687K [0x00000000bee00000, 0x00000000c0300000, 0x00000000c4000000)
  object space 21504K, 77% used [0x00000000bee00000,0x00000000bfe4bf08,0x00000000c0300000)
Event: 13.412 GC heap after
Heap after GC invocations=5 (full 0):
 PSYoungGen      total 33280K, used 2528K [0x00000000ec000000, 0x00000000f0f00000, 0x0000000100000000)
  eden space 30720K, 0% used [0x00000000ec000000,0x00000000ec000000,0x00000000ede00000)
  from space 2560K, 98% used [0x00000000ede00000,0x00000000ee078030,0x00000000ee080000)
  to   space 9728K, 0% used [0x00000000f0580000,0x00000000f0580000,0x00000000f0f00000)
 ParOldGen       total 40960K, used 18360K [0x00000000c4000000, 0x00000000c6800000, 0x00000000ec000000)
  object space 40960K, 44% used [0x00000000c4000000,0x00000000c51ee248,0x00000000c6800000)
 PSPermGen       total 21504K, used 16687K [0x00000000bee00000, 0x00000000c0300000, 0x00000000c4000000)
  object space 21504K, 77% used [0x00000000bee00000,0x00000000bfe4bf08,0x00000000c0300000)
}

Deoptimization events (10 events):
Event: 3.422 Thread 0x00007f71e400d800 Uncommon trap: reason=bimorphic action=maybe_recompile pc=0x00007f71e110e92c method=java.util.Properties$LineReader.readLine()I @ 62
Event: 3.422 Thread 0x00007f71e400d800 Uncommon trap: reason=bimorphic action=maybe_recompile pc=0x00007f71e110e92c method=java.util.Properties$LineReader.readLine()I @ 62
Event: 3.423 Thread 0x00007f71e400d800 Uncommon trap: reason=bimorphic action=maybe_recompile pc=0x00007f71e110e92c method=java.util.Properties$LineReader.readLine()I @ 62
Event: 3.427 Thread 0x00007f71e400d800 Uncommon trap: reason=class_check action=maybe_recompile pc=0x00007f71e1174e88 method=java.util.HashMap$KeySet.iterator()Ljava/util/Iterator; @ 4
Event: 3.431 Thread 0x00007f71e400d800 Uncommon trap: reason=class_check action=maybe_recompile pc=0x00007f71e1174e88 method=java.util.HashMap$KeySet.iterator()Ljava/util/Iterator; @ 4
Event: 3.809 Thread 0x00007f71e400d800 Uncommon trap: reason=class_check action=maybe_recompile pc=0x00007f71e1174e88 method=java.util.HashMap$KeySet.iterator()Ljava/util/Iterator; @ 4
Event: 4.446 Thread 0x00007f71e400d800 Uncommon trap: reason=class_check action=maybe_recompile pc=0x00007f71e1174e88 method=java.util.HashMap$KeySet.iterator()Ljava/util/Iterator; @ 4
Event: 4.567 Thread 0x00007f71e400d800 Uncommon trap: reason=unreached action=reinterpret pc=0x00007f71e11e3544 method=com.sun.org.apache.xerces.internal.utils.XMLLimitAnalyzer.isTracking(Ljava/lang/String;)Z @ 4
Event: 4.972 Thread 0x00007f71e400d800 Uncommon trap: reason=null_check action=make_not_entrant pc=0x00007f71e12001d0 method=com.sun.org.apache.xerces.internal.utils.XMLLimitAnalyzer.isTracking(Ljava/lang/String;)Z @ 14
Event: 4.972 Thread 0x00007f71e400d800 Uncommon trap: reason=null_check action=make_not_entrant pc=0x00007f71e11fbcd8 method=com.sun.org.apache.xerces.internal.utils.XMLLimitAnalyzer.isTracking(Ljava/lang/String;)Z @ 14

Internal exceptions (10 events):
Event: 13.703 Thread 0x00007f719c001000 Threw 0x00000000ecb1a110 at /home/t/Projects/error-transformation-vm/hotspot/src/share/vm/prims/jvm.cpp:1244
Event: 13.708 Thread 0x00007f719c001000 Threw 0x00000000ecb33230 at /home/t/Projects/error-transformation-vm/hotspot/src/share/vm/prims/jvm.cpp:1244
Event: 13.708 Thread 0x00007f719c001000 Threw 0x00000000ecb34040 at /home/t/Projects/error-transformation-vm/hotspot/src/share/vm/prims/jvm.cpp:1244
Event: 13.708 Thread 0x00007f719c001000 Threw 0x00000000ecb34870 at /home/t/Projects/error-transformation-vm/hotspot/src/share/vm/prims/jvm.cpp:1244
Event: 13.709 Thread 0x00007f719c001000 Threw 0x00000000ecb48fb8 at /home/t/Projects/error-transformation-vm/hotspot/src/share/vm/prims/jvm.cpp:1244
Event: 13.710 Thread 0x00007f719c001000 Threw 0x00000000ecb49ef0 at /home/t/Projects/error-transformation-vm/hotspot/src/share/vm/prims/jvm.cpp:1244
Event: 13.710 Thread 0x00007f719c001000 Threw 0x00000000ecb4a800 at /home/t/Projects/error-transformation-vm/hotspot/src/share/vm/prims/jvm.cpp:1244
Event: 13.723 Thread 0x00007f719c001000 Threw 0x00000000ecb83540 at /home/t/Projects/error-transformation-vm/hotspot/src/share/vm/interpreter/linkResolver.cpp:969
Event: 13.792 Thread 0x00007f719c001000 Threw 0x00000000ecce8478 at /home/t/Projects/error-transformation-vm/hotspot/src/share/vm/interpreter/linkResolver.cpp:969
Event: 13.814 Thread 0x00007f719c001000 Threw 0x00000000ecdb8390 at /home/t/Projects/error-transformation-vm/hotspot/src/share/vm/interpreter/linkResolver.cpp:969

Events (10 events):
Event: 13.708 loading class 0x00007f71840bf198
Event: 13.708 loading class 0x00007f71840bf198 done
Event: 13.709 loading class 0x00007f71840bf2a8
Event: 13.709 loading class 0x00007f71840bf2a8 done
Event: 13.709 loading class 0x00007f71840bf358
Event: 13.709 loading class 0x00007f71840bf358 done
Event: 13.710 loading class 0x00007f71840bf418
Event: 13.710 loading class 0x00007f71840bf418 done
Event: 13.771 loading class 0x00007f71840bf5d8
Event: 13.771 loading class 0x00007f71840bf5d8 done


Dynamic libraries:
00400000-00408000 r-xp 00000000 08:06 3280615                            /home/t/Projects/error-transformation-vm/hotspot/build/linux/linux_amd64_compiler2/fastdebug/gamma
00607000-00608000 r--p 00007000 08:06 3280615                            /home/t/Projects/error-transformation-vm/hotspot/build/linux/linux_amd64_compiler2/fastdebug/gamma
00608000-00609000 rw-p 00008000 08:06 3280615                            /home/t/Projects/error-transformation-vm/hotspot/build/linux/linux_amd64_compiler2/fastdebug/gamma
016e9000-0170a000 rw-p 00000000 00:00 0                                  [heap]
bee00000-c0300000 rw-p 00000000 00:00 0 
c0300000-c4000000 rw-p 00000000 00:00 0 
c4000000-c6800000 rw-p 00000000 00:00 0 
c6800000-ec000000 rw-p 00000000 00:00 0 
ec000000-f0f00000 rw-p 00000000 00:00 0 
f0f00000-100000000 rw-p 00000000 00:00 0 
7f7184000000-7f71841d5000 rw-p 00000000 00:00 0 
7f71841d5000-7f7188000000 ---p 00000000 00:00 0 
7f718c000000-7f718c021000 rw-p 00000000 00:00 0 
7f718c021000-7f7190000000 ---p 00000000 00:00 0 
7f7190000000-7f7190021000 rw-p 00000000 00:00 0 
7f7190021000-7f7194000000 ---p 00000000 00:00 0 
7f7194000000-7f7194021000 rw-p 00000000 00:00 0 
7f7194021000-7f7198000000 ---p 00000000 00:00 0 
7f7198000000-7f7198021000 rw-p 00000000 00:00 0 
7f7198021000-7f719c000000 ---p 00000000 00:00 0 
7f719c000000-7f719c021000 rw-p 00000000 00:00 0 
7f719c021000-7f71a0000000 ---p 00000000 00:00 0 
7f71a0000000-7f71a0021000 rw-p 00000000 00:00 0 
7f71a0021000-7f71a4000000 ---p 00000000 00:00 0 
7f71a4000000-7f71a4021000 rw-p 00000000 00:00 0 
7f71a4021000-7f71a8000000 ---p 00000000 00:00 0 
7f71a8000000-7f71a8021000 rw-p 00000000 00:00 0 
7f71a8021000-7f71ac000000 ---p 00000000 00:00 0 
7f71ac000000-7f71ac021000 rw-p 00000000 00:00 0 
7f71ac021000-7f71b0000000 ---p 00000000 00:00 0 
7f71b0000000-7f71b0021000 rw-p 00000000 00:00 0 
7f71b0021000-7f71b4000000 ---p 00000000 00:00 0 
7f71b4000000-7f71b4e1e000 rw-p 00000000 00:00 0 
7f71b4e1e000-7f71b8000000 ---p 00000000 00:00 0 
7f71b8000000-7f71b9a12000 rw-p 00000000 00:00 0 
7f71b9a12000-7f71bc000000 ---p 00000000 00:00 0 
7f71bc000000-7f71bc021000 rw-p 00000000 00:00 0 
7f71bc021000-7f71c0000000 ---p 00000000 00:00 0 
7f71c0000000-7f71c0021000 rw-p 00000000 00:00 0 
7f71c0021000-7f71c4000000 ---p 00000000 00:00 0 
7f71c4000000-7f71c4021000 rw-p 00000000 00:00 0 
7f71c4021000-7f71c8000000 ---p 00000000 00:00 0 
7f71c8000000-7f71c8021000 rw-p 00000000 00:00 0 
7f71c8021000-7f71cc000000 ---p 00000000 00:00 0 
7f71cc000000-7f71cc021000 rw-p 00000000 00:00 0 
7f71cc021000-7f71d0000000 ---p 00000000 00:00 0 
7f71d0000000-7f71d0021000 rw-p 00000000 00:00 0 
7f71d0021000-7f71d4000000 ---p 00000000 00:00 0 
7f71d4000000-7f71d4021000 rw-p 00000000 00:00 0 
7f71d4021000-7f71d8000000 ---p 00000000 00:00 0 
7f71d8611000-7f71d87cd000 rw-p 00000000 00:00 0 
7f71d87cd000-7f71d87d0000 ---p 00000000 00:00 0 
7f71d87d0000-7f71d88ce000 rw-p 00000000 00:00 0                          [stack:11771]
7f71d88ce000-7f71d88d1000 ---p 00000000 00:00 0 
7f71d88d1000-7f71d89cf000 rw-p 00000000 00:00 0                          [stack:11753]
7f71d89cf000-7f71d89d2000 ---p 00000000 00:00 0 
7f71d89d2000-7f71d8ad0000 rw-p 00000000 00:00 0                          [stack:11752]
7f71d8ad0000-7f71d8ad3000 ---p 00000000 00:00 0 
7f71d8ad3000-7f71d8bd1000 rw-p 00000000 00:00 0                          [stack:11751]
7f71d8bd1000-7f71d8bd4000 ---p 00000000 00:00 0 
7f71d8bd4000-7f71d8cd2000 rw-p 00000000 00:00 0                          [stack:11750]
7f71d8cd2000-7f71d8cd5000 ---p 00000000 00:00 0 
7f71d8cd5000-7f71d8dd3000 rw-p 00000000 00:00 0                          [stack:11749]
7f71d8dd3000-7f71d8dd6000 ---p 00000000 00:00 0 
7f71d8dd6000-7f71d8ed4000 rw-p 00000000 00:00 0                          [stack:11748]
7f71d8ed4000-7f71d8ed7000 ---p 00000000 00:00 0 
7f71d8ed7000-7f71d8fd5000 rw-p 00000000 00:00 0                          [stack:11747]
7f71d8fd5000-7f71d8fd8000 ---p 00000000 00:00 0 
7f71d8fd8000-7f71d90d6000 rw-p 00000000 00:00 0                          [stack:11740]
7f71d90d6000-7f71d90ec000 r-xp 00000000 08:06 4327346                    /home/t/Projects/error-transformation-vm/jdk1.7.0_65/jre/lib/amd64/libnet.so
7f71d90ec000-7f71d92ec000 ---p 00016000 08:06 4327346                    /home/t/Projects/error-transformation-vm/jdk1.7.0_65/jre/lib/amd64/libnet.so
7f71d92ec000-7f71d92ed000 rw-p 00016000 08:06 4327346                    /home/t/Projects/error-transformation-vm/jdk1.7.0_65/jre/lib/amd64/libnet.so
7f71d92ed000-7f71d92fd000 r-xp 00000000 08:06 4327386                    /home/t/Projects/error-transformation-vm/jdk1.7.0_65/jre/lib/amd64/libnio.so
7f71d92fd000-7f71d94fd000 ---p 00010000 08:06 4327386                    /home/t/Projects/error-transformation-vm/jdk1.7.0_65/jre/lib/amd64/libnio.so
7f71d94fd000-7f71d94fe000 rw-p 00010000 08:06 4327386                    /home/t/Projects/error-transformation-vm/jdk1.7.0_65/jre/lib/amd64/libnio.so
7f71d94fe000-7f71d94ff000 ---p 00000000 00:00 0 
7f71d94ff000-7f71d95ff000 rw-p 00000000 00:00 0                          [stack:11733]
7f71d95ff000-7f71d9602000 ---p 00000000 00:00 0 
7f71d9602000-7f71d9700000 rw-p 00000000 00:00 0                          [stack:11732]
7f71d9700000-7f71d9703000 ---p 00000000 00:00 0 
7f71d9703000-7f71d9801000 rw-p 00000000 00:00 0                          [stack:11731]
7f71d9801000-7f71d9804000 ---p 00000000 00:00 0 
7f71d9804000-7f71d9902000 rw-p 00000000 00:00 0                          [stack:11730]
7f71d9902000-7f71d9905000 ---p 00000000 00:00 0 
7f71d9905000-7f71d9a03000 rw-p 00000000 00:00 0                          [stack:11729]
7f71d9a03000-7f71d9e6f000 r--p 00000000 08:06 8003345                    /usr/lib/locale/locale-archive
7f71d9e6f000-7f71d9e72000 ---p 00000000 00:00 0 
7f71d9e72000-7f71dc000000 rw-p 00000000 00:00 0                          [stack:11728]
7f71dc000000-7f71dc021000 rw-p 00000000 00:00 0 
7f71dc021000-7f71e0000000 ---p 00000000 00:00 0 
7f71e0021000-7f71e0022000 rw-p 00000000 00:00 0 
7f71e0022000-7f71e0026000 r--s 0008a000 08:06 4327529                    /home/t/Projects/error-transformation-vm/jdk1.7.0_65/jre/lib/jsse.jar
7f71e0026000-7f71e0027000 r--s 00000000 08:05 148938                     /D/aotes-workspace/jpf-core/build/jpf-annotations.jar
7f71e0027000-7f71e002b000 r--s 0001b000 08:05 148936                     /D/aotes-workspace/jpf-core/build/jpf-classes.jar
7f71e002b000-7f71e0035000 r--s 00251000 08:06 4327458                    /home/t/Projects/error-transformation-vm/jdk1.7.0_65/jre/lib/resources.jar
7f71e0035000-7f71e0039000 r--s 000f7000 08:06 4326850                    /home/t/Projects/error-transformation-vm/jdk1.7.0_65/jre/lib/ext/localedata.jar
7f71e0039000-7f71e0045000 r--s 00149000 08:06 6947097                    /home/t/Projects/error-transformation-vm/tomcat/46298/apache-tomcat-6.0.18/lib/jasper-jdt.jar
7f71e0045000-7f71e0048000 r--s 00009000 08:06 6947096                    /home/t/Projects/error-transformation-vm/tomcat/46298/apache-tomcat-6.0.18/lib/tomcat-i18n-es.jar
7f71e0048000-7f71e004a000 r--s 00009000 08:06 6947092                    /home/t/Projects/error-transformation-vm/tomcat/46298/apache-tomcat-6.0.18/lib/tomcat-i18n-fr.jar
7f71e004a000-7f71e004c000 r--s 0000a000 08:06 6947095                    /home/t/Projects/error-transformation-vm/tomcat/46298/apache-tomcat-6.0.18/lib/tomcat-i18n-ja.jar
7f71e004c000-7f71e0056000 r--s 000ac000 08:06 6947087                    /home/t/Projects/error-transformation-vm/tomcat/46298/apache-tomcat-6.0.18/lib/tomcat-coyote.jar
7f71e0056000-7f71e0059000 r--s 0001c000 08:06 6947100                    /home/t/Projects/error-transformation-vm/tomcat/46298/apache-tomcat-6.0.18/lib/catalina-ha.jar
7f71e0059000-7f71e005d000 r--s 00034000 08:06 6947099                    /home/t/Projects/error-transformation-vm/tomcat/46298/apache-tomcat-6.0.18/lib/catalina-tribes.jar
7f71e005d000-7f71e008e000 rw-p 00000000 00:00 0 
7f71e008e000-7f71e0091000 ---p 00000000 00:00 0 
7f71e0091000-7f71e018f000 rw-p 00000000 00:00 0                          [stack:11727]
7f71e018f000-7f71e0190000 ---p 00000000 00:00 0 
7f71e0190000-7f71e1000000 rw-p 00000000 00:00 0                          [stack:11726]
7f71e1000000-7f71e1270000 rwxp 00000000 00:00 0 
7f71e1270000-7f71e4b22000 rw-p 00000000 00:00 0 
7f71e4b22000-7f71e8000000 ---p 00000000 00:00 0 
7f71e8000000-7f71e8001000 r--s 00006000 08:06 6947093                    /home/t/Projects/error-transformation-vm/tomcat/46298/apache-tomcat-6.0.18/lib/el-api.jar
7f71e8001000-7f71e8008000 r--s 00076000 08:06 6947102                    /home/t/Projects/error-transformation-vm/tomcat/46298/apache-tomcat-6.0.18/lib/jasper.jar
7f71e8008000-7f71e8020000 r--s 00186000 08:05 148937                     /D/aotes-workspace/jpf-core/build/jpf.jar
7f71e8020000-7f71e82af000 rw-p 00000000 00:00 0 
7f71e82af000-7f71e846e000 r--s 039e5000 08:06 4327516                    /home/t/Projects/error-transformation-vm/jdk1.7.0_65/jre/lib/rt.jar
7f71e846e000-7f71e8831000 rw-p 00000000 00:00 0 
7f71e8831000-7f71e8832000 ---p 00000000 00:00 0 
7f71e8832000-7f71e8932000 rw-p 00000000 00:00 0                          [stack:11725]
7f71e8932000-7f71e8933000 ---p 00000000 00:00 0 
7f71e8933000-7f71e8a33000 rw-p 00000000 00:00 0                          [stack:11724]
7f71e8a33000-7f71e8a34000 ---p 00000000 00:00 0 
7f71e8a34000-7f71e8b34000 rw-p 00000000 00:00 0                          [stack:11723]
7f71e8b34000-7f71e8b35000 ---p 00000000 00:00 0 
7f71e8b35000-7f71e8c40000 rw-p 00000000 00:00 0                          [stack:11722]
7f71e8c40000-7f71e8c5e000 rw-p 00000000 00:00 0 
7f71e8c5e000-7f71e8c72000 rw-p 00000000 00:00 0 
7f71e8c72000-7f71e8d9e000 rw-p 00000000 00:00 0 
7f71e8d9e000-7f71e8da9000 rw-p 00000000 00:00 0 
7f71e8da9000-7f71e8dc7000 rw-p 00000000 00:00 0 
7f71e8dc7000-7f71e8ddb000 rw-p 00000000 00:00 0 
7f71e8ddb000-7f71e8f07000 rw-p 00000000 00:00 0 
7f71e8f07000-7f71e8f2f000 rw-p 00000000 00:00 0 
7f71e8f2f000-7f71e8fa7000 rw-p 00000000 00:00 0 
7f71e8fa7000-7f71e8fa8000 rw-p 00000000 00:00 0 
7f71e8fa8000-7f71e8fc2000 r-xp 00000000 08:06 4327400                    /home/t/Projects/error-transformation-vm/jdk1.7.0_65/jre/lib/amd64/libzip.so
7f71e8fc2000-7f71e91c2000 ---p 0001a000 08:06 4327400                    /home/t/Projects/error-transformation-vm/jdk1.7.0_65/jre/lib/amd64/libzip.so
7f71e91c2000-7f71e91c3000 rw-p 0001a000 08:06 4327400                    /home/t/Projects/error-transformation-vm/jdk1.7.0_65/jre/lib/amd64/libzip.so
7f71e91c3000-7f71e91ce000 r-xp 00000000 08:06 11276261                   /lib/x86_64-linux-gnu/libnss_files-2.19.so
7f71e91ce000-7f71e93cd000 ---p 0000b000 08:06 11276261                   /lib/x86_64-linux-gnu/libnss_files-2.19.so
7f71e93cd000-7f71e93ce000 r--p 0000a000 08:06 11276261                   /lib/x86_64-linux-gnu/libnss_files-2.19.so
7f71e93ce000-7f71e93cf000 rw-p 0000b000 08:06 11276261                   /lib/x86_64-linux-gnu/libnss_files-2.19.so
7f71e93cf000-7f71e93da000 r-xp 00000000 08:06 11276258                   /lib/x86_64-linux-gnu/libnss_nis-2.19.so
7f71e93da000-7f71e95d9000 ---p 0000b000 08:06 11276258                   /lib/x86_64-linux-gnu/libnss_nis-2.19.so
7f71e95d9000-7f71e95da000 r--p 0000a000 08:06 11276258                   /lib/x86_64-linux-gnu/libnss_nis-2.19.so
7f71e95da000-7f71e95db000 rw-p 0000b000 08:06 11276258                   /lib/x86_64-linux-gnu/libnss_nis-2.19.so
7f71e95db000-7f71e95f2000 r-xp 00000000 08:06 11276233                   /lib/x86_64-linux-gnu/libnsl-2.19.so
7f71e95f2000-7f71e97f1000 ---p 00017000 08:06 11276233                   /lib/x86_64-linux-gnu/libnsl-2.19.so
7f71e97f1000-7f71e97f2000 r--p 00016000 08:06 11276233                   /lib/x86_64-linux-gnu/libnsl-2.19.so
7f71e97f2000-7f71e97f3000 rw-p 00017000 08:06 11276233                   /lib/x86_64-linux-gnu/libnsl-2.19.so
7f71e97f3000-7f71e97f5000 rw-p 00000000 00:00 0 
7f71e97f5000-7f71e97fe000 r-xp 00000000 08:06 11276199                   /lib/x86_64-linux-gnu/libnss_compat-2.19.so
7f71e97fe000-7f71e99fd000 ---p 00009000 08:06 11276199                   /lib/x86_64-linux-gnu/libnss_compat-2.19.so
7f71e99fd000-7f71e99fe000 r--p 00008000 08:06 11276199                   /lib/x86_64-linux-gnu/libnss_compat-2.19.so
7f71e99fe000-7f71e99ff000 rw-p 00009000 08:06 11276199                   /lib/x86_64-linux-gnu/libnss_compat-2.19.so
7f71e99ff000-7f71e9a28000 r-xp 00000000 08:06 4327383                    /home/t/Projects/error-transformation-vm/jdk1.7.0_65/jre/lib/amd64/libjava.so
7f71e9a28000-7f71e9c28000 ---p 00029000 08:06 4327383                    /home/t/Projects/error-transformation-vm/jdk1.7.0_65/jre/lib/amd64/libjava.so
7f71e9c28000-7f71e9c2a000 rw-p 00029000 08:06 4327383                    /home/t/Projects/error-transformation-vm/jdk1.7.0_65/jre/lib/amd64/libjava.so
7f71e9c2a000-7f71e9c37000 r-xp 00000000 08:06 4327345                    /home/t/Projects/error-transformation-vm/jdk1.7.0_65/jre/lib/amd64/libverify.so
7f71e9c37000-7f71e9e36000 ---p 0000d000 08:06 4327345                    /home/t/Projects/error-transformation-vm/jdk1.7.0_65/jre/lib/amd64/libverify.so
7f71e9e36000-7f71e9e38000 rw-p 0000c000 08:06 4327345                    /home/t/Projects/error-transformation-vm/jdk1.7.0_65/jre/lib/amd64/libverify.so
7f71e9e38000-7f71e9e3f000 r-xp 00000000 08:06 11276122                   /lib/x86_64-linux-gnu/librt-2.19.so
7f71e9e3f000-7f71ea03e000 ---p 00007000 08:06 11276122                   /lib/x86_64-linux-gnu/librt-2.19.so
7f71ea03e000-7f71ea03f000 r--p 00006000 08:06 11276122                   /lib/x86_64-linux-gnu/librt-2.19.so
7f71ea03f000-7f71ea040000 rw-p 00007000 08:06 11276122                   /lib/x86_64-linux-gnu/librt-2.19.so
7f71ea040000-7f71ea145000 r-xp 00000000 08:06 11276232                   /lib/x86_64-linux-gnu/libm-2.19.so
7f71ea145000-7f71ea344000 ---p 00105000 08:06 11276232                   /lib/x86_64-linux-gnu/libm-2.19.so
7f71ea344000-7f71ea345000 r--p 00104000 08:06 11276232                   /lib/x86_64-linux-gnu/libm-2.19.so
7f71ea345000-7f71ea346000 rw-p 00105000 08:06 11276232                   /lib/x86_64-linux-gnu/libm-2.19.so
7f71ea346000-7f71ea501000 r-xp 00000000 08:06 11276119                   /lib/x86_64-linux-gnu/libc-2.19.so
7f71ea501000-7f71ea701000 ---p 001bb000 08:06 11276119                   /lib/x86_64-linux-gnu/libc-2.19.so
7f71ea701000-7f71ea705000 r--p 001bb000 08:06 11276119                   /lib/x86_64-linux-gnu/libc-2.19.so
7f71ea705000-7f71ea707000 rw-p 001bf000 08:06 11276119                   /lib/x86_64-linux-gnu/libc-2.19.so
7f71ea707000-7f71ea70c000 rw-p 00000000 00:00 0 
7f71ea70c000-7f71ea715000 r-xp 00000000 08:06 8008378                    /usr/lib/x86_64-linux-gnu/libhiredis.so.0.10
7f71ea715000-7f71ea914000 ---p 00009000 08:06 8008378                    /usr/lib/x86_64-linux-gnu/libhiredis.so.0.10
7f71ea914000-7f71ea915000 r--p 00008000 08:06 8008378                    /usr/lib/x86_64-linux-gnu/libhiredis.so.0.10
7f71ea915000-7f71ea916000 rw-p 00009000 08:06 8008378                    /usr/lib/x86_64-linux-gnu/libhiredis.so.0.10
7f71ea916000-7f71ea92f000 r-xp 00000000 08:06 11276260                   /lib/x86_64-linux-gnu/libpthread-2.19.so
7f71ea92f000-7f71eab2e000 ---p 00019000 08:06 11276260                   /lib/x86_64-linux-gnu/libpthread-2.19.so
7f71eab2e000-7f71eab2f000 r--p 00018000 08:06 11276260                   /lib/x86_64-linux-gnu/libpthread-2.19.so
7f71eab2f000-7f71eab30000 rw-p 00019000 08:06 11276260                   /lib/x86_64-linux-gnu/libpthread-2.19.so
7f71eab30000-7f71eab34000 rw-p 00000000 00:00 0 
7f71eab34000-7f71eab37000 r-xp 00000000 08:06 11276161                   /lib/x86_64-linux-gnu/libdl-2.19.so
7f71eab37000-7f71ead36000 ---p 00003000 08:06 11276161                   /lib/x86_64-linux-gnu/libdl-2.19.so
7f71ead36000-7f71ead37000 r--p 00002000 08:06 11276161                   /lib/x86_64-linux-gnu/libdl-2.19.so
7f71ead37000-7f71ead38000 rw-p 00003000 08:06 11276161                   /lib/x86_64-linux-gnu/libdl-2.19.so
7f71ead38000-7f71ebea8000 r-xp 00000000 08:06 3280609                    /home/t/Projects/error-transformation-vm/hotspot/build/linux/linux_amd64_compiler2/fastdebug/libjvm.so
7f71ebea8000-7f71ec0a7000 ---p 01170000 08:06 3280609                    /home/t/Projects/error-transformation-vm/hotspot/build/linux/linux_amd64_compiler2/fastdebug/libjvm.so
7f71ec0a7000-7f71ec152000 r--p 0116f000 08:06 3280609                    /home/t/Projects/error-transformation-vm/hotspot/build/linux/linux_amd64_compiler2/fastdebug/libjvm.so
7f71ec152000-7f71ec17e000 rw-p 0121a000 08:06 3280609                    /home/t/Projects/error-transformation-vm/hotspot/build/linux/linux_amd64_compiler2/fastdebug/libjvm.so
7f71ec17e000-7f71ec218000 rw-p 00000000 00:00 0 
7f71ec218000-7f71ec23b000 r-xp 00000000 08:06 11272358                   /lib/x86_64-linux-gnu/ld-2.19.so
7f71ec23b000-7f71ec23d000 r--s 00017000 08:06 6947101                    /home/t/Projects/error-transformation-vm/tomcat/46298/apache-tomcat-6.0.18/lib/jasper-el.jar
7f71ec23d000-7f71ec240000 r--s 0000f000 08:06 6947090                    /home/t/Projects/error-transformation-vm/tomcat/46298/apache-tomcat-6.0.18/lib/jsp-api.jar
7f71ec240000-7f71ec244000 r--s 0002d000 08:06 6947089                    /home/t/Projects/error-transformation-vm/tomcat/46298/apache-tomcat-6.0.18/lib/tomcat-dbcp.jar
7f71ec244000-7f71ec252000 r--s 00106000 08:06 6947098                    /home/t/Projects/error-transformation-vm/tomcat/46298/apache-tomcat-6.0.18/lib/catalina.jar
7f71ec252000-7f71ec25c000 rw-p 00000000 00:00 0 
7f71ec25c000-7f71ec312000 rw-p 00000000 00:00 0 
7f71ec312000-7f71ec315000 ---p 00000000 00:00 0 
7f71ec315000-7f71ec418000 rw-p 00000000 00:00 0                          [stack:11721]
7f71ec418000-7f71ec419000 r--s 0000b000 08:06 6947086                    /home/t/Projects/error-transformation-vm/tomcat/46298/apache-tomcat-6.0.18/lib/catalina-ant.jar
7f71ec419000-7f71ec41b000 r--s 00013000 08:06 6947088                    /home/t/Projects/error-transformation-vm/tomcat/46298/apache-tomcat-6.0.18/lib/servlet-api.jar
7f71ec41b000-7f71ec423000 r--s 000d8000 08:06 6947094                    /home/t/Projects/error-transformation-vm/tomcat/46298/apache-tomcat-6.0.18/lib/mysql-connector-java-5.1.28.jar
7f71ec423000-7f71ec424000 r--s 00002000 08:06 6947091                    /home/t/Projects/error-transformation-vm/tomcat/46298/apache-tomcat-6.0.18/lib/annotations-api.jar
7f71ec424000-7f71ec425000 r--s 00004000 08:06 6947066                    /home/t/Projects/error-transformation-vm/tomcat/46298/apache-tomcat-6.0.18/bin/tomcat-juli.jar
7f71ec425000-7f71ec427000 r--s 00001000 08:06 6947070                    /home/t/Projects/error-transformation-vm/tomcat/46298/apache-tomcat-6.0.18/bin/commons-daemon.jar
7f71ec427000-7f71ec429000 r--s 00003000 08:06 6947071                    /home/t/Projects/error-transformation-vm/tomcat/46298/apache-tomcat-6.0.18/bin/bootstrap.jar
7f71ec429000-7f71ec42c000 r--s 00029000 08:06 3545284                    /home/t/Projects/ares-jpf/ares-jpf.jar
7f71ec42c000-7f71ec434000 rw-s 00000000 08:06 3015071                    /tmp/hsperfdata_t/11708
7f71ec434000-7f71ec436000 rw-p 00000000 00:00 0 
7f71ec436000-7f71ec437000 r--p 00000000 00:00 0 
7f71ec437000-7f71ec43a000 rw-p 00000000 00:00 0 
7f71ec43a000-7f71ec43b000 r--p 00022000 08:06 11272358                   /lib/x86_64-linux-gnu/ld-2.19.so
7f71ec43b000-7f71ec43c000 rw-p 00023000 08:06 11272358                   /lib/x86_64-linux-gnu/ld-2.19.so
7f71ec43c000-7f71ec43d000 rw-p 00000000 00:00 0 
7fffcdbff000-7fffcdc21000 rw-p 00000000 00:00 0                          [stack]
7fffcddbe000-7fffcddc0000 r-xp 00000000 00:00 0                          [vdso]
ffffffffff600000-ffffffffff601000 r-xp 00000000 00:00 0                  [vsyscall]

VM Arguments:
jvm_args: -XX:-UseErrorTransformation -XX:-UseEarlyReturn -XX:+UseJPF -XX:TraceRuntimeRecovery=2056 -Xbootclasspath/a:/home/t/Projects/ares-jpf/ares-jpf.jar:/D/aotes-workspace/jpf-core/build/jpf.jar -Djava.util.logging.manager=org.apache.juli.ClassLoaderLogManager -Djava.util.logging.config.file=/home/t/Projects/error-transformation-vm/tomcat/46298/apache-tomcat-6.0.18/conf/logging.properties -Djava.endorsed.dirs=/home/t/Projects/error-transformation-vm/tomcat/46298/apache-tomcat-6.0.18/endorsed -Dcatalina.base=/home/t/Projects/error-transformation-vm/tomcat/46298/apache-tomcat-6.0.18 -Dcatalina.home=/home/t/Projects/error-transformation-vm/tomcat/46298/apache-tomcat-6.0.18 -Djava.io.tmpdir=/home/t/Projects/error-transformation-vm/tomcat/46298/apache-tomcat-6.0.18/temp 
java_command: org.apache.catalina.startup.Bootstrap start
Launcher Type: gamma

Environment Variables:
JAVA_HOME=/home/t/Projects/error-transformation-vm/jdk1.7.0_65
PATH=/usr/local/sbin:/usr/local/bin:/usr/sbin:/usr/bin:/sbin:/bin:/usr/games:/usr/local/games
LD_LIBRARY_PATH=/home/t/Projects/error-transformation-vm/hotspot/build/linux/linux_amd64_compiler2/fastdebug:/home/t/Projects/error-transformation-vm/jdk1.7.0_65/jre/lib/amd64
LD_PRELOAD=
SHELL=/bin/bash
DISPLAY=:0

Signal Handlers:
SIGSEGV: [libjvm.so+0xe26440], sa_mask[0]=0x7ffbfeff, sa_flags=0x10000004
SIGBUS: [libjvm.so+0xe26440], sa_mask[0]=0x7ffbfeff, sa_flags=0x10000004
SIGFPE: [libjvm.so+0xbb1fb0], sa_mask[0]=0x7ffbfeff, sa_flags=0x10000004
SIGPIPE: [libjvm.so+0xbb1fb0], sa_mask[0]=0x7ffbfeff, sa_flags=0x10000004
SIGXFSZ: [libjvm.so+0xbb1fb0], sa_mask[0]=0x7ffbfeff, sa_flags=0x10000004
SIGILL: [libjvm.so+0xbb1fb0], sa_mask[0]=0x7ffbfeff, sa_flags=0x10000004
SIGUSR1: SIG_DFL, sa_mask[0]=0x00000000, sa_flags=0x00000000
SIGUSR2: [libjvm.so+0xbb22a0], sa_mask[0]=0x00000000, sa_flags=0x10000004
SIGHUP: [libjvm.so+0xbb21b0], sa_mask[0]=0x7ffbfeff, sa_flags=0x10000004
SIGINT: [libjvm.so+0xbb21b0], sa_mask[0]=0x7ffbfeff, sa_flags=0x10000004
SIGTERM: [libjvm.so+0xbb21b0], sa_mask[0]=0x7ffbfeff, sa_flags=0x10000004
SIGQUIT: [libjvm.so+0xbb21b0], sa_mask[0]=0x7ffbfeff, sa_flags=0x10000004


---------------  S Y S T E M  ---------------

OS:jessie/sid

uname:Linux 3.13.0-37-generic #64-Ubuntu SMP Mon Sep 22 21:28:38 UTC 2014 x86_64
libc:glibc 2.19 NPTL 2.19 
rlimit: STACK 8192k, CORE 0k, NPROC 30489, NOFILE 4096, AS infinity
load average:1.09 0.77 0.51

/proc/meminfo:
MemTotal:        3931964 kB
MemFree:          151908 kB
Buffers:          517856 kB
Cached:          1265592 kB
SwapCached:            0 kB
Active:          2358140 kB
Inactive:        1046872 kB
Active(anon):    1623540 kB
Inactive(anon):    74488 kB
Active(file):     734600 kB
Inactive(file):   972384 kB
Unevictable:          64 kB
Mlocked:              64 kB
SwapTotal:             0 kB
SwapFree:              0 kB
Dirty:                 0 kB
Writeback:             0 kB
AnonPages:       1622012 kB
Mapped:           367112 kB
Shmem:             76124 kB
Slab:             227536 kB
SReclaimable:     159700 kB
SUnreclaim:        67836 kB
KernelStack:        4856 kB
PageTables:        42812 kB
NFS_Unstable:          0 kB
Bounce:                0 kB
WritebackTmp:          0 kB
CommitLimit:     1965980 kB
Committed_AS:    5729848 kB
VmallocTotal:   34359738367 kB
VmallocUsed:      388580 kB
VmallocChunk:   34359345148 kB
HardwareCorrupted:     0 kB
AnonHugePages:    598016 kB
HugePages_Total:       0
HugePages_Free:        0
HugePages_Rsvd:        0
HugePages_Surp:        0
Hugepagesize:       2048 kB
DirectMap4k:      169600 kB
DirectMap2M:     3909632 kB


CPU:total 4 (2 cores per cpu, 2 threads per core) family 6 model 42 stepping 7, cmov, cx8, fxsr, mmx, sse, sse2, sse3, ssse3, sse4.1, sse4.2, popcnt, avx, aes, ht, tsc, tscinvbit

/proc/cpuinfo:
processor	: 0
vendor_id	: GenuineIntel
cpu family	: 6
model		: 42
model name	: Intel(R) Core(TM) i5-2520M CPU @ 2.50GHz
stepping	: 7
microcode	: 0x14
cpu MHz		: 2000.000
cache size	: 3072 KB
physical id	: 0
siblings	: 4
core id		: 0
cpu cores	: 2
apicid		: 0
initial apicid	: 0
fpu		: yes
fpu_exception	: yes
cpuid level	: 13
wp		: yes
flags		: fpu vme de pse tsc msr pae mce cx8 apic sep mtrr pge mca cmov pat pse36 clflush dts acpi mmx fxsr sse sse2 ss ht tm pbe syscall nx rdtscp lm constant_tsc arch_perfmon pebs bts nopl xtopology nonstop_tsc aperfmperf eagerfpu pni pclmulqdq dtes64 monitor ds_cpl vmx smx est tm2 ssse3 cx16 xtpr pdcm pcid sse4_1 sse4_2 x2apic popcnt tsc_deadline_timer aes xsave avx lahf_lm ida arat epb xsaveopt pln pts dtherm tpr_shadow vnmi flexpriority ept vpid
bogomips	: 4984.17
clflush size	: 64
cache_alignment	: 64
address sizes	: 36 bits physical, 48 bits virtual
power management:

processor	: 1
vendor_id	: GenuineIntel
cpu family	: 6
model		: 42
model name	: Intel(R) Core(TM) i5-2520M CPU @ 2.50GHz
stepping	: 7
microcode	: 0x14
cpu MHz		: 800.000
cache size	: 3072 KB
physical id	: 0
siblings	: 4
core id		: 0
cpu cores	: 2
apicid		: 1
initial apicid	: 1
fpu		: yes
fpu_exception	: yes
cpuid level	: 13
wp		: yes
flags		: fpu vme de pse tsc msr pae mce cx8 apic sep mtrr pge mca cmov pat pse36 clflush dts acpi mmx fxsr sse sse2 ss ht tm pbe syscall nx rdtscp lm constant_tsc arch_perfmon pebs bts nopl xtopology nonstop_tsc aperfmperf eagerfpu pni pclmulqdq dtes64 monitor ds_cpl vmx smx est tm2 ssse3 cx16 xtpr pdcm pcid sse4_1 sse4_2 x2apic popcnt tsc_deadline_timer aes xsave avx lahf_lm ida arat epb xsaveopt pln pts dtherm tpr_shadow vnmi flexpriority ept vpid
bogomips	: 4984.17
clflush size	: 64
cache_alignment	: 64
address sizes	: 36 bits physical, 48 bits virtual
power management:

processor	: 2
vendor_id	: GenuineIntel
cpu family	: 6
model		: 42
model name	: Intel(R) Core(TM) i5-2520M CPU @ 2.50GHz
stepping	: 7
microcode	: 0x14
cpu MHz		: 2501.000
cache size	: 3072 KB
physical id	: 0
siblings	: 4
core id		: 1
cpu cores	: 2
apicid		: 2
initial apicid	: 2
fpu		: yes
fpu_exception	: yes
cpuid level	: 13
wp		: yes
flags		: fpu vme de pse tsc msr pae mce cx8 apic sep mtrr pge mca cmov pat pse36 clflush dts acpi mmx fxsr sse sse2 ss ht tm pbe syscall nx rdtscp lm constant_tsc arch_perfmon pebs bts nopl xtopology nonstop_tsc aperfmperf eagerfpu pni pclmulqdq dtes64 monitor ds_cpl vmx smx est tm2 ssse3 cx16 xtpr pdcm pcid sse4_1 sse4_2 x2apic popcnt tsc_deadline_timer aes xsave avx lahf_lm ida arat epb xsaveopt pln pts dtherm tpr_shadow vnmi flexpriority ept vpid
bogomips	: 4984.17
clflush size	: 64
cache_alignment	: 64
address sizes	: 36 bits physical, 48 bits virtual
power management:

processor	: 3
vendor_id	: GenuineIntel
cpu family	: 6
model		: 42
model name	: Intel(R) Core(TM) i5-2520M CPU @ 2.50GHz
stepping	: 7
microcode	: 0x14
cpu MHz		: 800.000
cache size	: 3072 KB
physical id	: 0
siblings	: 4
core id		: 1
cpu cores	: 2
apicid		: 3
initial apicid	: 3
fpu		: yes
fpu_exception	: yes
cpuid level	: 13
wp		: yes
flags		: fpu vme de pse tsc msr pae mce cx8 apic sep mtrr pge mca cmov pat pse36 clflush dts acpi mmx fxsr sse sse2 ss ht tm pbe syscall nx rdtscp lm constant_tsc arch_perfmon pebs bts nopl xtopology nonstop_tsc aperfmperf eagerfpu pni pclmulqdq dtes64 monitor ds_cpl vmx smx est tm2 ssse3 cx16 xtpr pdcm pcid sse4_1 sse4_2 x2apic popcnt tsc_deadline_timer aes xsave avx lahf_lm ida arat epb xsaveopt pln pts dtherm tpr_shadow vnmi flexpriority ept vpid
bogomips	: 4984.17
clflush size	: 64
cache_alignment	: 64
address sizes	: 36 bits physical, 48 bits virtual
power management:



Memory: 4k page, physical 3931964k(151908k free), swap 0k(0k free)

vm_info: OpenJDK 64-Bit Server VM (24.60-b08-internal-fastdebug) for linux-amd64 JRE (1.7.0), built on Jun 24 2015 02:13:26 by "t" with gcc 4.8.2

time: Fri Jun 26 01:27:04 2015
elapsed time: 13 seconds

